
=========== MACOJO CONFIGURATION ===========
Threshold: 5e-8
Colinearity threshold: 0.9
R2 incremental threshold: -1
R2 incremental threshold backwards: -1
SNP position window (+/-): 10Mb
SNP frequency threshold: 0.01
SNP frequency mode: OR
Use GCTA-COJO model selection criteria
===========================================

6514392 SNPs in file [/well/visscher-wray/shared/UKBiobank_info_from_UQ/QCed_GWAS_trans-ancestry/HDL_EUR_MAF01_QCed_withoutUKB.commonSNP.sumstat]
189609 SNPs in file [/well/visscher-wray/shared/UKBiobank_info_from_UQ/UKB_LD_ref_by_CHR/For_real_data_analysis/UKB_69K_EUR_LD/UKB_69K_EUR_LD_chr18.bim]
69010 individuals in FAM file [/well/visscher-wray/shared/UKBiobank_info_from_UQ/UKB_LD_ref_by_CHR/For_real_data_analysis/UKB_69K_EUR_LD/UKB_69K_EUR_LD_chr18.fam]
189389 common SNPs after including Cohort 1
Time taken: 5.141547 seconds

6514392 SNPs in file [/well/visscher-wray/shared/UKBiobank_info_from_UQ/QCed_GWAS_trans-ancestry/HDL_AFR_MAF01_QCed_withoutUKB.commonSNP.sumstat]
189609 SNPs in file [/well/visscher-wray/shared/UKBiobank_info_from_UQ/UKB_LD_ref_by_CHR/For_real_data_analysis/UKB_6.9K_AFR_LD/UKB_6.9K_AFR_LD_chr18.bim]
6901 individuals in FAM file [/well/visscher-wray/shared/UKBiobank_info_from_UQ/UKB_LD_ref_by_CHR/For_real_data_analysis/UKB_6.9K_AFR_LD/UKB_6.9K_AFR_LD_chr18.fam]
189389 common SNPs after including Cohort 2
Time taken: 5.102954 seconds

Setting reference based on BIM file of Cohort 1 ...
Reading Cohort 1 GWAS summary-level statistics from [/well/visscher-wray/shared/UKBiobank_info_from_UQ/QCed_GWAS_trans-ancestry/HDL_EUR_MAF01_QCed_withoutUKB.commonSNP.sumstat] ...
Reading Cohort 2 GWAS summary-level statistics from [/well/visscher-wray/shared/UKBiobank_info_from_UQ/QCed_GWAS_trans-ancestry/HDL_AFR_MAF01_QCed_withoutUKB.commonSNP.sumstat] ...
189389 common SNPs after removing rare SNPs
Time taken: 20.184177 seconds

Reading PLINK BIM file from [/well/visscher-wray/shared/UKBiobank_info_from_UQ/UKB_LD_ref_by_CHR/For_real_data_analysis/UKB_69K_EUR_LD/UKB_69K_EUR_LD_chr18.bim]...
Reading PLINK BED file from [/well/visscher-wray/shared/UKBiobank_info_from_UQ/UKB_LD_ref_by_CHR/For_real_data_analysis/UKB_69K_EUR_LD/UKB_69K_EUR_LD_chr18.bed] in SNP-major format ...
Finished reading PLINK file
  1 SNPs removed due to allele frequency too different between sumstat and bedfile
Time taken: 69.393665 seconds

Reading PLINK BIM file from [/well/visscher-wray/shared/UKBiobank_info_from_UQ/UKB_LD_ref_by_CHR/For_real_data_analysis/UKB_6.9K_AFR_LD/UKB_6.9K_AFR_LD_chr18.bim]...
Reading PLINK BED file from [/well/visscher-wray/shared/UKBiobank_info_from_UQ/UKB_LD_ref_by_CHR/For_real_data_analysis/UKB_6.9K_AFR_LD/UKB_6.9K_AFR_LD_chr18.bed] in SNP-major format ...
Finished reading PLINK file
  35 SNPs removed due to allele frequency too different between sumstat and bedfile
Time taken: 8.004779 seconds

189353 common SNPs at last for iterative selection
Vp Cohort 1: 1.14373754302
Vp Cohort 2: 1.08085296771
--------------------------------

Calculation started!
0 189353 0
No candidate SNPs, using the most significant SNP as the first candidate
rs1943977 First SNP
p-value: 1.054873638304e-287
--------------------------------
1 189352 0
rs7235080 Screened SNP with the most significant conditional pC
Conditional min pC: 1.605156338705e-120
Joint b, se, max pJ: 0.093493421640 0.004006978699 1.033933196046e-120
rs7235080 New candidate SNP accepted
iter 1 finished
--------------------------------
2 189351 0
rs11660468 Screened SNP with the most significant conditional pC
Conditional min pC: 9.343312848426e-59
Joint b, se, max pJ: 0.026952748947 0.001625960725 5.152365131221e-62
rs11660468 New candidate SNP accepted
iter 2 finished
--------------------------------
3 189350 0
rs9953437 Screened SNP with the most significant conditional pC
Conditional min pC: 3.237847485038e-64
Joint b, se, max pJ: 0.053723290158 0.003160772839 4.330110152160e-65
rs9953437 New candidate SNP accepted
iter 3 finished
--------------------------------
4 189349 0
rs8096042 Screened SNP with the most significant conditional pC
Conditional min pC: 3.185699534326e-40
Joint b, se, max pJ: -0.028724720810 0.002149800281 5.069689448891e-41
rs8096042 New candidate SNP accepted
iter 4 finished
--------------------------------
5 189348 0
rs6567160 Screened SNP with the most significant conditional pC
Conditional min pC: 8.588672863965e-24
Joint b, se, max pJ: -0.018098135617 0.001811962431 8.588672863965e-24
rs6567160 New candidate SNP accepted
iter 5 finished
--------------------------------
6 189347 0
rs35641646 Screened SNP with the most significant conditional pC
Conditional min pC: 1.702826293392e-23
Joint b, se, max pJ: -0.018098135617 0.001811962431 8.588672863965e-24
rs35641646 New candidate SNP accepted
iter 6 finished
--------------------------------
7 189346 0
rs28778033 Screened SNP with the most significant conditional pC
Conditional min pC: 3.794423251349e-26
Joint b, se, max pJ: -0.018098135617 0.001811962431 8.588672863965e-24
rs28778033 New candidate SNP accepted
iter 7 finished
--------------------------------
8 189345 0
rs2000813 Screened SNP with the most significant conditional pC
Conditional min pC: 3.593932854776e-19
Joint b, se, max pJ: -0.016792431912 0.002280615933 8.983534567060e-14
rs2000813 New candidate SNP accepted
iter 8 finished
--------------------------------
9 189344 0
rs2960578 Screened SNP with the most significant conditional pC
Conditional min pC: 5.531878831091e-19
Joint b, se, max pJ: -0.016792431912 0.002280615933 8.983534567060e-14
rs2960578 New candidate SNP accepted
iter 9 finished
--------------------------------
10 189343 0
rs3744841 Screened SNP with the most significant conditional pC
Conditional min pC: 1.029148374273e-16
Joint b, se, max pJ: -0.000997402628 0.002698187136 3.558191939565e-01
rs3744841 New candidate SNP added, start backward selection
rs8096042 Candidate SNP removed
Joint b, se, max pJ: 0.013456456370 0.001525017908 5.531878831091e-19
Backward selection successful!
iter 10 finished
--------------------------------
10 189342 1
rs2052607 Screened SNP with the most significant conditional pC
Conditional min pC: 8.327608842963e-16
Joint b, se, max pJ: 0.012690585474 0.001593079966 8.190052640041e-16
rs2052607 New candidate SNP accepted
iter 11 finished
--------------------------------
11 189341 1
rs12454712 Screened SNP with the most significant conditional pC
Conditional min pC: 2.298400776121e-15
Joint b, se, max pJ: 0.013048655409 0.001664901546 2.298139626547e-15
rs12454712 New candidate SNP accepted
iter 12 finished
--------------------------------
12 189340 1
rs55736243 Screened SNP with the most significant conditional pC
Conditional min pC: 9.788013126427e-15
Joint b, se, max pJ: 0.013048655409 0.001664901546 2.298139626547e-15
rs55736243 New candidate SNP accepted
iter 13 finished
--------------------------------
13 189339 1
rs75241338 Screened SNP with the most significant conditional pC
Conditional min pC: 5.823589832964e-12
Joint b, se, max pJ: 0.036169098865 0.005320194471 5.287378043411e-12
rs75241338 New candidate SNP accepted
iter 14 finished
--------------------------------
14 189338 1
rs6506032 Screened SNP with the most significant conditional pC
Conditional min pC: 1.067765237327e-11
Joint b, se, max pJ: 0.017472232409 0.002609180913 1.067765237327e-11
rs6506032 New candidate SNP accepted
iter 15 finished
--------------------------------
15 189337 1
rs61767156 Screened SNP with the most significant conditional pC
Conditional min pC: 1.265877845944e-10
Joint b, se, max pJ: 0.017472232409 0.002609180913 1.067765237327e-11
rs61767156 New candidate SNP accepted
iter 16 finished
--------------------------------
16 189336 1
rs73441484 Screened SNP with the most significant conditional pC
Conditional min pC: 1.380179042191e-09
Joint b, se, max pJ: 0.020410362515 0.003430527736 1.343766247367e-09
rs73441484 New candidate SNP accepted
iter 17 finished
--------------------------------
17 189335 1
rs635703 Screened SNP with the most significant conditional pC
Conditional min pC: 1.728984079032e-09
Joint b, se, max pJ: 0.010095754770 0.001708759518 1.728950392844e-09
rs635703 New candidate SNP accepted
iter 18 finished
--------------------------------
18 189334 1
rs12956499 Screened SNP with the most significant conditional pC
Conditional min pC: 2.606676517590e-09
Joint b, se, max pJ: -0.020789172183 0.003557103684 2.541834651049e-09
rs12956499 New candidate SNP accepted
iter 19 finished
--------------------------------
19 189333 1
rs77770767 Screened SNP with the most significant conditional pC
Conditional min pC: 5.701720732607e-09
Joint b, se, max pJ: -0.010650811898 0.001843071529 3.760914048171e-09
rs77770767 New candidate SNP accepted
iter 20 finished
--------------------------------
20 189332 1
rs111364332 Screened SNP with the most significant conditional pC
Conditional min pC: 5.845149757686e-09
Joint b, se, max pJ: -0.010650811898 0.001843071529 3.760914048171e-09
rs111364332 New candidate SNP accepted
iter 21 finished
--------------------------------
21 189331 1
rs9956721 Screened SNP with the most significant conditional pC
Conditional min pC: 2.086348449493e-08
Joint b, se, max pJ: 0.008630219310 0.001573556375 2.072834519127e-08
rs9956721 New candidate SNP accepted
iter 22 finished
--------------------------------
22 189330 1
rs11664106 Screened SNP with the most significant conditional pC
Conditional min pC: 2.216935413478e-08
Joint b, se, max pJ: 0.010086399237 0.001842955224 2.213042453219e-08
rs11664106 New candidate SNP accepted
iter 23 finished
--------------------------------
23 189329 1
rs768048 Screened SNP with the most significant conditional pC
Conditional min pC: 2.834969415842e-08
Joint b, se, max pJ: -0.011437042997 0.002105226160 2.775525859390e-08
rs768048 New candidate SNP accepted
iter 24 finished
--------------------------------
24 189328 1
rs11664449 Screened SNP with the most significant conditional pC
Conditional min pC: 3.259956984838e-08
Joint b, se, max pJ: -0.008249012779 0.001526232318 3.243653754769e-08
rs11664449 New candidate SNP accepted
iter 25 finished
--------------------------------
25 189327 1
rs335519 Screened SNP with the most significant conditional pC
Conditional min pC: 4.287930795236e-08
Joint b, se, max pJ: 0.008297390664 0.001549465919 4.277810660966e-08
rs335519 New candidate SNP accepted
iter 26 finished
--------------------------------
26 189326 1
rs1873191 Screened SNP with the most significant conditional pC
Conditional min pC: 4.693378413640e-08
Joint b, se, max pJ: 0.008297390664 0.001549465919 4.277810660966e-08
rs1873191 New candidate SNP accepted
iter 27 finished
--------------------------------
27 189325 1
Warning: Calculation finished, NoNewSNP-aboveSigThreshold
rs11874246 2.944210178927e-07
iter 28 finished
--------------------------------
Results saved into [/users/visscher-wray/agg287/R_to_Cplusplus/results_1015_macojo_gcta/HDL/chr18.jma.cojo]

MDISA for Cohort 1
27 189326 0
rs61267283 Screened SNP with the most significant conditional pC
Conditional min pC: 7.332049296727e-11
Joint b, se, max pJ: -0.007958030683 0.001610263694 3.864936686425e-07
rs61267283 skipped, fixed candidate SNP exceeds p-value threshold
rs10164239 Screened SNP with the most significant conditional pC
Conditional min pC: 3.389417931697e-09
Joint b, se, max pJ: -0.007958030683 0.001610263694 3.864936686425e-07
rs10164239 skipped, fixed candidate SNP exceeds p-value threshold
rs10163819 Screened SNP with the most significant conditional pC
Conditional min pC: 9.286597169211e-09
Joint b, se, max pJ: -0.007958030683 0.001610263694 3.864936686425e-07
rs10163819 skipped, fixed candidate SNP exceeds p-value threshold
rs11876574 Screened SNP with the most significant conditional pC
Conditional min pC: 1.685208925722e-08
Joint b, se, max pJ: -0.007958030683 0.001610263694 3.864936686425e-07
rs11876574 skipped, fixed candidate SNP exceeds p-value threshold
rs7233512 Screened SNP with the most significant conditional pC
Conditional min pC: 1.721375614915e-08
Joint b, se, max pJ: -0.007958030683 0.001610263694 3.864936686425e-07
rs7233512 skipped, fixed candidate SNP exceeds p-value threshold
rs12971067 Screened SNP with the most significant conditional pC
Conditional min pC: 2.582570327715e-08
Joint b, se, max pJ: -0.007958030683 0.001610263694 3.864936686425e-07
rs12971067 skipped, fixed candidate SNP exceeds p-value threshold
rs4890501 Screened SNP with the most significant conditional pC
Conditional min pC: 3.072914538579e-08
Joint b, se, max pJ: -0.007958030683 0.001610263694 3.864936686425e-07
rs4890501 skipped, fixed candidate SNP exceeds p-value threshold
rs12962548 Screened SNP with the most significant conditional pC
Conditional min pC: 3.102346514739e-08
Joint b, se, max pJ: -0.007958030683 0.001610263694 3.864936686425e-07
rs12962548 skipped, fixed candidate SNP exceeds p-value threshold
rs11874040 Screened SNP with the most significant conditional pC
Conditional min pC: 3.231046133228e-08
Joint b, se, max pJ: -0.007958030683 0.001610263694 3.864936686425e-07
rs11874040 skipped, fixed candidate SNP exceeds p-value threshold
rs113949525 Screened SNP with the most significant conditional pC
Conditional min pC: 3.305267824436e-08
Joint b, se, max pJ: -0.007958030683 0.001610263694 3.864936686425e-07
rs113949525 skipped, fixed candidate SNP exceeds p-value threshold
rs12967290 Screened SNP with the most significant conditional pC
Conditional min pC: 3.352443916592e-08
Joint b, se, max pJ: -0.007958030683 0.001610263694 3.864936686425e-07
rs12967290 skipped, fixed candidate SNP exceeds p-value threshold
rs11874246 Screened SNP with the most significant conditional pC
Conditional min pC: 3.389110496847e-08
Joint b, se, max pJ: -0.007958030683 0.001610263694 3.864936686425e-07
rs11874246 skipped, fixed candidate SNP exceeds p-value threshold
rs954018 Screened SNP with the most significant conditional pC
Conditional min pC: 3.433213629423e-08
Joint b, se, max pJ: -0.007958030683 0.001610263694 3.864936686425e-07
rs954018 skipped, fixed candidate SNP exceeds p-value threshold
rs4890500 Screened SNP with the most significant conditional pC
Conditional min pC: 3.896243609155e-08
Joint b, se, max pJ: -0.007958030683 0.001610263694 3.864936686425e-07
rs4890500 skipped, fixed candidate SNP exceeds p-value threshold
rs12457805 Screened SNP with the most significant conditional pC
Conditional min pC: 4.057586779212e-08
Joint b, se, max pJ: -0.007958030683 0.001610263694 3.864936686425e-07
rs12457805 skipped, fixed candidate SNP exceeds p-value threshold
Warning: Calculation finished, NoNewSNP-aboveSigThreshold
rs9967367 9.984205462157e-08
iter 0 finished
--------------------------------
Results saved into [/users/visscher-wray/agg287/R_to_Cplusplus/results_1015_macojo_gcta/HDL/chr18.MDISA.cohort1.jma.cojo]

MDISA for Cohort 2
27 189326 0
rs9955201 Screened SNP with the most significant conditional pC
Conditional min pC: 4.271404398465e-08
Joint b, se, max pJ: 0.000311159461 0.006975939268 4.822112105531e-01
rs9955201 skipped, fixed candidate SNP exceeds p-value threshold
Warning: Calculation finished, NoNewSNP-aboveSigThreshold
rs12967345 2.709192538060e-06
iter 0 finished
--------------------------------
Results saved into [/users/visscher-wray/agg287/R_to_Cplusplus/results_1015_macojo_gcta/HDL/chr18.MDISA.cohort2.jma.cojo]

All calculations finished!
Total running time: 152.49 seconds

=========== MACOJO CONFIGURATION ===========
Threshold: 5e-8
Colinearity threshold: 0.9
R2 incremental threshold: -1
R2 incremental threshold backwards: -1
SNP position window (+/-): 10Mb
SNP frequency threshold: 0.01
SNP frequency mode: OR
Use GCTA-COJO model selection criteria
===========================================

6511658 SNPs in file [/well/visscher-wray/shared/UKBiobank_info_from_UQ/QCed_GWAS_trans-ancestry/LDL_EUR_MAF01_QCed_withoutUKB.commonSNP.sumstat]
189609 SNPs in file [/well/visscher-wray/shared/UKBiobank_info_from_UQ/UKB_LD_ref_by_CHR/For_real_data_analysis/UKB_69K_EUR_LD/UKB_69K_EUR_LD_chr18.bim]
69010 individuals in FAM file [/well/visscher-wray/shared/UKBiobank_info_from_UQ/UKB_LD_ref_by_CHR/For_real_data_analysis/UKB_69K_EUR_LD/UKB_69K_EUR_LD_chr18.fam]
189283 common SNPs after including Cohort 1
Time taken: 5.206236 seconds

6511658 SNPs in file [/well/visscher-wray/shared/UKBiobank_info_from_UQ/QCed_GWAS_trans-ancestry/LDL_AFR_MAF01_QCed_withoutUKB.commonSNP.sumstat]
189609 SNPs in file [/well/visscher-wray/shared/UKBiobank_info_from_UQ/UKB_LD_ref_by_CHR/For_real_data_analysis/UKB_6.9K_AFR_LD/UKB_6.9K_AFR_LD_chr18.bim]
6901 individuals in FAM file [/well/visscher-wray/shared/UKBiobank_info_from_UQ/UKB_LD_ref_by_CHR/For_real_data_analysis/UKB_6.9K_AFR_LD/UKB_6.9K_AFR_LD_chr18.fam]
189283 common SNPs after including Cohort 2
Time taken: 5.367848 seconds

Setting reference based on BIM file of Cohort 1 ...
Reading Cohort 1 GWAS summary-level statistics from [/well/visscher-wray/shared/UKBiobank_info_from_UQ/QCed_GWAS_trans-ancestry/LDL_EUR_MAF01_QCed_withoutUKB.commonSNP.sumstat] ...
Reading Cohort 2 GWAS summary-level statistics from [/well/visscher-wray/shared/UKBiobank_info_from_UQ/QCed_GWAS_trans-ancestry/LDL_AFR_MAF01_QCed_withoutUKB.commonSNP.sumstat] ...
189283 common SNPs after removing rare SNPs
Time taken: 19.940973 seconds

Reading PLINK BIM file from [/well/visscher-wray/shared/UKBiobank_info_from_UQ/UKB_LD_ref_by_CHR/For_real_data_analysis/UKB_69K_EUR_LD/UKB_69K_EUR_LD_chr18.bim]...
Reading PLINK BED file from [/well/visscher-wray/shared/UKBiobank_info_from_UQ/UKB_LD_ref_by_CHR/For_real_data_analysis/UKB_69K_EUR_LD/UKB_69K_EUR_LD_chr18.bed] in SNP-major format ...
Finished reading PLINK file
  2 SNPs removed due to allele frequency too different between sumstat and bedfile
Time taken: 69.161204 seconds

Reading PLINK BIM file from [/well/visscher-wray/shared/UKBiobank_info_from_UQ/UKB_LD_ref_by_CHR/For_real_data_analysis/UKB_6.9K_AFR_LD/UKB_6.9K_AFR_LD_chr18.bim]...
Reading PLINK BED file from [/well/visscher-wray/shared/UKBiobank_info_from_UQ/UKB_LD_ref_by_CHR/For_real_data_analysis/UKB_6.9K_AFR_LD/UKB_6.9K_AFR_LD_chr18.bed] in SNP-major format ...
Finished reading PLINK file
  35 SNPs removed due to allele frequency too different between sumstat and bedfile
Time taken: 7.901103 seconds

189246 common SNPs at last for iterative selection
Vp Cohort 1: 1.14118342679
Vp Cohort 2: 1.08437940481
--------------------------------

Calculation started!
0 189246 0
No candidate SNPs, using the most significant SNP as the first candidate
rs11082772 First SNP
p-value: 2.127094943803e-16
--------------------------------
1 189245 0
rs1105654 Screened SNP with the most significant conditional pC
Conditional min pC: 4.163748865478e-09
Joint b, se, max pJ: -0.009583655570 0.001649156142 3.100438452999e-09
rs1105654 New candidate SNP accepted
iter 1 finished
--------------------------------
2 189244 0
rs62088911 Screened SNP with the most significant conditional pC
Conditional min pC: 6.112867856985e-09
Joint b, se, max pJ: 0.014449966374 0.002536617953 6.112867856985e-09
rs62088911 New candidate SNP accepted
iter 2 finished
--------------------------------
3 189243 0
rs7228835 Screened SNP with the most significant conditional pC
Conditional min pC: 1.930351692026e-08
Joint b, se, max pJ: -0.013928294615 0.002533715389 1.929541851702e-08
rs7228835 New candidate SNP accepted
iter 3 finished
--------------------------------
4 189242 0
Warning: Calculation finished, NoNewSNP-aboveSigThreshold
rs2551405 6.946971475742e-08
iter 4 finished
--------------------------------
Results saved into [/users/visscher-wray/agg287/R_to_Cplusplus/results_1015_macojo_gcta/LDL/chr18.jma.cojo]

MDISA for Cohort 1
4 189242 0
rs12454507 Screened SNP with the most significant conditional pC
Conditional min pC: 1.006627080139e-08
Joint b, se, max pJ: -0.008946427414 0.001750709940 1.609335570265e-07
rs12454507 skipped, fixed candidate SNP exceeds p-value threshold
Warning: Calculation finished, NoNewSNP-aboveSigThreshold
rs319454 1.104048229430e-07
iter 0 finished
--------------------------------
Results saved into [/users/visscher-wray/agg287/R_to_Cplusplus/results_1015_macojo_gcta/LDL/chr18.MDISA.cohort1.jma.cojo]

MDISA for Cohort 2
4 189242 0
Warning: Calculation finished, NoNewSNP-aboveSigThreshold
rs147677414 9.910284463665e-06
iter 0 finished
--------------------------------
Results saved into [/users/visscher-wray/agg287/R_to_Cplusplus/results_1015_macojo_gcta/LDL/chr18.MDISA.cohort2.jma.cojo]

All calculations finished!
Total running time: 115.70 seconds

=========== MACOJO CONFIGURATION ===========
Threshold: 5e-8
Colinearity threshold: 0.9
R2 incremental threshold: -1
R2 incremental threshold backwards: -1
SNP position window (+/-): 10Mb
SNP frequency threshold: 0.01
SNP frequency mode: OR
Use GCTA-COJO model selection criteria
===========================================

6514129 SNPs in file [/well/visscher-wray/shared/UKBiobank_info_from_UQ/QCed_GWAS_trans-ancestry/logTG_EUR_MAF01_QCed_withoutUKB.commonSNP.sumstat]
189609 SNPs in file [/well/visscher-wray/shared/UKBiobank_info_from_UQ/UKB_LD_ref_by_CHR/For_real_data_analysis/UKB_69K_EUR_LD/UKB_69K_EUR_LD_chr18.bim]
69010 individuals in FAM file [/well/visscher-wray/shared/UKBiobank_info_from_UQ/UKB_LD_ref_by_CHR/For_real_data_analysis/UKB_69K_EUR_LD/UKB_69K_EUR_LD_chr18.fam]
189375 common SNPs after including Cohort 1
Time taken: 5.443041 seconds

6514129 SNPs in file [/well/visscher-wray/shared/UKBiobank_info_from_UQ/QCed_GWAS_trans-ancestry/logTG_AFR_MAF01_QCed_withoutUKB.commonSNP.sumstat]
189609 SNPs in file [/well/visscher-wray/shared/UKBiobank_info_from_UQ/UKB_LD_ref_by_CHR/For_real_data_analysis/UKB_6.9K_AFR_LD/UKB_6.9K_AFR_LD_chr18.bim]
6901 individuals in FAM file [/well/visscher-wray/shared/UKBiobank_info_from_UQ/UKB_LD_ref_by_CHR/For_real_data_analysis/UKB_6.9K_AFR_LD/UKB_6.9K_AFR_LD_chr18.fam]
189375 common SNPs after including Cohort 2
Time taken: 5.315324 seconds

Setting reference based on BIM file of Cohort 1 ...
Reading Cohort 1 GWAS summary-level statistics from [/well/visscher-wray/shared/UKBiobank_info_from_UQ/QCed_GWAS_trans-ancestry/logTG_EUR_MAF01_QCed_withoutUKB.commonSNP.sumstat] ...
Reading Cohort 2 GWAS summary-level statistics from [/well/visscher-wray/shared/UKBiobank_info_from_UQ/QCed_GWAS_trans-ancestry/logTG_AFR_MAF01_QCed_withoutUKB.commonSNP.sumstat] ...
189375 common SNPs after removing rare SNPs
Time taken: 19.939619 seconds

Reading PLINK BIM file from [/well/visscher-wray/shared/UKBiobank_info_from_UQ/UKB_LD_ref_by_CHR/For_real_data_analysis/UKB_69K_EUR_LD/UKB_69K_EUR_LD_chr18.bim]...
Reading PLINK BED file from [/well/visscher-wray/shared/UKBiobank_info_from_UQ/UKB_LD_ref_by_CHR/For_real_data_analysis/UKB_69K_EUR_LD/UKB_69K_EUR_LD_chr18.bed] in SNP-major format ...
Finished reading PLINK file
  2 SNPs removed due to allele frequency too different between sumstat and bedfile
Time taken: 69.074703 seconds

Reading PLINK BIM file from [/well/visscher-wray/shared/UKBiobank_info_from_UQ/UKB_LD_ref_by_CHR/For_real_data_analysis/UKB_6.9K_AFR_LD/UKB_6.9K_AFR_LD_chr18.bim]...
Reading PLINK BED file from [/well/visscher-wray/shared/UKBiobank_info_from_UQ/UKB_LD_ref_by_CHR/For_real_data_analysis/UKB_6.9K_AFR_LD/UKB_6.9K_AFR_LD_chr18.bed] in SNP-major format ...
Finished reading PLINK file
  34 SNPs removed due to allele frequency too different between sumstat and bedfile
Time taken: 7.87093 seconds

189339 common SNPs at last for iterative selection
Vp Cohort 1: 1.13087849294
Vp Cohort 2: 1.07955603997
--------------------------------

Calculation started!
0 189339 0
No candidate SNPs, using the most significant SNP as the first candidate
rs12454712 First SNP
p-value: 5.974278986984e-22
--------------------------------
1 189338 0
rs2960578 Screened SNP with the most significant conditional pC
Conditional min pC: 6.605226047001e-20
Joint b, se, max pJ: -0.013948370797 0.001539788858 6.605226047001e-20
rs2960578 New candidate SNP accepted
iter 1 finished
--------------------------------
2 189337 0
rs12954782 Screened SNP with the most significant conditional pC
Conditional min pC: 5.580202330170e-16
Joint b, se, max pJ: 0.014147871753 0.001765528701 5.579409558410e-16
rs12954782 New candidate SNP accepted
iter 2 finished
--------------------------------
3 189336 0
rs4800392 Screened SNP with the most significant conditional pC
Conditional min pC: 7.746680728751e-14
Joint b, se, max pJ: 0.011656421429 0.001578838909 7.743488485828e-14
rs4800392 New candidate SNP accepted
iter 3 finished
--------------------------------
4 189335 0
rs3744811 Screened SNP with the most significant conditional pC
Conditional min pC: 7.638553256201e-12
Joint b, se, max pJ: -0.013330280382 0.001976106480 7.612986654394e-12
rs3744811 New candidate SNP accepted
iter 4 finished
--------------------------------
5 189334 0
rs76227980 Screened SNP with the most significant conditional pC
Conditional min pC: 2.466449953604e-11
Joint b, se, max pJ: -0.032817310955 0.004979018415 2.182595204966e-11
rs76227980 New candidate SNP accepted
iter 5 finished
--------------------------------
6 189333 0
rs55827748 Screened SNP with the most significant conditional pC
Conditional min pC: 4.218000532729e-11
Joint b, se, max pJ: -0.015609642588 0.002393861406 3.499093774166e-11
rs55827748 New candidate SNP accepted
iter 6 finished
--------------------------------
7 189332 0
rs8088001 Screened SNP with the most significant conditional pC
Conditional min pC: 2.904793206527e-10
Joint b, se, max pJ: -0.016343689390 0.002637988495 2.904793206527e-10
rs8088001 New candidate SNP accepted
iter 7 finished
--------------------------------
8 189331 0
rs76505644 Screened SNP with the most significant conditional pC
Conditional min pC: 8.356632061026e-10
Joint b, se, max pJ: 0.011431241335 0.001896702819 8.356632061026e-10
rs76505644 New candidate SNP accepted
iter 8 finished
--------------------------------
9 189330 0
rs12962548 Screened SNP with the most significant conditional pC
Conditional min pC: 8.844538987628e-10
Joint b, se, max pJ: 0.009812472557 0.001630582451 8.841729921888e-10
rs12962548 New candidate SNP accepted
iter 9 finished
--------------------------------
10 189329 0
rs11664106 Screened SNP with the most significant conditional pC
Conditional min pC: 3.156496584209e-09
Joint b, se, max pJ: -0.010696255595 0.001841551429 3.155800034222e-09
rs11664106 New candidate SNP accepted
iter 10 finished
--------------------------------
11 189328 0
Warning: Calculation finished, NoNewSNP-aboveSigThreshold
rs56707267 9.537975652950e-08
iter 11 finished
--------------------------------
Results saved into [/users/visscher-wray/agg287/R_to_Cplusplus/results_1015_macojo_gcta/logTG/chr18.jma.cojo]

MDISA for Cohort 1
11 189328 0
Warning: Calculation finished, NoNewSNP-aboveSigThreshold
rs636173 4.219086486569e-07
iter 0 finished
--------------------------------
Results saved into [/users/visscher-wray/agg287/R_to_Cplusplus/results_1015_macojo_gcta/logTG/chr18.MDISA.cohort1.jma.cojo]

MDISA for Cohort 2
11 189328 0
Warning: Calculation finished, NoNewSNP-aboveSigThreshold
rs515963 9.085735395649e-07
iter 0 finished
--------------------------------
Results saved into [/users/visscher-wray/agg287/R_to_Cplusplus/results_1015_macojo_gcta/logTG/chr18.MDISA.cohort2.jma.cojo]

All calculations finished!
Total running time: 124.74 seconds

=========== MACOJO CONFIGURATION ===========
Threshold: 5e-8
Colinearity threshold: 0.9
R2 incremental threshold: -1
R2 incremental threshold backwards: -1
SNP position window (+/-): 10Mb
SNP frequency threshold: 0.01
SNP frequency mode: OR
Use GCTA-COJO model selection criteria
===========================================

6514274 SNPs in file [/well/visscher-wray/shared/UKBiobank_info_from_UQ/QCed_GWAS_trans-ancestry/TC_EUR_MAF01_QCed_withoutUKB.commonSNP.sumstat]
189609 SNPs in file [/well/visscher-wray/shared/UKBiobank_info_from_UQ/UKB_LD_ref_by_CHR/For_real_data_analysis/UKB_69K_EUR_LD/UKB_69K_EUR_LD_chr18.bim]
69010 individuals in FAM file [/well/visscher-wray/shared/UKBiobank_info_from_UQ/UKB_LD_ref_by_CHR/For_real_data_analysis/UKB_69K_EUR_LD/UKB_69K_EUR_LD_chr18.fam]
189383 common SNPs after including Cohort 1
Time taken: 5.127822 seconds

6514274 SNPs in file [/well/visscher-wray/shared/UKBiobank_info_from_UQ/QCed_GWAS_trans-ancestry/TC_AFR_MAF01_QCed_withoutUKB.commonSNP.sumstat]
189609 SNPs in file [/well/visscher-wray/shared/UKBiobank_info_from_UQ/UKB_LD_ref_by_CHR/For_real_data_analysis/UKB_6.9K_AFR_LD/UKB_6.9K_AFR_LD_chr18.bim]
6901 individuals in FAM file [/well/visscher-wray/shared/UKBiobank_info_from_UQ/UKB_LD_ref_by_CHR/For_real_data_analysis/UKB_6.9K_AFR_LD/UKB_6.9K_AFR_LD_chr18.fam]
189383 common SNPs after including Cohort 2
Time taken: 5.104534 seconds

Setting reference based on BIM file of Cohort 1 ...
Reading Cohort 1 GWAS summary-level statistics from [/well/visscher-wray/shared/UKBiobank_info_from_UQ/QCed_GWAS_trans-ancestry/TC_EUR_MAF01_QCed_withoutUKB.commonSNP.sumstat] ...
Reading Cohort 2 GWAS summary-level statistics from [/well/visscher-wray/shared/UKBiobank_info_from_UQ/QCed_GWAS_trans-ancestry/TC_AFR_MAF01_QCed_withoutUKB.commonSNP.sumstat] ...
189383 common SNPs after removing rare SNPs
Time taken: 19.714238 seconds

Reading PLINK BIM file from [/well/visscher-wray/shared/UKBiobank_info_from_UQ/UKB_LD_ref_by_CHR/For_real_data_analysis/UKB_69K_EUR_LD/UKB_69K_EUR_LD_chr18.bim]...
Reading PLINK BED file from [/well/visscher-wray/shared/UKBiobank_info_from_UQ/UKB_LD_ref_by_CHR/For_real_data_analysis/UKB_69K_EUR_LD/UKB_69K_EUR_LD_chr18.bed] in SNP-major format ...
Finished reading PLINK file
  1 SNPs removed due to allele frequency too different between sumstat and bedfile
Time taken: 69.09705 seconds

Reading PLINK BIM file from [/well/visscher-wray/shared/UKBiobank_info_from_UQ/UKB_LD_ref_by_CHR/For_real_data_analysis/UKB_6.9K_AFR_LD/UKB_6.9K_AFR_LD_chr18.bim]...
Reading PLINK BED file from [/well/visscher-wray/shared/UKBiobank_info_from_UQ/UKB_LD_ref_by_CHR/For_real_data_analysis/UKB_6.9K_AFR_LD/UKB_6.9K_AFR_LD_chr18.bed] in SNP-major format ...
Finished reading PLINK file
  33 SNPs removed due to allele frequency too different between sumstat and bedfile
Time taken: 7.870951 seconds

189349 common SNPs at last for iterative selection
Vp Cohort 1: 1.14781583876
Vp Cohort 2: 1.08076448034
--------------------------------

Calculation started!
0 189349 0
No candidate SNPs, using the most significant SNP as the first candidate
rs2187375 First SNP
p-value: 8.275783893774e-115
--------------------------------
1 189348 0
rs7235080 Screened SNP with the most significant conditional pC
Conditional min pC: 2.399225891856e-49
Joint b, se, max pJ: 0.057831289996 0.003925599613 2.013082792905e-49
rs7235080 New candidate SNP accepted
iter 1 finished
--------------------------------
2 189347 0
rs9958734 Screened SNP with the most significant conditional pC
Conditional min pC: 2.748761871711e-36
Joint b, se, max pJ: 0.041617103870 0.003310377094 1.510571169405e-36
rs9958734 New candidate SNP accepted
iter 2 finished
--------------------------------
3 189346 0
rs11660468 Screened SNP with the most significant conditional pC
Conditional min pC: 1.985232721604e-30
Joint b, se, max pJ: 0.018834506290 0.001599228505 2.556855989325e-32
rs11660468 New candidate SNP accepted
iter 3 finished
--------------------------------
4 189345 0
rs35641646 Screened SNP with the most significant conditional pC
Conditional min pC: 2.051282720995e-20
Joint b, se, max pJ: 0.031377830576 0.003307798774 1.200171354732e-21
rs35641646 New candidate SNP accepted
iter 4 finished
--------------------------------
5 189344 0
rs11543269 Screened SNP with the most significant conditional pC
Conditional min pC: 1.510098115126e-13
Joint b, se, max pJ: 0.016894451822 0.002316212996 1.504455021856e-13
rs11543269 New candidate SNP accepted
iter 5 finished
--------------------------------
6 189343 0
rs8096042 Screened SNP with the most significant conditional pC
Conditional min pC: 3.758441288763e-13
Joint b, se, max pJ: -0.015418551187 0.002117680380 1.658396249979e-13
rs8096042 New candidate SNP accepted
iter 6 finished
--------------------------------
7 189342 0
rs10898 Screened SNP with the most significant conditional pC
Conditional min pC: 5.001133142465e-10
Joint b, se, max pJ: -0.010636286061 0.001740978044 5.001133142465e-10
rs10898 New candidate SNP accepted
iter 7 finished
--------------------------------
8 189341 0
rs1511754 Screened SNP with the most significant conditional pC
Conditional min pC: 5.841628101373e-10
Joint b, se, max pJ: -0.013652861581 0.002243638961 5.819407014043e-10
rs1511754 New candidate SNP accepted
iter 8 finished
--------------------------------
9 189340 0
rs4542755 Screened SNP with the most significant conditional pC
Conditional min pC: 1.052643283694e-09
Joint b, se, max pJ: -0.010636286061 0.001740978044 5.001133142465e-10
rs4542755 New candidate SNP accepted
iter 9 finished
--------------------------------
10 189339 0
rs1784754 Screened SNP with the most significant conditional pC
Conditional min pC: 4.297949522498e-09
Joint b, se, max pJ: 0.008816934990 0.001531684814 4.297253564620e-09
rs1784754 New candidate SNP accepted
iter 10 finished
--------------------------------
11 189338 0
rs2551405 Screened SNP with the most significant conditional pC
Conditional min pC: 9.430529484230e-09
Joint b, se, max pJ: 0.009403656686 0.001672516880 9.412942086724e-09
rs2551405 New candidate SNP accepted
iter 11 finished
--------------------------------
12 189337 0
Warning: Calculation finished, NoNewSNP-aboveSigThreshold
rs9953679 7.252162914356e-08
iter 12 finished
--------------------------------
Results saved into [/users/visscher-wray/agg287/R_to_Cplusplus/results_1015_macojo_gcta/TC/chr18.jma.cojo]

MDISA for Cohort 1
12 189337 0
Warning: Calculation finished, NoNewSNP-aboveSigThreshold
rs9953679 8.135984793944e-08
iter 0 finished
--------------------------------
Results saved into [/users/visscher-wray/agg287/R_to_Cplusplus/results_1015_macojo_gcta/TC/chr18.MDISA.cohort1.jma.cojo]

MDISA for Cohort 2
12 189337 0
Warning: Calculation finished, NoNewSNP-aboveSigThreshold
rs1105654 1.815191783625e-06
iter 0 finished
--------------------------------
Results saved into [/users/visscher-wray/agg287/R_to_Cplusplus/results_1015_macojo_gcta/TC/chr18.MDISA.cohort2.jma.cojo]

All calculations finished!
Total running time: 126.20 seconds

=========== MACOJO CONFIGURATION ===========
Threshold: 5e-8
Colinearity threshold: 0.9
R2 incremental threshold: -1
R2 incremental threshold backwards: -1
SNP position window (+/-): 10Mb
SNP frequency threshold: 0.01
SNP frequency mode: OR
Use GCTA-COJO model selection criteria
===========================================

1112055 SNPs in file [/well/visscher-wray/shared/UKBiobank_info_from_UQ/QCed_GWAS_trans-ancestry/Height_EUR_MAF01_QCed_withoutUKB.commonSNP.sumstat]
189609 SNPs in file [/well/visscher-wray/shared/UKBiobank_info_from_UQ/UKB_LD_ref_by_CHR/For_real_data_analysis/UKB_69K_EUR_LD/UKB_69K_EUR_LD_chr18.bim]
69010 individuals in FAM file [/well/visscher-wray/shared/UKBiobank_info_from_UQ/UKB_LD_ref_by_CHR/For_real_data_analysis/UKB_69K_EUR_LD/UKB_69K_EUR_LD_chr18.fam]
33045 common SNPs after including Cohort 1
Time taken: 1.034326 seconds

1112055 SNPs in file [/well/visscher-wray/shared/UKBiobank_info_from_UQ/QCed_GWAS_trans-ancestry/Height_AFR_MAF01_QCed_withoutUKB.commonSNP.sumstat]
189609 SNPs in file [/well/visscher-wray/shared/UKBiobank_info_from_UQ/UKB_LD_ref_by_CHR/For_real_data_analysis/UKB_6.9K_AFR_LD/UKB_6.9K_AFR_LD_chr18.bim]
6901 individuals in FAM file [/well/visscher-wray/shared/UKBiobank_info_from_UQ/UKB_LD_ref_by_CHR/For_real_data_analysis/UKB_6.9K_AFR_LD/UKB_6.9K_AFR_LD_chr18.fam]
33045 common SNPs after including Cohort 2
Time taken: 0.996257 seconds

Setting reference based on BIM file of Cohort 1 ...
Reading Cohort 1 GWAS summary-level statistics from [/well/visscher-wray/shared/UKBiobank_info_from_UQ/QCed_GWAS_trans-ancestry/Height_EUR_MAF01_QCed_withoutUKB.commonSNP.sumstat] ...
Reading Cohort 2 GWAS summary-level statistics from [/well/visscher-wray/shared/UKBiobank_info_from_UQ/QCed_GWAS_trans-ancestry/Height_AFR_MAF01_QCed_withoutUKB.commonSNP.sumstat] ...
33045 common SNPs after removing rare SNPs
Time taken: 3.528045 seconds

Reading PLINK BIM file from [/well/visscher-wray/shared/UKBiobank_info_from_UQ/UKB_LD_ref_by_CHR/For_real_data_analysis/UKB_69K_EUR_LD/UKB_69K_EUR_LD_chr18.bim]...
Reading PLINK BED file from [/well/visscher-wray/shared/UKBiobank_info_from_UQ/UKB_LD_ref_by_CHR/For_real_data_analysis/UKB_69K_EUR_LD/UKB_69K_EUR_LD_chr18.bed] in SNP-major format ...
Finished reading PLINK file
  1 SNPs removed due to allele frequency too different between sumstat and bedfile
Time taken: 12.676633 seconds

Reading PLINK BIM file from [/well/visscher-wray/shared/UKBiobank_info_from_UQ/UKB_LD_ref_by_CHR/For_real_data_analysis/UKB_6.9K_AFR_LD/UKB_6.9K_AFR_LD_chr18.bim]...
Reading PLINK BED file from [/well/visscher-wray/shared/UKBiobank_info_from_UQ/UKB_LD_ref_by_CHR/For_real_data_analysis/UKB_6.9K_AFR_LD/UKB_6.9K_AFR_LD_chr18.bed] in SNP-major format ...
Finished reading PLINK file
  2 SNPs removed due to allele frequency too different between sumstat and bedfile
Time taken: 1.548678 seconds

33042 common SNPs at last for iterative selection
Vp Cohort 1: 1.07682580034
Vp Cohort 2: 1.11583619558
--------------------------------

Calculation started!
0 33042 0
No candidate SNPs, using the most significant SNP as the first candidate
rs4239436 First SNP
p-value: 0.000000000000e+00
--------------------------------
1 33041 0
rs2156250 Screened SNP with the most significant conditional pC
Conditional min pC: 1.144868106921e-112
Joint b, se, max pJ: 0.030560264149 0.001356644023 1.144868106921e-112
rs2156250 New candidate SNP accepted
iter 1 finished
--------------------------------
2 33040 0
rs17782313 Screened SNP with the most significant conditional pC
Conditional min pC: 5.997461653708e-77
Joint b, se, max pJ: 0.028115051401 0.001517333559 5.997461653708e-77
rs17782313 New candidate SNP accepted
iter 2 finished
--------------------------------
3 33039 0
rs2290154 Screened SNP with the most significant conditional pC
Conditional min pC: 7.485615080560e-63
Joint b, se, max pJ: -0.023234905910 0.001391973469 7.485615080560e-63
rs2290154 New candidate SNP accepted
iter 3 finished
--------------------------------
4 33038 0
rs2635509 Screened SNP with the most significant conditional pC
Conditional min pC: 1.501441004353e-44
Joint b, se, max pJ: -0.018572896551 0.001329039653 1.112643263012e-44
rs2635509 New candidate SNP accepted
iter 4 finished
--------------------------------
5 33037 0
rs7239949 Screened SNP with the most significant conditional pC
Conditional min pC: 1.736440526396e-35
Joint b, se, max pJ: -0.032673276619 0.002575199973 3.460902773150e-37
rs7239949 New candidate SNP accepted
iter 5 finished
--------------------------------
6 33036 0
rs3088182 Screened SNP with the most significant conditional pC
Conditional min pC: 1.418794370402e-32
Joint b, se, max pJ: 0.016435716667 0.001389701234 1.418794370402e-32
rs3088182 New candidate SNP accepted
iter 6 finished
--------------------------------
7 33035 0
rs8089123 Screened SNP with the most significant conditional pC
Conditional min pC: 1.404319718099e-27
Joint b, se, max pJ: 0.014873629314 0.001374720208 1.393180619434e-27
rs8089123 New candidate SNP accepted
iter 7 finished
--------------------------------
8 33034 0
rs1561819 Screened SNP with the most significant conditional pC
Conditional min pC: 4.947878423844e-26
Joint b, se, max pJ: 0.013801289570 0.001316017757 4.947878423844e-26
rs1561819 New candidate SNP accepted
iter 8 finished
--------------------------------
9 33033 0
rs4133168 Screened SNP with the most significant conditional pC
Conditional min pC: 5.851902522631e-26
Joint b, se, max pJ: -0.014722315277 0.001405897964 5.818964764899e-26
rs4133168 New candidate SNP accepted
iter 9 finished
--------------------------------
10 33032 0
rs4519409 Screened SNP with the most significant conditional pC
Conditional min pC: 4.533013251516e-24
Joint b, se, max pJ: -0.013789596121 0.001371388992 4.357036824901e-24
rs4519409 New candidate SNP accepted
iter 10 finished
--------------------------------
11 33031 0
rs11664552 Screened SNP with the most significant conditional pC
Conditional min pC: 2.064129279787e-23
Joint b, se, max pJ: 0.014186737680 0.001432603533 2.024589187941e-23
rs11664552 New candidate SNP accepted
iter 11 finished
--------------------------------
12 33030 0
rs16949934 Screened SNP with the most significant conditional pC
Conditional min pC: 2.026778797249e-23
Joint b, se, max pJ: -0.023824572309 0.002397106081 1.409764409346e-23
rs16949934 New candidate SNP accepted
iter 12 finished
--------------------------------
13 33029 0
rs7235001 Screened SNP with the most significant conditional pC
Conditional min pC: 1.648271511626e-22
Joint b, se, max pJ: 0.020589085726 0.002123768160 1.589382623536e-22
rs7235001 New candidate SNP accepted
iter 13 finished
--------------------------------
14 33028 0
rs8097893 Screened SNP with the most significant conditional pC
Conditional min pC: 4.601163525934e-22
Joint b, se, max pJ: -0.028382733592 0.002961007695 4.600629755241e-22
rs8097893 New candidate SNP accepted
iter 14 finished
--------------------------------
15 33027 0
rs3862173 Screened SNP with the most significant conditional pC
Conditional min pC: 1.633957934911e-21
Joint b, se, max pJ: 0.014058988387 0.001487095902 1.630791650685e-21
rs3862173 New candidate SNP accepted
iter 15 finished
--------------------------------
16 33026 0
rs655983 Screened SNP with the most significant conditional pC
Conditional min pC: 2.680808607609e-21
Joint b, se, max pJ: 0.015099346155 0.001605992558 2.679885933812e-21
rs655983 New candidate SNP accepted
iter 16 finished
--------------------------------
17 33025 0
rs2849203 Screened SNP with the most significant conditional pC
Conditional min pC: 9.090379592323e-21
Joint b, se, max pJ: 0.013942142619 0.001503156554 8.860713833989e-21
rs2849203 New candidate SNP accepted
iter 17 finished
--------------------------------
18 33024 0
rs2060889 Screened SNP with the most significant conditional pC
Conditional min pC: 6.447733694930e-18
Joint b, se, max pJ: -0.012549780078 0.001468558494 6.390998372503e-18
rs2060889 New candidate SNP accepted
iter 18 finished
--------------------------------
19 33023 0
rs11082304 Screened SNP with the most significant conditional pC
Conditional min pC: 1.819054196237e-17
Joint b, se, max pJ: -0.012549780169 0.001468558494 6.390994950993e-18
rs11082304 New candidate SNP accepted
iter 19 finished
--------------------------------
20 33022 0
rs1434511 Screened SNP with the most significant conditional pC
Conditional min pC: 2.315518165878e-16
Joint b, se, max pJ: 0.010815654523 0.001331581376 2.285016336761e-16
rs1434511 New candidate SNP accepted
iter 20 finished
--------------------------------
21 33021 0
rs2045669 Screened SNP with the most significant conditional pC
Conditional min pC: 7.697915739375e-16
Joint b, se, max pJ: 0.010739512139 0.001339856893 5.488184535876e-16
rs2045669 New candidate SNP accepted
iter 21 finished
--------------------------------
22 33020 0
rs475107 Screened SNP with the most significant conditional pC
Conditional min pC: 4.658291330593e-15
Joint b, se, max pJ: 0.012547491496 0.001619163355 4.617577900592e-15
rs475107 New candidate SNP accepted
iter 22 finished
--------------------------------
23 33019 0
rs833503 Screened SNP with the most significant conditional pC
Conditional min pC: 4.970785533830e-14
Joint b, se, max pJ: 0.012547491496 0.001619163355 4.617577897235e-15
rs833503 New candidate SNP accepted
iter 23 finished
--------------------------------
24 33018 0
rs11662962 Screened SNP with the most significant conditional pC
Conditional min pC: 6.220891044504e-14
Joint b, se, max pJ: 0.014421172449 0.001945642246 6.218698910649e-14
rs11662962 New candidate SNP accepted
iter 24 finished
--------------------------------
25 33017 0
rs662383 Screened SNP with the most significant conditional pC
Conditional min pC: 1.261617625250e-13
Joint b, se, max pJ: -0.011468350326 0.001566809966 1.243981239725e-13
rs662383 New candidate SNP accepted
iter 25 finished
--------------------------------
26 33016 0
rs2863266 Screened SNP with the most significant conditional pC
Conditional min pC: 5.740548679790e-13
Joint b, se, max pJ: 0.009664766776 0.001358616492 5.649333116719e-13
rs2863266 New candidate SNP accepted
iter 26 finished
--------------------------------
27 33015 0
rs1873191 Screened SNP with the most significant conditional pC
Conditional min pC: 4.181607587737e-12
Joint b, se, max pJ: -0.010169846493 0.001472235503 2.461865754609e-12
rs1873191 New candidate SNP accepted
iter 27 finished
--------------------------------
28 33014 0
rs6505558 Screened SNP with the most significant conditional pC
Conditional min pC: 1.013079668527e-11
Joint b, se, max pJ: -0.008824479757 0.001316169071 1.009307656688e-11
rs6505558 New candidate SNP accepted
iter 28 finished
--------------------------------
29 33013 0
rs8098571 Screened SNP with the most significant conditional pC
Conditional min pC: 1.071652159006e-11
Joint b, se, max pJ: -0.009478442402 0.001415527542 1.070646533827e-11
rs8098571 New candidate SNP accepted
iter 29 finished
--------------------------------
30 33012 0
rs2155975 Screened SNP with the most significant conditional pC
Conditional min pC: 1.283751998423e-11
Joint b, se, max pJ: -0.009574440060 0.001432897497 1.179531763669e-11
rs2155975 New candidate SNP accepted
iter 30 finished
--------------------------------
31 33011 0
rs1785113 Screened SNP with the most significant conditional pC
Conditional min pC: 1.847062437629e-11
Joint b, se, max pJ: -0.008973532540 0.001355728158 1.808474181851e-11
rs1785113 New candidate SNP accepted
iter 31 finished
--------------------------------
32 33010 0
rs1370901 Screened SNP with the most significant conditional pC
Conditional min pC: 3.069317326640e-11
Joint b, se, max pJ: -0.008605875254 0.001315338165 3.020709685358e-11
rs1370901 New candidate SNP accepted
iter 32 finished
--------------------------------
33 33009 0
rs1942922 Screened SNP with the most significant conditional pC
Conditional min pC: 3.217726988612e-11
Joint b, se, max pJ: -0.008605875261 0.001315338165 3.020709568945e-11
rs1942922 New candidate SNP accepted
iter 33 finished
--------------------------------
34 33008 0
rs10502979 Screened SNP with the most significant conditional pC
Conditional min pC: 4.729959682667e-11
Joint b, se, max pJ: 0.008905640738 0.001374562548 4.619965145602e-11
rs10502979 New candidate SNP accepted
iter 34 finished
--------------------------------
35 33007 0
rs1154999 Screened SNP with the most significant conditional pC
Conditional min pC: 5.140872251369e-11
Joint b, se, max pJ: -0.009196910199 0.001422855100 5.108626895009e-11
rs1154999 New candidate SNP accepted
iter 35 finished
--------------------------------
36 33006 0
rs2852780 Screened SNP with the most significant conditional pC
Conditional min pC: 6.762987908634e-11
Joint b, se, max pJ: -0.012936016787 0.002013093864 6.552931615861e-11
rs2852780 New candidate SNP accepted
iter 36 finished
--------------------------------
37 33005 0
rs2271733 Screened SNP with the most significant conditional pC
Conditional min pC: 1.727219700870e-10
Joint b, se, max pJ: 0.009204634138 0.001463634613 1.598740330697e-10
rs2271733 New candidate SNP accepted
iter 37 finished
--------------------------------
38 33004 0
rs2897347 Screened SNP with the most significant conditional pC
Conditional min pC: 1.807511336398e-10
Joint b, se, max pJ: -0.013587421391 0.002167098405 1.806769116648e-10
rs2897347 New candidate SNP accepted
iter 38 finished
--------------------------------
39 33003 0
rs618671 Screened SNP with the most significant conditional pC
Conditional min pC: 4.199981869011e-10
Joint b, se, max pJ: -0.007997073993 0.001300154900 3.853135883296e-10
rs618671 New candidate SNP accepted
iter 39 finished
--------------------------------
40 33002 0
rs722725 Screened SNP with the most significant conditional pC
Conditional min pC: 4.164807028329e-10
Joint b, se, max pJ: 0.009410035470 0.001529512284 3.818093913590e-10
rs722725 New candidate SNP accepted
iter 40 finished
--------------------------------
41 33001 0
rs16978403 Screened SNP with the most significant conditional pC
Conditional min pC: 5.933126142906e-10
Joint b, se, max pJ: 0.009930446658 0.001632111278 5.845773922555e-10
rs16978403 New candidate SNP accepted
iter 41 finished
--------------------------------
42 33000 0
rs522997 Screened SNP with the most significant conditional pC
Conditional min pC: 2.817765393037e-09
Joint b, se, max pJ: -0.012384172265 0.002125019385 2.808265761819e-09
rs522997 New candidate SNP accepted
iter 42 finished
--------------------------------
43 32999 0
rs10853489 Screened SNP with the most significant conditional pC
Conditional min pC: 4.056391807307e-09
Joint b, se, max pJ: -0.012384807923 0.002125019396 2.803238393677e-09
rs10853489 New candidate SNP accepted
iter 43 finished
--------------------------------
44 32998 0
rs17834282 Screened SNP with the most significant conditional pC
Conditional min pC: 4.090985190811e-09
Joint b, se, max pJ: -0.018905317244 0.003277427691 4.002808424320e-09
rs17834282 New candidate SNP accepted
iter 44 finished
--------------------------------
45 32997 0
rs496544 Screened SNP with the most significant conditional pC
Conditional min pC: 5.075190277503e-09
Joint b, se, max pJ: -0.009887718586 0.001724120708 4.877514322694e-09
rs496544 New candidate SNP accepted
iter 45 finished
--------------------------------
46 32996 0
rs1113629 Screened SNP with the most significant conditional pC
Conditional min pC: 4.361320790250e-09
Joint b, se, max pJ: -0.009701453400 0.001683721374 4.158332483963e-09
rs1113629 New candidate SNP accepted
iter 46 finished
--------------------------------
47 32995 0
rs8087444 Screened SNP with the most significant conditional pC
Conditional min pC: 5.687612126710e-09
Joint b, se, max pJ: -0.007722543242 0.001352065115 5.593801690008e-09
rs8087444 New candidate SNP accepted
iter 47 finished
--------------------------------
48 32994 0
rs9963409 Screened SNP with the most significant conditional pC
Conditional min pC: 6.502035869037e-09
Joint b, se, max pJ: -0.007722543242 0.001352065115 5.593801690008e-09
rs9963409 New candidate SNP accepted
iter 48 finished
--------------------------------
49 32993 0
rs4799733 Screened SNP with the most significant conditional pC
Conditional min pC: 7.005731688540e-09
Joint b, se, max pJ: 0.008037659022 0.001416586808 6.976624886938e-09
rs4799733 New candidate SNP accepted
iter 49 finished
--------------------------------
50 32992 0
rs9320010 Screened SNP with the most significant conditional pC
Conditional min pC: 1.236631832984e-08
Joint b, se, max pJ: 0.007612092698 0.001355460621 9.778697274509e-09
rs9320010 New candidate SNP accepted
iter 50 finished
--------------------------------
51 32991 0
rs4801145 Screened SNP with the most significant conditional pC
Conditional min pC: 2.067586427106e-09
Joint b, se, max pJ: 0.008037658501 0.001416586808 6.976639881516e-09
rs4801145 New candidate SNP accepted
iter 51 finished
--------------------------------
52 32990 0
rs4797757 Screened SNP with the most significant conditional pC
Conditional min pC: 2.882391870964e-08
Joint b, se, max pJ: -0.010582674693 0.001943872805 2.603121734192e-08
rs4797757 New candidate SNP accepted
iter 52 finished
--------------------------------
53 32989 0
rs2289131 Screened SNP with the most significant conditional pC
Conditional min pC: 3.182402268081e-08
Joint b, se, max pJ: 0.013209065565 0.002437746042 3.004101415795e-08
rs2289131 New candidate SNP accepted
iter 53 finished
--------------------------------
54 32988 0
rs8089829 Screened SNP with the most significant conditional pC
Conditional min pC: 3.934237484799e-08
Joint b, se, max pJ: -0.007302415277 0.001359415509 3.899205727879e-08
rs8089829 New candidate SNP accepted
iter 54 finished
--------------------------------
55 32987 0
Warning: Calculation finished, NoNewSNP-aboveSigThreshold
rs8090395 5.065175452250e-08
iter 55 finished
--------------------------------
Results saved into [/users/visscher-wray/agg287/R_to_Cplusplus/results_1015_macojo_gcta/Height/chr18.jma.cojo]

MDISA for Cohort 1
55 32987 0
rs12326471 Screened SNP with the most significant conditional pC
Conditional min pC: 2.213753323356e-09
Joint b, se, max pJ: 0.012384193358 0.002489530820 3.270662017565e-07
rs12326471 skipped, fixed candidate SNP exceeds p-value threshold
rs8098279 Screened SNP with the most significant conditional pC
Conditional min pC: 2.523526786558e-08
Joint b, se, max pJ: 0.012385398416 0.002489530823 3.262499902024e-07
rs8098279 skipped, fixed candidate SNP exceeds p-value threshold
rs1873126 Screened SNP with the most significant conditional pC
Conditional min pC: 2.720612957343e-08
Joint b, se, max pJ: 0.012306465063 0.002489570927 3.842385564521e-07
rs1873126 skipped, fixed candidate SNP exceeds p-value threshold
rs7244505 Screened SNP with the most significant conditional pC
Conditional min pC: 4.595041372123e-08
Joint b, se, max pJ: 0.012384593020 0.002489530819 3.267952775077e-07
rs7244505 skipped, fixed candidate SNP exceeds p-value threshold
rs4798311 Screened SNP with the most significant conditional pC
Conditional min pC: 4.945403587749e-08
Joint b, se, max pJ: 0.012384593020 0.002489530819 3.267952775017e-07
rs4798311 skipped, fixed candidate SNP exceeds p-value threshold
Warning: Calculation finished, NoNewSNP-aboveSigThreshold
rs8095885 5.118564945464e-08
iter 0 finished
--------------------------------
Results saved into [/users/visscher-wray/agg287/R_to_Cplusplus/results_1015_macojo_gcta/Height/chr18.MDISA.cohort1.jma.cojo]

MDISA for Cohort 2
55 32987 0
rs17700144 Screened SNP with the most significant conditional pC
Conditional min pC: 1.407998525697e-09
Joint b, se, max pJ: -0.000592400354 0.006668703908 4.646073525443e-01
rs17700144 skipped, fixed candidate SNP exceeds p-value threshold
Warning: Calculation finished, NoNewSNP-aboveSigThreshold
rs1539952 9.753880404163e-08
iter 0 finished
--------------------------------
Results saved into [/users/visscher-wray/agg287/R_to_Cplusplus/results_1015_macojo_gcta/Height/chr18.MDISA.cohort2.jma.cojo]

All calculations finished!
Total running time: 36.75 seconds
