
=========== MACOJO CONFIGURATION ===========
Threshold: 5e-8
Colinearity threshold: 0.9
R2 incremental threshold: -1
R2 incremental threshold backwards: -1
SNP position window (+/-): 10Mb
SNP frequency threshold: 0.01
SNP frequency mode: OR
Use GCTA-COJO model selection criteria
===========================================

6514392 SNPs in file [/well/visscher-wray/shared/UKBiobank_info_from_UQ/QCed_GWAS_trans-ancestry/HDL_EUR_MAF01_QCed_withoutUKB.commonSNP.sumstat]
92724 SNPs in file [/well/visscher-wray/shared/UKBiobank_info_from_UQ/UKB_LD_ref_by_CHR/For_real_data_analysis/UKB_69K_EUR_LD/UKB_69K_EUR_LD_chr21.bim]
69010 individuals in FAM file [/well/visscher-wray/shared/UKBiobank_info_from_UQ/UKB_LD_ref_by_CHR/For_real_data_analysis/UKB_69K_EUR_LD/UKB_69K_EUR_LD_chr21.fam]
92613 common SNPs after including Cohort 1
Time taken: 5.026021 seconds

6514392 SNPs in file [/well/visscher-wray/shared/UKBiobank_info_from_UQ/QCed_GWAS_trans-ancestry/HDL_AFR_MAF01_QCed_withoutUKB.commonSNP.sumstat]
92724 SNPs in file [/well/visscher-wray/shared/UKBiobank_info_from_UQ/UKB_LD_ref_by_CHR/For_real_data_analysis/UKB_6.9K_AFR_LD/UKB_6.9K_AFR_LD_chr21.bim]
6901 individuals in FAM file [/well/visscher-wray/shared/UKBiobank_info_from_UQ/UKB_LD_ref_by_CHR/For_real_data_analysis/UKB_6.9K_AFR_LD/UKB_6.9K_AFR_LD_chr21.fam]
92613 common SNPs after including Cohort 2
Time taken: 4.985583 seconds

Setting reference based on BIM file of Cohort 1 ...
Reading Cohort 1 GWAS summary-level statistics from [/well/visscher-wray/shared/UKBiobank_info_from_UQ/QCed_GWAS_trans-ancestry/HDL_EUR_MAF01_QCed_withoutUKB.commonSNP.sumstat] ...
Reading Cohort 2 GWAS summary-level statistics from [/well/visscher-wray/shared/UKBiobank_info_from_UQ/QCed_GWAS_trans-ancestry/HDL_AFR_MAF01_QCed_withoutUKB.commonSNP.sumstat] ...
92613 common SNPs after removing rare SNPs
Time taken: 18.87951 seconds

Reading PLINK BIM file from [/well/visscher-wray/shared/UKBiobank_info_from_UQ/UKB_LD_ref_by_CHR/For_real_data_analysis/UKB_69K_EUR_LD/UKB_69K_EUR_LD_chr21.bim]...
Reading PLINK BED file from [/well/visscher-wray/shared/UKBiobank_info_from_UQ/UKB_LD_ref_by_CHR/For_real_data_analysis/UKB_69K_EUR_LD/UKB_69K_EUR_LD_chr21.bed] in SNP-major format ...
Finished reading PLINK file
  4 SNPs removed due to allele frequency too different between sumstat and bedfile
Time taken: 33.850895 seconds

Reading PLINK BIM file from [/well/visscher-wray/shared/UKBiobank_info_from_UQ/UKB_LD_ref_by_CHR/For_real_data_analysis/UKB_6.9K_AFR_LD/UKB_6.9K_AFR_LD_chr21.bim]...
Reading PLINK BED file from [/well/visscher-wray/shared/UKBiobank_info_from_UQ/UKB_LD_ref_by_CHR/For_real_data_analysis/UKB_6.9K_AFR_LD/UKB_6.9K_AFR_LD_chr21.bed] in SNP-major format ...
Finished reading PLINK file
  17 SNPs removed due to allele frequency too different between sumstat and bedfile
Time taken: 3.853756 seconds

92592 common SNPs at last for iterative selection
Vp Cohort 1: 1.14373754302
Vp Cohort 2: 1.08085296771
--------------------------------

Calculation started!
0 92592 0
No candidate SNPs, using the most significant SNP as the first candidate
rs235314 First SNP
p-value: 6.765650917696e-37
--------------------------------
1 92591 0
rs2236464 Screened SNP with the most significant conditional pC
Conditional min pC: 4.502861957141e-22
Joint b, se, max pJ: -0.018059893231 0.001883331692 4.432848275390e-22
rs2236464 New candidate SNP accepted
iter 1 finished
--------------------------------
2 92590 0
rs4818226 Screened SNP with the most significant conditional pC
Conditional min pC: 6.701912423663e-15
Joint b, se, max pJ: 0.012626267902 0.001639347087 6.697112315098e-15
rs4818226 New candidate SNP accepted
iter 2 finished
--------------------------------
3 92589 0
rs73909006 Screened SNP with the most significant conditional pC
Conditional min pC: 9.939388629888e-13
Joint b, se, max pJ: -0.024454007131 0.003475798548 9.926844166874e-13
rs73909006 New candidate SNP accepted
iter 3 finished
--------------------------------
4 92588 0
rs2832296 Screened SNP with the most significant conditional pC
Conditional min pC: 1.213695496092e-11
Joint b, se, max pJ: -0.010886398336 0.001630264299 1.213695496092e-11
rs2832296 New candidate SNP accepted
iter 4 finished
--------------------------------
5 92587 0
rs2835336 Screened SNP with the most significant conditional pC
Conditional min pC: 1.695082664320e-10
Joint b, se, max pJ: -0.009698689280 0.001544326481 1.690617564404e-10
rs2835336 New candidate SNP accepted
iter 5 finished
--------------------------------
6 92586 0
rs73238097 Screened SNP with the most significant conditional pC
Conditional min pC: 9.642897403348e-10
Joint b, se, max pJ: 0.018996969536 0.003058097032 2.615336057949e-10
rs73238097 New candidate SNP accepted
iter 6 finished
--------------------------------
7 92585 0
Warning: Calculation finished, NoNewSNP-aboveSigThreshold
rs2211839 9.453712467953e-08
iter 7 finished
--------------------------------
Results saved into [/users/visscher-wray/agg287/R_to_Cplusplus/results_1015_macojo_gcta/HDL/chr21.jma.cojo]

MDISA for Cohort 1
7 92585 0
rs2229741 Screened SNP with the most significant conditional pC
Conditional min pC: 1.056389940654e-08
Joint b, se, max pJ: -0.009008360000 0.001607916941 1.056389940654e-08
rs2229741 New candidate SNP accepted
iter 0 finished
--------------------------------
8 92584 0
rs2298330 Screened SNP with the most significant conditional pC
Conditional min pC: 1.077651692476e-08
Joint b, se, max pJ: 0.013943324914 0.002490151983 1.075554808120e-08
rs2298330 New candidate SNP accepted
iter 1 finished
--------------------------------
9 92583 0
Warning: Calculation finished, NoNewSNP-aboveSigThreshold
rs2823295 6.190309124342e-07
iter 2 finished
--------------------------------
Results saved into [/users/visscher-wray/agg287/R_to_Cplusplus/results_1015_macojo_gcta/HDL/chr21.MDISA.cohort1.jma.cojo]

MDISA for Cohort 2
7 92585 0
Warning: Calculation finished, NoNewSNP-aboveSigThreshold
rs59718183 4.984747480453e-05
iter 0 finished
--------------------------------
Results saved into [/users/visscher-wray/agg287/R_to_Cplusplus/results_1015_macojo_gcta/HDL/chr21.MDISA.cohort2.jma.cojo]

All calculations finished!
Total running time: 82.63 seconds

=========== MACOJO CONFIGURATION ===========
Threshold: 5e-8
Colinearity threshold: 0.9
R2 incremental threshold: -1
R2 incremental threshold backwards: -1
SNP position window (+/-): 10Mb
SNP frequency threshold: 0.01
SNP frequency mode: OR
Use GCTA-COJO model selection criteria
===========================================

6511658 SNPs in file [/well/visscher-wray/shared/UKBiobank_info_from_UQ/QCed_GWAS_trans-ancestry/LDL_EUR_MAF01_QCed_withoutUKB.commonSNP.sumstat]
92724 SNPs in file [/well/visscher-wray/shared/UKBiobank_info_from_UQ/UKB_LD_ref_by_CHR/For_real_data_analysis/UKB_69K_EUR_LD/UKB_69K_EUR_LD_chr21.bim]
69010 individuals in FAM file [/well/visscher-wray/shared/UKBiobank_info_from_UQ/UKB_LD_ref_by_CHR/For_real_data_analysis/UKB_69K_EUR_LD/UKB_69K_EUR_LD_chr21.fam]
92583 common SNPs after including Cohort 1
Time taken: 4.992325 seconds

6511658 SNPs in file [/well/visscher-wray/shared/UKBiobank_info_from_UQ/QCed_GWAS_trans-ancestry/LDL_AFR_MAF01_QCed_withoutUKB.commonSNP.sumstat]
92724 SNPs in file [/well/visscher-wray/shared/UKBiobank_info_from_UQ/UKB_LD_ref_by_CHR/For_real_data_analysis/UKB_6.9K_AFR_LD/UKB_6.9K_AFR_LD_chr21.bim]
6901 individuals in FAM file [/well/visscher-wray/shared/UKBiobank_info_from_UQ/UKB_LD_ref_by_CHR/For_real_data_analysis/UKB_6.9K_AFR_LD/UKB_6.9K_AFR_LD_chr21.fam]
92583 common SNPs after including Cohort 2
Time taken: 4.984994 seconds

Setting reference based on BIM file of Cohort 1 ...
Reading Cohort 1 GWAS summary-level statistics from [/well/visscher-wray/shared/UKBiobank_info_from_UQ/QCed_GWAS_trans-ancestry/LDL_EUR_MAF01_QCed_withoutUKB.commonSNP.sumstat] ...
Reading Cohort 2 GWAS summary-level statistics from [/well/visscher-wray/shared/UKBiobank_info_from_UQ/QCed_GWAS_trans-ancestry/LDL_AFR_MAF01_QCed_withoutUKB.commonSNP.sumstat] ...
92583 common SNPs after removing rare SNPs
Time taken: 18.565294 seconds

Reading PLINK BIM file from [/well/visscher-wray/shared/UKBiobank_info_from_UQ/UKB_LD_ref_by_CHR/For_real_data_analysis/UKB_69K_EUR_LD/UKB_69K_EUR_LD_chr21.bim]...
Reading PLINK BED file from [/well/visscher-wray/shared/UKBiobank_info_from_UQ/UKB_LD_ref_by_CHR/For_real_data_analysis/UKB_69K_EUR_LD/UKB_69K_EUR_LD_chr21.bed] in SNP-major format ...
Finished reading PLINK file
  6 SNPs removed due to allele frequency too different between sumstat and bedfile
Time taken: 33.84505 seconds

Reading PLINK BIM file from [/well/visscher-wray/shared/UKBiobank_info_from_UQ/UKB_LD_ref_by_CHR/For_real_data_analysis/UKB_6.9K_AFR_LD/UKB_6.9K_AFR_LD_chr21.bim]...
Reading PLINK BED file from [/well/visscher-wray/shared/UKBiobank_info_from_UQ/UKB_LD_ref_by_CHR/For_real_data_analysis/UKB_6.9K_AFR_LD/UKB_6.9K_AFR_LD_chr21.bed] in SNP-major format ...
Finished reading PLINK file
  16 SNPs removed due to allele frequency too different between sumstat and bedfile
Time taken: 3.848679 seconds

92561 common SNPs at last for iterative selection
Vp Cohort 1: 1.14118342679
Vp Cohort 2: 1.08437940481
--------------------------------

Calculation started!
0 92561 0
No candidate SNPs, using the most significant SNP as the first candidate
rs73201561 First SNP
p-value: 1.914371229649e-16
--------------------------------
1 92560 0
rs414850 Screened SNP with the most significant conditional pC
Conditional min pC: 6.242860897094e-15
Joint b, se, max pJ: -0.012466911292 0.001616771322 6.242157511362e-15
rs414850 New candidate SNP accepted
iter 1 finished
--------------------------------
2 92559 0
rs235343 Screened SNP with the most significant conditional pC
Conditional min pC: 6.964852781143e-09
Joint b, se, max pJ: -0.009218460515 0.001624608872 6.964287508681e-09
rs235343 New candidate SNP accepted
iter 2 finished
--------------------------------
3 92558 0
Warning: Calculation finished, NoNewSNP-aboveSigThreshold
rs12482563 4.070390236325e-07
iter 3 finished
--------------------------------
Results saved into [/users/visscher-wray/agg287/R_to_Cplusplus/results_1015_macojo_gcta/LDL/chr21.jma.cojo]

MDISA for Cohort 1
3 92558 0
Warning: Calculation finished, NoNewSNP-aboveSigThreshold
rs112158034 1.411151777844e-06
iter 0 finished
--------------------------------
Results saved into [/users/visscher-wray/agg287/R_to_Cplusplus/results_1015_macojo_gcta/LDL/chr21.MDISA.cohort1.jma.cojo]

MDISA for Cohort 2
3 92558 0
Warning: Calculation finished, NoNewSNP-aboveSigThreshold
rs10692595 6.979453004111e-06
iter 0 finished
--------------------------------
Results saved into [/users/visscher-wray/agg287/R_to_Cplusplus/results_1015_macojo_gcta/LDL/chr21.MDISA.cohort2.jma.cojo]

All calculations finished!
Total running time: 72.09 seconds

=========== MACOJO CONFIGURATION ===========
Threshold: 5e-8
Colinearity threshold: 0.9
R2 incremental threshold: -1
R2 incremental threshold backwards: -1
SNP position window (+/-): 10Mb
SNP frequency threshold: 0.01
SNP frequency mode: OR
Use GCTA-COJO model selection criteria
===========================================

6514129 SNPs in file [/well/visscher-wray/shared/UKBiobank_info_from_UQ/QCed_GWAS_trans-ancestry/logTG_EUR_MAF01_QCed_withoutUKB.commonSNP.sumstat]
92724 SNPs in file [/well/visscher-wray/shared/UKBiobank_info_from_UQ/UKB_LD_ref_by_CHR/For_real_data_analysis/UKB_69K_EUR_LD/UKB_69K_EUR_LD_chr21.bim]
69010 individuals in FAM file [/well/visscher-wray/shared/UKBiobank_info_from_UQ/UKB_LD_ref_by_CHR/For_real_data_analysis/UKB_69K_EUR_LD/UKB_69K_EUR_LD_chr21.fam]
92615 common SNPs after including Cohort 1
Time taken: 4.991212 seconds

6514129 SNPs in file [/well/visscher-wray/shared/UKBiobank_info_from_UQ/QCed_GWAS_trans-ancestry/logTG_AFR_MAF01_QCed_withoutUKB.commonSNP.sumstat]
92724 SNPs in file [/well/visscher-wray/shared/UKBiobank_info_from_UQ/UKB_LD_ref_by_CHR/For_real_data_analysis/UKB_6.9K_AFR_LD/UKB_6.9K_AFR_LD_chr21.bim]
6901 individuals in FAM file [/well/visscher-wray/shared/UKBiobank_info_from_UQ/UKB_LD_ref_by_CHR/For_real_data_analysis/UKB_6.9K_AFR_LD/UKB_6.9K_AFR_LD_chr21.fam]
92615 common SNPs after including Cohort 2
Time taken: 4.956647 seconds

Setting reference based on BIM file of Cohort 1 ...
Reading Cohort 1 GWAS summary-level statistics from [/well/visscher-wray/shared/UKBiobank_info_from_UQ/QCed_GWAS_trans-ancestry/logTG_EUR_MAF01_QCed_withoutUKB.commonSNP.sumstat] ...
Reading Cohort 2 GWAS summary-level statistics from [/well/visscher-wray/shared/UKBiobank_info_from_UQ/QCed_GWAS_trans-ancestry/logTG_AFR_MAF01_QCed_withoutUKB.commonSNP.sumstat] ...
92615 common SNPs after removing rare SNPs
Time taken: 18.790099 seconds

Reading PLINK BIM file from [/well/visscher-wray/shared/UKBiobank_info_from_UQ/UKB_LD_ref_by_CHR/For_real_data_analysis/UKB_69K_EUR_LD/UKB_69K_EUR_LD_chr21.bim]...
Reading PLINK BED file from [/well/visscher-wray/shared/UKBiobank_info_from_UQ/UKB_LD_ref_by_CHR/For_real_data_analysis/UKB_69K_EUR_LD/UKB_69K_EUR_LD_chr21.bed] in SNP-major format ...
Finished reading PLINK file
  5 SNPs removed due to allele frequency too different between sumstat and bedfile
Time taken: 33.854983 seconds

Reading PLINK BIM file from [/well/visscher-wray/shared/UKBiobank_info_from_UQ/UKB_LD_ref_by_CHR/For_real_data_analysis/UKB_6.9K_AFR_LD/UKB_6.9K_AFR_LD_chr21.bim]...
Reading PLINK BED file from [/well/visscher-wray/shared/UKBiobank_info_from_UQ/UKB_LD_ref_by_CHR/For_real_data_analysis/UKB_6.9K_AFR_LD/UKB_6.9K_AFR_LD_chr21.bed] in SNP-major format ...
Finished reading PLINK file
  16 SNPs removed due to allele frequency too different between sumstat and bedfile
Time taken: 3.844969 seconds

92594 common SNPs at last for iterative selection
Vp Cohort 1: 1.13087849294
Vp Cohort 2: 1.07955603997
--------------------------------

Calculation started!
0 92594 0
No candidate SNPs, using the most significant SNP as the first candidate
rs4818008 First SNP
p-value: 2.540055373948e-14
--------------------------------
1 92593 0
rs960230 Screened SNP with the most significant conditional pC
Conditional min pC: 1.236983471799e-11
Joint b, se, max pJ: -0.013122161639 0.001965800728 1.234267975403e-11
rs960230 New candidate SNP accepted
iter 1 finished
--------------------------------
2 92592 0
rs373687 Screened SNP with the most significant conditional pC
Conditional min pC: 1.945149232118e-08
Joint b, se, max pJ: 0.009100971761 0.001655960833 1.943769293626e-08
rs373687 New candidate SNP accepted
iter 2 finished
--------------------------------
3 92591 0
Warning: Calculation finished, NoNewSNP-aboveSigThreshold
rs2836882 1.833074070734e-07
iter 3 finished
--------------------------------
Results saved into [/users/visscher-wray/agg287/R_to_Cplusplus/results_1015_macojo_gcta/logTG/chr21.jma.cojo]

MDISA for Cohort 1
3 92591 0
Warning: Calculation finished, NoNewSNP-aboveSigThreshold
rs2002625 3.622417003427e-07
iter 0 finished
--------------------------------
Results saved into [/users/visscher-wray/agg287/R_to_Cplusplus/results_1015_macojo_gcta/logTG/chr21.MDISA.cohort1.jma.cojo]

MDISA for Cohort 2
3 92591 0
rs117447400 Screened SNP with the most significant conditional pC
Conditional min pC: 2.151546362592e-21
Joint b, se, max pJ: -0.000627585587 0.012905921002 4.806079870765e-01
rs117447400 skipped, fixed candidate SNP exceeds p-value threshold
rs76200589 Screened SNP with the most significant conditional pC
Conditional min pC: 1.127979322158e-18
Joint b, se, max pJ: -0.003084261945 0.012905449035 4.055570085385e-01
rs76200589 skipped, fixed candidate SNP exceeds p-value threshold
rs78754819 Screened SNP with the most significant conditional pC
Conditional min pC: 1.060715842218e-15
Joint b, se, max pJ: -0.003003872578 0.012905459930 4.079739560820e-01
rs78754819 skipped, fixed candidate SNP exceeds p-value threshold
rs115522306 Screened SNP with the most significant conditional pC
Conditional min pC: 2.903371742139e-15
Joint b, se, max pJ: -0.000653660870 0.012906309703 4.798035594012e-01
rs115522306 skipped, fixed candidate SNP exceeds p-value threshold
rs78672435 Screened SNP with the most significant conditional pC
Conditional min pC: 2.796972376687e-13
Joint b, se, max pJ: -0.002975962666 0.012905527362 4.088143473863e-01
rs78672435 skipped, fixed candidate SNP exceeds p-value threshold
rs376794824 Screened SNP with the most significant conditional pC
Conditional min pC: 1.785860545902e-12
Joint b, se, max pJ: 0.000191638543 0.012909202167 4.940778749625e-01
rs376794824 skipped, fixed candidate SNP exceeds p-value threshold
rs76526263 Screened SNP with the most significant conditional pC
Conditional min pC: 5.665116035812e-09
Joint b, se, max pJ: -0.001772205750 0.012905100924 4.453865643276e-01
rs76526263 skipped, fixed candidate SNP exceeds p-value threshold
rs55693765 Screened SNP with the most significant conditional pC
Conditional min pC: 6.142091831218e-09
Joint b, se, max pJ: -0.001822123561 0.012905064487 4.438581627922e-01
rs55693765 skipped, fixed candidate SNP exceeds p-value threshold
rs2183590 Screened SNP with the most significant conditional pC
Conditional min pC: 2.956925540758e-08
Joint b, se, max pJ: -0.003297739219 0.012906828414 3.991671387398e-01
rs2183590 skipped, fixed candidate SNP exceeds p-value threshold
Warning: Calculation finished, NoNewSNP-aboveSigThreshold
rs9985167 1.707045243818e-07
iter 0 finished
--------------------------------
Results saved into [/users/visscher-wray/agg287/R_to_Cplusplus/results_1015_macojo_gcta/logTG/chr21.MDISA.cohort2.jma.cojo]

All calculations finished!
Total running time: 71.84 seconds

=========== MACOJO CONFIGURATION ===========
Threshold: 5e-8
Colinearity threshold: 0.9
R2 incremental threshold: -1
R2 incremental threshold backwards: -1
SNP position window (+/-): 10Mb
SNP frequency threshold: 0.01
SNP frequency mode: OR
Use GCTA-COJO model selection criteria
===========================================

6514274 SNPs in file [/well/visscher-wray/shared/UKBiobank_info_from_UQ/QCed_GWAS_trans-ancestry/TC_EUR_MAF01_QCed_withoutUKB.commonSNP.sumstat]
92724 SNPs in file [/well/visscher-wray/shared/UKBiobank_info_from_UQ/UKB_LD_ref_by_CHR/For_real_data_analysis/UKB_69K_EUR_LD/UKB_69K_EUR_LD_chr21.bim]
69010 individuals in FAM file [/well/visscher-wray/shared/UKBiobank_info_from_UQ/UKB_LD_ref_by_CHR/For_real_data_analysis/UKB_69K_EUR_LD/UKB_69K_EUR_LD_chr21.fam]
92614 common SNPs after including Cohort 1
Time taken: 4.969258 seconds

6514274 SNPs in file [/well/visscher-wray/shared/UKBiobank_info_from_UQ/QCed_GWAS_trans-ancestry/TC_AFR_MAF01_QCed_withoutUKB.commonSNP.sumstat]
92724 SNPs in file [/well/visscher-wray/shared/UKBiobank_info_from_UQ/UKB_LD_ref_by_CHR/For_real_data_analysis/UKB_6.9K_AFR_LD/UKB_6.9K_AFR_LD_chr21.bim]
6901 individuals in FAM file [/well/visscher-wray/shared/UKBiobank_info_from_UQ/UKB_LD_ref_by_CHR/For_real_data_analysis/UKB_6.9K_AFR_LD/UKB_6.9K_AFR_LD_chr21.fam]
92614 common SNPs after including Cohort 2
Time taken: 4.941906 seconds

Setting reference based on BIM file of Cohort 1 ...
Reading Cohort 1 GWAS summary-level statistics from [/well/visscher-wray/shared/UKBiobank_info_from_UQ/QCed_GWAS_trans-ancestry/TC_EUR_MAF01_QCed_withoutUKB.commonSNP.sumstat] ...
Reading Cohort 2 GWAS summary-level statistics from [/well/visscher-wray/shared/UKBiobank_info_from_UQ/QCed_GWAS_trans-ancestry/TC_AFR_MAF01_QCed_withoutUKB.commonSNP.sumstat] ...
92614 common SNPs after removing rare SNPs
Time taken: 18.637485 seconds

Reading PLINK BIM file from [/well/visscher-wray/shared/UKBiobank_info_from_UQ/UKB_LD_ref_by_CHR/For_real_data_analysis/UKB_69K_EUR_LD/UKB_69K_EUR_LD_chr21.bim]...
Reading PLINK BED file from [/well/visscher-wray/shared/UKBiobank_info_from_UQ/UKB_LD_ref_by_CHR/For_real_data_analysis/UKB_69K_EUR_LD/UKB_69K_EUR_LD_chr21.bed] in SNP-major format ...
Finished reading PLINK file
  4 SNPs removed due to allele frequency too different between sumstat and bedfile
Time taken: 33.862298 seconds

Reading PLINK BIM file from [/well/visscher-wray/shared/UKBiobank_info_from_UQ/UKB_LD_ref_by_CHR/For_real_data_analysis/UKB_6.9K_AFR_LD/UKB_6.9K_AFR_LD_chr21.bim]...
Reading PLINK BED file from [/well/visscher-wray/shared/UKBiobank_info_from_UQ/UKB_LD_ref_by_CHR/For_real_data_analysis/UKB_6.9K_AFR_LD/UKB_6.9K_AFR_LD_chr21.bed] in SNP-major format ...
Finished reading PLINK file
  16 SNPs removed due to allele frequency too different between sumstat and bedfile
Time taken: 3.845752 seconds

92594 common SNPs at last for iterative selection
Vp Cohort 1: 1.14781583876
Vp Cohort 2: 1.08076448034
--------------------------------

Calculation started!
0 92594 0
No candidate SNPs, using the most significant SNP as the first candidate
rs1474490 First SNP
p-value: 3.145838873919e-19
--------------------------------
1 92593 0
rs112060372 Screened SNP with the most significant conditional pC
Conditional min pC: 1.166190292334e-15
Joint b, se, max pJ: 0.026813238997 0.003384510521 1.165420890625e-15
rs112060372 New candidate SNP accepted
iter 1 finished
--------------------------------
2 92592 0
rs2236459 Screened SNP with the most significant conditional pC
Conditional min pC: 1.900504150023e-12
Joint b, se, max pJ: -0.011324727199 0.001630759410 1.899687903134e-12
rs2236459 New candidate SNP accepted
iter 2 finished
--------------------------------
3 92591 0
rs2823660 Screened SNP with the most significant conditional pC
Conditional min pC: 1.180826422878e-09
Joint b, se, max pJ: 0.009023405035 0.001511268253 1.180826422878e-09
rs2823660 New candidate SNP accepted
iter 3 finished
--------------------------------
4 92590 0
Warning: Calculation finished, NoNewSNP-aboveSigThreshold
rs4817984 1.203202171819e-06
iter 4 finished
--------------------------------
Results saved into [/users/visscher-wray/agg287/R_to_Cplusplus/results_1015_macojo_gcta/TC/chr21.jma.cojo]

MDISA for Cohort 1
4 92590 0
Warning: Calculation finished, NoNewSNP-aboveSigThreshold
rs11910475 2.282529213943e-06
iter 0 finished
--------------------------------
Results saved into [/users/visscher-wray/agg287/R_to_Cplusplus/results_1015_macojo_gcta/TC/chr21.MDISA.cohort1.jma.cojo]

MDISA for Cohort 2
4 92590 0
Warning: Calculation finished, NoNewSNP-aboveSigThreshold
rs59669564 1.431567469216e-05
iter 0 finished
--------------------------------
Results saved into [/users/visscher-wray/agg287/R_to_Cplusplus/results_1015_macojo_gcta/TC/chr21.MDISA.cohort2.jma.cojo]

All calculations finished!
Total running time: 74.25 seconds

=========== MACOJO CONFIGURATION ===========
Threshold: 5e-8
Colinearity threshold: 0.9
R2 incremental threshold: -1
R2 incremental threshold backwards: -1
SNP position window (+/-): 10Mb
SNP frequency threshold: 0.01
SNP frequency mode: OR
Use GCTA-COJO model selection criteria
===========================================

1112055 SNPs in file [/well/visscher-wray/shared/UKBiobank_info_from_UQ/QCed_GWAS_trans-ancestry/Height_EUR_MAF01_QCed_withoutUKB.commonSNP.sumstat]
92724 SNPs in file [/well/visscher-wray/shared/UKBiobank_info_from_UQ/UKB_LD_ref_by_CHR/For_real_data_analysis/UKB_69K_EUR_LD/UKB_69K_EUR_LD_chr21.bim]
69010 individuals in FAM file [/well/visscher-wray/shared/UKBiobank_info_from_UQ/UKB_LD_ref_by_CHR/For_real_data_analysis/UKB_69K_EUR_LD/UKB_69K_EUR_LD_chr21.fam]
15877 common SNPs after including Cohort 1
Time taken: 0.912536 seconds

1112055 SNPs in file [/well/visscher-wray/shared/UKBiobank_info_from_UQ/QCed_GWAS_trans-ancestry/Height_AFR_MAF01_QCed_withoutUKB.commonSNP.sumstat]
92724 SNPs in file [/well/visscher-wray/shared/UKBiobank_info_from_UQ/UKB_LD_ref_by_CHR/For_real_data_analysis/UKB_6.9K_AFR_LD/UKB_6.9K_AFR_LD_chr21.bim]
6901 individuals in FAM file [/well/visscher-wray/shared/UKBiobank_info_from_UQ/UKB_LD_ref_by_CHR/For_real_data_analysis/UKB_6.9K_AFR_LD/UKB_6.9K_AFR_LD_chr21.fam]
15877 common SNPs after including Cohort 2
Time taken: 0.876518 seconds

Setting reference based on BIM file of Cohort 1 ...
Reading Cohort 1 GWAS summary-level statistics from [/well/visscher-wray/shared/UKBiobank_info_from_UQ/QCed_GWAS_trans-ancestry/Height_EUR_MAF01_QCed_withoutUKB.commonSNP.sumstat] ...
Reading Cohort 2 GWAS summary-level statistics from [/well/visscher-wray/shared/UKBiobank_info_from_UQ/QCed_GWAS_trans-ancestry/Height_AFR_MAF01_QCed_withoutUKB.commonSNP.sumstat] ...
15877 common SNPs after removing rare SNPs
Time taken: 3.013443 seconds

Reading PLINK BIM file from [/well/visscher-wray/shared/UKBiobank_info_from_UQ/UKB_LD_ref_by_CHR/For_real_data_analysis/UKB_69K_EUR_LD/UKB_69K_EUR_LD_chr21.bim]...
Reading PLINK BED file from [/well/visscher-wray/shared/UKBiobank_info_from_UQ/UKB_LD_ref_by_CHR/For_real_data_analysis/UKB_69K_EUR_LD/UKB_69K_EUR_LD_chr21.bed] in SNP-major format ...
Finished reading PLINK file
  1 SNPs removed due to allele frequency too different between sumstat and bedfile
Time taken: 6.1829 seconds

Reading PLINK BIM file from [/well/visscher-wray/shared/UKBiobank_info_from_UQ/UKB_LD_ref_by_CHR/For_real_data_analysis/UKB_6.9K_AFR_LD/UKB_6.9K_AFR_LD_chr21.bim]...
Reading PLINK BED file from [/well/visscher-wray/shared/UKBiobank_info_from_UQ/UKB_LD_ref_by_CHR/For_real_data_analysis/UKB_6.9K_AFR_LD/UKB_6.9K_AFR_LD_chr21.bed] in SNP-major format ...
Finished reading PLINK file
  6 SNPs removed due to allele frequency too different between sumstat and bedfile
Time taken: 0.744478 seconds

15870 common SNPs at last for iterative selection
Vp Cohort 1: 1.07682580034
Vp Cohort 2: 1.11583619558
--------------------------------

Calculation started!
0 15870 0
No candidate SNPs, using the most significant SNP as the first candidate
rs2230033 First SNP
p-value: 1.345554986056e-57
--------------------------------
1 15869 0
rs2834463 Screened SNP with the most significant conditional pC
Conditional min pC: 1.575482472902e-47
Joint b, se, max pJ: -0.019928660985 0.001380641114 1.572922731830e-47
rs2834463 New candidate SNP accepted
iter 1 finished
--------------------------------
2 15868 0
rs8130733 Screened SNP with the most significant conditional pC
Conditional min pC: 1.798562959912e-31
Joint b, se, max pJ: -0.018028660613 0.001552595818 1.791803663893e-31
rs8130733 New candidate SNP accepted
iter 2 finished
--------------------------------
3 15867 0
rs8134847 Screened SNP with the most significant conditional pC
Conditional min pC: 4.893471656539e-25
Joint b, se, max pJ: 0.013836229533 0.001345241757 4.103843311568e-25
rs8134847 New candidate SNP accepted
iter 3 finished
--------------------------------
4 15866 0
rs3088026 Screened SNP with the most significant conditional pC
Conditional min pC: 1.209805199390e-24
Joint b, se, max pJ: 0.024169038665 0.002372583978 1.135585244945e-24
rs3088026 New candidate SNP accepted
iter 4 finished
--------------------------------
5 15865 0
rs2823560 Screened SNP with the most significant conditional pC
Conditional min pC: 9.056476215629e-22
Joint b, se, max pJ: 0.014386968103 0.001511977153 9.056476215629e-22
rs2823560 New candidate SNP accepted
iter 5 finished
--------------------------------
6 15864 0
rs2829940 Screened SNP with the most significant conditional pC
Conditional min pC: 1.695764369138e-21
Joint b, se, max pJ: -0.012659939948 0.001339648794 1.691029051642e-21
rs2829940 New candidate SNP accepted
iter 6 finished
--------------------------------
7 15863 0
rs2830585 Screened SNP with the most significant conditional pC
Conditional min pC: 1.896122624274e-19
Joint b, se, max pJ: -0.016281481115 0.001820506852 1.887258122387e-19
rs2830585 New candidate SNP accepted
iter 7 finished
--------------------------------
8 15862 0
rs2243395 Screened SNP with the most significant conditional pC
Conditional min pC: 2.017360521929e-14
Joint b, se, max pJ: -0.011320840841 0.001496800987 1.963981753888e-14
rs2243395 New candidate SNP accepted
iter 8 finished
--------------------------------
9 15861 0
rs235292 Screened SNP with the most significant conditional pC
Conditional min pC: 5.116171242870e-14
Joint b, se, max pJ: -0.024191204684 0.003252107932 5.087013003328e-14
rs235292 New candidate SNP accepted
iter 9 finished
--------------------------------
10 15860 0
rs1003719 Screened SNP with the most significant conditional pC
Conditional min pC: 5.927468170551e-14
Joint b, se, max pJ: 0.009774893001 0.001316503732 5.643761503923e-14
rs1003719 New candidate SNP accepted
iter 10 finished
--------------------------------
11 15859 0
rs2222999 Screened SNP with the most significant conditional pC
Conditional min pC: 7.168793441288e-13
Joint b, se, max pJ: -0.009230587311 0.001303453897 7.123072786169e-13
rs2222999 New candidate SNP accepted
iter 11 finished
--------------------------------
12 15858 0
rs2836381 Screened SNP with the most significant conditional pC
Conditional min pC: 1.421808844282e-12
Joint b, se, max pJ: -0.009447419161 0.001350452738 1.319291957644e-12
rs2836381 New candidate SNP accepted
iter 12 finished
--------------------------------
13 15857 0
rs8133052 Screened SNP with the most significant conditional pC
Conditional min pC: 5.529463289294e-12
Joint b, se, max pJ: -0.008873083657 0.001306139894 5.477427805004e-12
rs8133052 New candidate SNP accepted
iter 13 finished
--------------------------------
14 15856 0
rs1554933 Screened SNP with the most significant conditional pC
Conditional min pC: 3.135597345172e-11
Joint b, se, max pJ: 0.009971282032 0.001525001369 3.106119267929e-11
rs1554933 New candidate SNP accepted
iter 14 finished
--------------------------------
15 15855 0
rs2027745 Screened SNP with the most significant conditional pC
Conditional min pC: 6.939118166846e-11
Joint b, se, max pJ: -0.009312134895 0.001450750413 6.865828147058e-11
rs2027745 New candidate SNP accepted
iter 15 finished
--------------------------------
16 15854 0
rs13047322 Screened SNP with the most significant conditional pC
Conditional min pC: 7.959809620158e-10
Joint b, se, max pJ: -0.008890180345 0.001471058157 7.545394175563e-10
rs13047322 New candidate SNP accepted
iter 16 finished
--------------------------------
17 15853 0
rs6517541 Screened SNP with the most significant conditional pC
Conditional min pC: 1.902720510622e-09
Joint b, se, max pJ: 0.015766952160 0.002648628685 1.317372755578e-09
rs6517541 New candidate SNP accepted
iter 17 finished
--------------------------------
18 15852 0
rs760431 Screened SNP with the most significant conditional pC
Conditional min pC: 3.135041586541e-09
Joint b, se, max pJ: 0.007880377010 0.001337779147 1.923499593832e-09
rs760431 New candidate SNP accepted
iter 18 finished
--------------------------------
19 15851 0
rs117214 Screened SNP with the most significant conditional pC
Conditional min pC: 3.483939016396e-09
Joint b, se, max pJ: -0.007761923065 0.001340009955 3.468620349890e-09
rs117214 New candidate SNP accepted
iter 19 finished
--------------------------------
20 15850 0
rs2823966 Screened SNP with the most significant conditional pC
Conditional min pC: 2.002430546172e-08
Joint b, se, max pJ: -0.007454248014 0.001357579010 2.000142422696e-08
rs2823966 New candidate SNP accepted
iter 20 finished
--------------------------------
21 15849 0
rs2032313 Screened SNP with the most significant conditional pC
Conditional min pC: 2.403880713053e-08
Joint b, se, max pJ: 0.007360021176 0.001342805916 2.113735033435e-08
rs2032313 New candidate SNP accepted
iter 21 finished
--------------------------------
22 15848 0
rs2268257 Screened SNP with the most significant conditional pC
Conditional min pC: 1.794479528196e-08
Joint b, se, max pJ: -0.007454095348 0.001357579039 2.001417775364e-08
rs2268257 New candidate SNP accepted
iter 22 finished
--------------------------------
23 15847 0
rs4817950 Screened SNP with the most significant conditional pC
Conditional min pC: 1.800437457091e-08
Joint b, se, max pJ: -0.007454094612 0.001357579039 2.001423916032e-08
rs4817950 New candidate SNP accepted
iter 23 finished
--------------------------------
24 15846 0
rs4819241 Screened SNP with the most significant conditional pC
Conditional min pC: 3.920560591077e-08
Joint b, se, max pJ: 0.010738800060 0.001998724731 3.875607453109e-08
rs4819241 New candidate SNP accepted
iter 24 finished
--------------------------------
25 15845 0
Warning: Calculation finished, NoNewSNP-aboveSigThreshold
rs2835346 7.327577380344e-08
iter 25 finished
--------------------------------
Results saved into [/users/visscher-wray/agg287/R_to_Cplusplus/results_1015_macojo_gcta/Height/chr21.jma.cojo]

MDISA for Cohort 1
25 15845 0
rs2824026 Screened SNP with the most significant conditional pC
Conditional min pC: 2.760598261409e-08
Joint b, se, max pJ: 0.010778389389 0.002073206605 1.002368189755e-07
rs2824026 skipped, fixed candidate SNP exceeds p-value threshold
rs11702281 Screened SNP with the most significant conditional pC
Conditional min pC: 3.518461615135e-08
Joint b, se, max pJ: 0.010716086785 0.002073238781 1.178221569461e-07
rs11702281 skipped, fixed candidate SNP exceeds p-value threshold
rs9631192 Screened SNP with the most significant conditional pC
Conditional min pC: 3.628530149700e-08
Joint b, se, max pJ: 0.010778389399 0.002073206605 1.002368164823e-07
rs9631192 skipped, fixed candidate SNP exceeds p-value threshold
rs2836804 Screened SNP with the most significant conditional pC
Conditional min pC: 4.093627765578e-08
Joint b, se, max pJ: 0.010829932988 0.002073228835 8.768970231402e-08
rs2836804 skipped, fixed candidate SNP exceeds p-value threshold
Warning: Calculation finished, NoNewSNP-aboveSigThreshold
rs2836618 1.536548920310e-07
iter 0 finished
--------------------------------
Results saved into [/users/visscher-wray/agg287/R_to_Cplusplus/results_1015_macojo_gcta/Height/chr21.MDISA.cohort1.jma.cojo]

MDISA for Cohort 2
25 15845 0
Warning: Calculation finished, NoNewSNP-aboveSigThreshold
rs220234 9.792858300191e-06
iter 0 finished
--------------------------------
Results saved into [/users/visscher-wray/agg287/R_to_Cplusplus/results_1015_macojo_gcta/Height/chr21.MDISA.cohort2.jma.cojo]

All calculations finished!
Total running time: 22.82 seconds
