
=========== MACOJO CONFIGURATION ===========
Threshold: 5e-8
Colinearity threshold: 0.9
R2 incremental threshold: -1
R2 incremental threshold backwards: -1
SNP position window (+/-): 10Mb
SNP frequency threshold: 0.01
SNP frequency mode: OR
Use GCTA-COJO model selection criteria
===========================================

6514392 SNPs in file [/well/visscher-wray/shared/UKBiobank_info_from_UQ/QCed_GWAS_trans-ancestry/HDL_EUR_MAF01_QCed_withoutUKB.commonSNP.sumstat]
184526 SNPs in file [/well/visscher-wray/shared/UKBiobank_info_from_UQ/UKB_LD_ref_by_CHR/For_real_data_analysis/UKB_69K_EUR_LD/UKB_69K_EUR_LD_chr15.bim]
69010 individuals in FAM file [/well/visscher-wray/shared/UKBiobank_info_from_UQ/UKB_LD_ref_by_CHR/For_real_data_analysis/UKB_69K_EUR_LD/UKB_69K_EUR_LD_chr15.fam]
184239 common SNPs after including Cohort 1
Time taken: 5.091787 seconds

6514392 SNPs in file [/well/visscher-wray/shared/UKBiobank_info_from_UQ/QCed_GWAS_trans-ancestry/HDL_AFR_MAF01_QCed_withoutUKB.commonSNP.sumstat]
184526 SNPs in file [/well/visscher-wray/shared/UKBiobank_info_from_UQ/UKB_LD_ref_by_CHR/For_real_data_analysis/UKB_6.9K_AFR_LD/UKB_6.9K_AFR_LD_chr15.bim]
6901 individuals in FAM file [/well/visscher-wray/shared/UKBiobank_info_from_UQ/UKB_LD_ref_by_CHR/For_real_data_analysis/UKB_6.9K_AFR_LD/UKB_6.9K_AFR_LD_chr15.fam]
184239 common SNPs after including Cohort 2
Time taken: 5.05729 seconds

Setting reference based on BIM file of Cohort 1 ...
Reading Cohort 1 GWAS summary-level statistics from [/well/visscher-wray/shared/UKBiobank_info_from_UQ/QCed_GWAS_trans-ancestry/HDL_EUR_MAF01_QCed_withoutUKB.commonSNP.sumstat] ...
Reading Cohort 2 GWAS summary-level statistics from [/well/visscher-wray/shared/UKBiobank_info_from_UQ/QCed_GWAS_trans-ancestry/HDL_AFR_MAF01_QCed_withoutUKB.commonSNP.sumstat] ...
184239 common SNPs after removing rare SNPs
Time taken: 19.609067 seconds

Reading PLINK BIM file from [/well/visscher-wray/shared/UKBiobank_info_from_UQ/UKB_LD_ref_by_CHR/For_real_data_analysis/UKB_69K_EUR_LD/UKB_69K_EUR_LD_chr15.bim]...
Reading PLINK BED file from [/well/visscher-wray/shared/UKBiobank_info_from_UQ/UKB_LD_ref_by_CHR/For_real_data_analysis/UKB_69K_EUR_LD/UKB_69K_EUR_LD_chr15.bed] in SNP-major format ...
Finished reading PLINK file
  3 SNPs removed due to allele frequency too different between sumstat and bedfile
Time taken: 67.515818 seconds

Reading PLINK BIM file from [/well/visscher-wray/shared/UKBiobank_info_from_UQ/UKB_LD_ref_by_CHR/For_real_data_analysis/UKB_6.9K_AFR_LD/UKB_6.9K_AFR_LD_chr15.bim]...
Reading PLINK BED file from [/well/visscher-wray/shared/UKBiobank_info_from_UQ/UKB_LD_ref_by_CHR/For_real_data_analysis/UKB_6.9K_AFR_LD/UKB_6.9K_AFR_LD_chr15.bed] in SNP-major format ...
Finished reading PLINK file
  27 SNPs removed due to allele frequency too different between sumstat and bedfile
Time taken: 7.731332 seconds

184209 common SNPs at last for iterative selection
Vp Cohort 1: 1.14373754302
Vp Cohort 2: 1.08085296771
--------------------------------

Calculation started!
0 184209 0
No candidate SNPs, using the most significant SNP as the first candidate
rs261291 First SNP
p-value: 0.000000000000e+00
--------------------------------
1 184208 0
rs1800588 Screened SNP with the most significant conditional pC
Conditional min pC: 0.000000000000e+00
Joint b, se, max pJ: 0.106349008602 0.001797287203 0.000000000000e+00
rs1800588 New candidate SNP accepted
iter 1 finished
--------------------------------
2 184207 0
rs2899624 Screened SNP with the most significant conditional pC
Conditional min pC: 1.019754606631e-109
Joint b, se, max pJ: -0.050301484706 0.002249651803 4.860829742036e-111
rs2899624 New candidate SNP accepted
iter 2 finished
--------------------------------
3 184206 0
rs2412847 Screened SNP with the most significant conditional pC
Conditional min pC: 4.344802920442e-38
Joint b, se, max pJ: -0.048152408215 0.003747500287 4.344802920442e-38
rs2412847 New candidate SNP accepted
iter 3 finished
--------------------------------
4 184205 0
rs13329676 Screened SNP with the most significant conditional pC
Conditional min pC: 4.460182051237e-31
Joint b, se, max pJ: 0.039215684167 0.003352779734 6.643397751418e-32
rs13329676 New candidate SNP accepted
iter 4 finished
--------------------------------
5 184204 0
rs12905732 Screened SNP with the most significant conditional pC
Conditional min pC: 5.286695286186e-24
Joint b, se, max pJ: 0.039808670188 0.003353573858 8.420737347534e-33
rs12905732 New candidate SNP accepted
iter 5 finished
--------------------------------
6 184203 0
rs4619348 Screened SNP with the most significant conditional pC
Conditional min pC: 7.176107426024e-22
Joint b, se, max pJ: -0.014631791147 0.001533789394 7.166787662847e-22
rs4619348 New candidate SNP accepted
iter 6 finished
--------------------------------
7 184202 0
rs73424597 Screened SNP with the most significant conditional pC
Conditional min pC: 1.659036772363e-21
Joint b, se, max pJ: 0.044577520619 0.004715190073 1.630245473456e-21
rs73424597 New candidate SNP accepted
iter 7 finished
--------------------------------
8 184201 0
rs10851637 Screened SNP with the most significant conditional pC
Conditional min pC: 1.012220061539e-25
Joint b, se, max pJ: -0.014599113843 0.001533836727 8.824103806373e-22
rs10851637 New candidate SNP accepted
iter 8 finished
--------------------------------
9 184200 0
rs35470847 Screened SNP with the most significant conditional pC
Conditional min pC: 2.072225887626e-19
Joint b, se, max pJ: -0.019039801278 0.002120439363 1.363992682313e-19
rs35470847 New candidate SNP accepted
iter 9 finished
--------------------------------
10 184199 0
rs71478659 Screened SNP with the most significant conditional pC
Conditional min pC: 2.887222275788e-16
Joint b, se, max pJ: 0.020446013463 0.002447751557 3.328169198340e-17
rs71478659 New candidate SNP accepted
iter 10 finished
--------------------------------
11 184198 0
rs62019362 Screened SNP with the most significant conditional pC
Conditional min pC: 6.061369622251e-15
Joint b, se, max pJ: -0.020013636745 0.002547407634 1.975520738606e-15
rs62019362 New candidate SNP accepted
iter 11 finished
--------------------------------
12 184197 0
rs1601935 Screened SNP with the most significant conditional pC
Conditional min pC: 3.477039389053e-14
Joint b, se, max pJ: 0.026216440303 0.003585159076 1.311182885089e-13
rs1601935 New candidate SNP accepted
iter 12 finished
--------------------------------
13 184196 0
rs75833105 Screened SNP with the most significant conditional pC
Conditional min pC: 3.016028228048e-14
Joint b, se, max pJ: 0.024135004970 0.003594339109 9.420948322865e-12
rs75833105 New candidate SNP accepted
iter 13 finished
--------------------------------
14 184195 0
rs7170463 Screened SNP with the most significant conditional pC
Conditional min pC: 8.919179605506e-14
Joint b, se, max pJ: 0.024135004970 0.003594339109 9.420948322864e-12
rs7170463 New candidate SNP accepted
iter 14 finished
--------------------------------
15 184194 0
rs275182 Screened SNP with the most significant conditional pC
Conditional min pC: 2.621457011108e-13
Joint b, se, max pJ: 0.024135004970 0.003594339109 9.420948322865e-12
rs275182 New candidate SNP accepted
iter 15 finished
--------------------------------
16 184193 0
rs6083 Screened SNP with the most significant conditional pC
Conditional min pC: 5.092821497635e-13
Joint b, se, max pJ: 0.024161113266 0.003594589798 8.991823466378e-12
rs6083 New candidate SNP accepted
iter 16 finished
--------------------------------
17 184192 0
rs75663391 Screened SNP with the most significant conditional pC
Conditional min pC: 8.353396434358e-13
Joint b, se, max pJ: 0.024152940216 0.003594764125 9.153685554837e-12
rs75663391 New candidate SNP accepted
iter 17 finished
--------------------------------
18 184191 0
rs56332871 Screened SNP with the most significant conditional pC
Conditional min pC: 1.768734766995e-12
Joint b, se, max pJ: 0.024152940216 0.003594764125 9.153685554837e-12
rs56332871 New candidate SNP accepted
iter 18 finished
--------------------------------
19 184190 0
rs13313455 Screened SNP with the most significant conditional pC
Conditional min pC: 6.116973416579e-12
Joint b, se, max pJ: 0.024051517329 0.003594854117 1.111738484401e-11
rs13313455 New candidate SNP accepted
iter 19 finished
--------------------------------
20 184189 0
rs11635491 Screened SNP with the most significant conditional pC
Conditional min pC: 1.340422125820e-11
Joint b, se, max pJ: 0.022904846660 0.003597918202 9.692301471900e-11
rs11635491 New candidate SNP accepted
iter 20 finished
--------------------------------
21 184188 0
rs12912178 Screened SNP with the most significant conditional pC
Conditional min pC: 1.713078619573e-11
Joint b, se, max pJ: 0.024066133258 0.003602667955 1.194006983915e-11
rs12912178 New candidate SNP accepted
iter 21 finished
--------------------------------
22 184187 0
rs3848125 Screened SNP with the most significant conditional pC
Conditional min pC: 4.252275341484e-11
Joint b, se, max pJ: -0.009975101128 0.001536093272 4.184555146047e-11
rs3848125 New candidate SNP accepted
iter 22 finished
--------------------------------
23 184186 0
rs12905525 Screened SNP with the most significant conditional pC
Conditional min pC: 5.509034434645e-11
Joint b, se, max pJ: -0.010353917981 0.001604032519 5.413438968856e-11
rs12905525 New candidate SNP accepted
iter 23 finished
--------------------------------
24 184185 0
rs3803357 Screened SNP with the most significant conditional pC
Conditional min pC: 7.018687176894e-11
Joint b, se, max pJ: 0.009955591415 0.001548072524 6.340055120128e-11
rs3803357 New candidate SNP accepted
iter 24 finished
--------------------------------
25 184184 0
rs2415142 Screened SNP with the most significant conditional pC
Conditional min pC: 7.741796477273e-11
Joint b, se, max pJ: 0.010138090500 0.001583938587 7.740515761308e-11
rs2415142 New candidate SNP accepted
iter 25 finished
--------------------------------
26 184183 0
rs12324050 Screened SNP with the most significant conditional pC
Conditional min pC: 2.307839784356e-10
Joint b, se, max pJ: -0.010448013893 0.001676047989 2.277434364326e-10
rs12324050 New candidate SNP accepted
iter 26 finished
--------------------------------
27 184182 0
rs1037117 Screened SNP with the most significant conditional pC
Conditional min pC: 2.834414175010e-10
Joint b, se, max pJ: 0.011050910415 0.001782546550 2.832008838613e-10
rs1037117 New candidate SNP accepted
iter 27 finished
--------------------------------
28 184181 0
rs56249992 Screened SNP with the most significant conditional pC
Conditional min pC: 1.396863447209e-09
Joint b, se, max pJ: -0.011599643778 0.001951502157 1.391117973781e-09
rs56249992 New candidate SNP accepted
iter 28 finished
--------------------------------
29 184180 0
rs2615272 Screened SNP with the most significant conditional pC
Conditional min pC: 1.607415129598e-09
Joint b, se, max pJ: -0.011580110208 0.001951504853 1.478761297916e-09
rs2615272 New candidate SNP accepted
iter 29 finished
--------------------------------
30 184179 0
rs1818917 Screened SNP with the most significant conditional pC
Conditional min pC: 2.556477853062e-09
Joint b, se, max pJ: -0.009107390875 0.001558563062 2.556477853062e-09
rs1818917 New candidate SNP accepted
iter 30 finished
--------------------------------
31 184178 0
rs34884391 Screened SNP with the most significant conditional pC
Conditional min pC: 3.272046233462e-09
Joint b, se, max pJ: -0.009107390875 0.001558563062 2.556477853062e-09
rs34884391 New candidate SNP accepted
iter 31 finished
--------------------------------
32 184177 0
rs1984442 Screened SNP with the most significant conditional pC
Conditional min pC: 7.716785559017e-09
Joint b, se, max pJ: 0.008895583370 0.001572014043 7.625417811788e-09
rs1984442 New candidate SNP accepted
iter 32 finished
--------------------------------
33 184176 0
rs2414178 Screened SNP with the most significant conditional pC
Conditional min pC: 1.191250140406e-08
Joint b, se, max pJ: 0.010396341185 0.001861497105 1.168935111459e-08
rs2414178 New candidate SNP accepted
iter 33 finished
--------------------------------
34 184175 0
rs151303718 Screened SNP with the most significant conditional pC
Conditional min pC: 1.236437420750e-08
Joint b, se, max pJ: -0.039154859501 0.007014045546 1.186448917063e-08
rs151303718 New candidate SNP accepted
iter 34 finished
--------------------------------
35 184174 0
rs7181215 Screened SNP with the most significant conditional pC
Conditional min pC: 1.101753288762e-08
Joint b, se, max pJ: 0.016421197071 0.002931812910 1.065356826671e-08
rs7181215 New candidate SNP accepted
iter 35 finished
--------------------------------
36 184173 0
rs415208 Screened SNP with the most significant conditional pC
Conditional min pC: 2.173423716142e-08
Joint b, se, max pJ: 0.016208798337 0.002932020815 1.617662757836e-08
rs415208 New candidate SNP accepted
iter 36 finished
--------------------------------
37 184172 0
rs3743265 Screened SNP with the most significant conditional pC
Conditional min pC: 2.526536483883e-08
Joint b, se, max pJ: -0.012986029399 0.002381546358 2.479531190059e-08
rs3743265 New candidate SNP accepted
iter 37 finished
--------------------------------
38 184171 0
rs6078 Screened SNP with the most significant conditional pC
Conditional min pC: 2.859532313412e-08
Joint b, se, max pJ: -0.012977148074 0.002381546853 2.532097220450e-08
rs6078 New candidate SNP accepted
iter 38 finished
--------------------------------
39 184170 0
rs2696089 Screened SNP with the most significant conditional pC
Conditional min pC: 3.282475681405e-08
Joint b, se, max pJ: -0.012976789700 0.002381546860 2.534240436414e-08
rs2696089 New candidate SNP accepted
iter 39 finished
--------------------------------
40 184169 0
Warning: Calculation finished, NoNewSNP-aboveSigThreshold
rs10735127 5.314630584593e-08
iter 40 finished
--------------------------------
Results saved into [/users/visscher-wray/agg287/R_to_Cplusplus/results_1015_macojo_gcta/HDL/chr15.jma.cojo]

MDISA for Cohort 1
40 184169 0
rs11637314 Screened SNP with the most significant conditional pC
Conditional min pC: 9.998100514717e-10
Joint b, se, max pJ: 0.018583726043 0.005003256533 1.018729834670e-04
rs11637314 skipped, fixed candidate SNP exceeds p-value threshold
rs73414883 Screened SNP with the most significant conditional pC
Conditional min pC: 1.028365566351e-09
Joint b, se, max pJ: 0.018615796786 0.005003206174 9.930676983502e-05
rs73414883 skipped, fixed candidate SNP exceeds p-value threshold
rs202001522 Screened SNP with the most significant conditional pC
Conditional min pC: 1.163412040378e-09
Joint b, se, max pJ: 0.018833969955 0.005003068643 8.344680366395e-05
rs202001522 skipped, fixed candidate SNP exceeds p-value threshold
rs141878770 Screened SNP with the most significant conditional pC
Conditional min pC: 2.485793565841e-09
Joint b, se, max pJ: 0.018671471894 0.005003151058 9.500445279622e-05
rs141878770 skipped, fixed candidate SNP exceeds p-value threshold
rs78617576 Screened SNP with the most significant conditional pC
Conditional min pC: 3.313341852948e-09
Joint b, se, max pJ: 0.018608104572 0.005003225356 9.991877667344e-05
rs78617576 skipped, fixed candidate SNP exceeds p-value threshold
rs79526707 Screened SNP with the most significant conditional pC
Conditional min pC: 6.134744865751e-09
Joint b, se, max pJ: 0.018646465126 0.005003182564 9.691666968684e-05
rs79526707 skipped, fixed candidate SNP exceeds p-value threshold
rs34278620 Screened SNP with the most significant conditional pC
Conditional min pC: 7.303136044160e-09
Joint b, se, max pJ: 0.018700780841 0.005003129820 9.281269694080e-05
rs34278620 skipped, fixed candidate SNP exceeds p-value threshold
rs4075650 Screened SNP with the most significant conditional pC
Conditional min pC: 7.677954575511e-09
Joint b, se, max pJ: 0.018687785210 0.005003144764 9.378013379569e-05
rs4075650 skipped, fixed candidate SNP exceeds p-value threshold
rs7172410 Screened SNP with the most significant conditional pC
Conditional min pC: 1.671424621989e-08
Joint b, se, max pJ: 0.018608903892 0.005003249820 9.986279225432e-05
rs7172410 skipped, fixed candidate SNP exceeds p-value threshold
rs4517726 Screened SNP with the most significant conditional pC
Conditional min pC: 2.108453865789e-08
Joint b, se, max pJ: 0.018689189212 0.005003148292 9.367659009244e-05
rs4517726 skipped, fixed candidate SNP exceeds p-value threshold
rs138214412 Screened SNP with the most significant conditional pC
Conditional min pC: 2.203783791504e-08
Joint b, se, max pJ: 0.018171816064 0.005004525380 1.411205801268e-04
rs138214412 skipped, fixed candidate SNP exceeds p-value threshold
rs4326992 Screened SNP with the most significant conditional pC
Conditional min pC: 4.336001171030e-08
Joint b, se, max pJ: 0.018624526928 0.005003236734 9.863165821737e-05
rs4326992 skipped, fixed candidate SNP exceeds p-value threshold
Warning: Calculation finished, NoNewSNP-aboveSigThreshold
rs12148235 9.156145364521e-08
iter 0 finished
--------------------------------
Results saved into [/users/visscher-wray/agg287/R_to_Cplusplus/results_1015_macojo_gcta/HDL/chr15.MDISA.cohort1.jma.cojo]

MDISA for Cohort 2
40 184169 0
rs588136 Screened SNP with the most significant conditional pC
Conditional min pC: 2.459969111320e-13
Joint b, se, max pJ: 0.001029216827 0.016332742057 4.748770584005e-01
rs588136 skipped, fixed candidate SNP exceeds p-value threshold
rs572410 Screened SNP with the most significant conditional pC
Conditional min pC: 3.370302721565e-08
Joint b, se, max pJ: 0.001060788785 0.016332741533 4.741074603611e-01
rs572410 skipped, fixed candidate SNP exceeds p-value threshold
Warning: Calculation finished, NoNewSNP-aboveSigThreshold
rs8023503 1.697354953192e-07
iter 0 finished
--------------------------------
Results saved into [/users/visscher-wray/agg287/R_to_Cplusplus/results_1015_macojo_gcta/HDL/chr15.MDISA.cohort2.jma.cojo]

All calculations finished!
Total running time: 171.42 seconds

=========== MACOJO CONFIGURATION ===========
Threshold: 5e-8
Colinearity threshold: 0.9
R2 incremental threshold: -1
R2 incremental threshold backwards: -1
SNP position window (+/-): 10Mb
SNP frequency threshold: 0.01
SNP frequency mode: OR
Use GCTA-COJO model selection criteria
===========================================

6511658 SNPs in file [/well/visscher-wray/shared/UKBiobank_info_from_UQ/QCed_GWAS_trans-ancestry/LDL_EUR_MAF01_QCed_withoutUKB.commonSNP.sumstat]
184526 SNPs in file [/well/visscher-wray/shared/UKBiobank_info_from_UQ/UKB_LD_ref_by_CHR/For_real_data_analysis/UKB_69K_EUR_LD/UKB_69K_EUR_LD_chr15.bim]
69010 individuals in FAM file [/well/visscher-wray/shared/UKBiobank_info_from_UQ/UKB_LD_ref_by_CHR/For_real_data_analysis/UKB_69K_EUR_LD/UKB_69K_EUR_LD_chr15.fam]
184159 common SNPs after including Cohort 1
Time taken: 5.055128 seconds

6511658 SNPs in file [/well/visscher-wray/shared/UKBiobank_info_from_UQ/QCed_GWAS_trans-ancestry/LDL_AFR_MAF01_QCed_withoutUKB.commonSNP.sumstat]
184526 SNPs in file [/well/visscher-wray/shared/UKBiobank_info_from_UQ/UKB_LD_ref_by_CHR/For_real_data_analysis/UKB_6.9K_AFR_LD/UKB_6.9K_AFR_LD_chr15.bim]
6901 individuals in FAM file [/well/visscher-wray/shared/UKBiobank_info_from_UQ/UKB_LD_ref_by_CHR/For_real_data_analysis/UKB_6.9K_AFR_LD/UKB_6.9K_AFR_LD_chr15.fam]
184159 common SNPs after including Cohort 2
Time taken: 5.026255 seconds

Setting reference based on BIM file of Cohort 1 ...
Reading Cohort 1 GWAS summary-level statistics from [/well/visscher-wray/shared/UKBiobank_info_from_UQ/QCed_GWAS_trans-ancestry/LDL_EUR_MAF01_QCed_withoutUKB.commonSNP.sumstat] ...
Reading Cohort 2 GWAS summary-level statistics from [/well/visscher-wray/shared/UKBiobank_info_from_UQ/QCed_GWAS_trans-ancestry/LDL_AFR_MAF01_QCed_withoutUKB.commonSNP.sumstat] ...
184159 common SNPs after removing rare SNPs
Time taken: 19.734399 seconds

Reading PLINK BIM file from [/well/visscher-wray/shared/UKBiobank_info_from_UQ/UKB_LD_ref_by_CHR/For_real_data_analysis/UKB_69K_EUR_LD/UKB_69K_EUR_LD_chr15.bim]...
Reading PLINK BED file from [/well/visscher-wray/shared/UKBiobank_info_from_UQ/UKB_LD_ref_by_CHR/For_real_data_analysis/UKB_69K_EUR_LD/UKB_69K_EUR_LD_chr15.bed] in SNP-major format ...
Finished reading PLINK file
  3 SNPs removed due to allele frequency too different between sumstat and bedfile
Time taken: 67.36025 seconds

Reading PLINK BIM file from [/well/visscher-wray/shared/UKBiobank_info_from_UQ/UKB_LD_ref_by_CHR/For_real_data_analysis/UKB_6.9K_AFR_LD/UKB_6.9K_AFR_LD_chr15.bim]...
Reading PLINK BED file from [/well/visscher-wray/shared/UKBiobank_info_from_UQ/UKB_LD_ref_by_CHR/For_real_data_analysis/UKB_6.9K_AFR_LD/UKB_6.9K_AFR_LD_chr15.bed] in SNP-major format ...
Finished reading PLINK file
  29 SNPs removed due to allele frequency too different between sumstat and bedfile
Time taken: 7.69682 seconds

184127 common SNPs at last for iterative selection
Vp Cohort 1: 1.14118342679
Vp Cohort 2: 1.08437940481
--------------------------------

Calculation started!
0 184127 0
No candidate SNPs, using the most significant SNP as the first candidate
rs2413926 First SNP
p-value: 6.447449256349e-18
--------------------------------
1 184126 0
rs11638576 Screened SNP with the most significant conditional pC
Conditional min pC: 4.032542744708e-17
Joint b, se, max pJ: 0.014425647815 0.001731712078 4.032542744708e-17
rs11638576 New candidate SNP accepted
iter 1 finished
--------------------------------
2 184125 0
rs11635502 Screened SNP with the most significant conditional pC
Conditional min pC: 4.738029300425e-13
Joint b, se, max pJ: 0.012617860889 0.001767724832 4.738029300425e-13
rs11635502 New candidate SNP accepted
iter 2 finished
--------------------------------
3 184124 0
rs72733928 Screened SNP with the most significant conditional pC
Conditional min pC: 1.091758460346e-11
Joint b, se, max pJ: 0.024081531000 0.003597751221 1.089509931713e-11
rs72733928 New candidate SNP accepted
iter 3 finished
--------------------------------
4 184123 0
rs2955967 Screened SNP with the most significant conditional pC
Conditional min pC: 1.085063885796e-10
Joint b, se, max pJ: -0.010513576611 0.001655996491 1.085063885796e-10
rs2955967 New candidate SNP accepted
iter 4 finished
--------------------------------
5 184122 0
rs11856958 Screened SNP with the most significant conditional pC
Conditional min pC: 3.120305813143e-10
Joint b, se, max pJ: -0.010410018305 0.001683316665 3.120305813143e-10
rs11856958 New candidate SNP accepted
iter 5 finished
--------------------------------
6 184121 0
rs8028147 Screened SNP with the most significant conditional pC
Conditional min pC: 5.763900821564e-09
Joint b, se, max pJ: 0.010613704875 0.001859455943 5.716828633874e-09
rs8028147 New candidate SNP accepted
iter 6 finished
--------------------------------
7 184120 0
rs61735385 Screened SNP with the most significant conditional pC
Conditional min pC: 1.087302927288e-08
Joint b, se, max pJ: -0.014751039607 0.002635110660 1.084929215731e-08
rs61735385 New candidate SNP accepted
iter 7 finished
--------------------------------
8 184119 0
rs2458247 Screened SNP with the most significant conditional pC
Conditional min pC: 1.152403484210e-08
Joint b, se, max pJ: -0.008859198969 0.001584863286 1.136118961150e-08
rs2458247 New candidate SNP accepted
iter 8 finished
--------------------------------
9 184118 0
rs4776149 Screened SNP with the most significant conditional pC
Conditional min pC: 2.244395663870e-08
Joint b, se, max pJ: -0.009329410597 0.001704941669 2.225146751762e-08
rs4776149 New candidate SNP accepted
iter 9 finished
--------------------------------
10 184117 0
rs62013401 Screened SNP with the most significant conditional pC
Conditional min pC: 4.238532053934e-08
Joint b, se, max pJ: 0.011468067002 0.002138865588 4.120930427871e-08
rs62013401 New candidate SNP accepted
iter 10 finished
--------------------------------
11 184116 0
Warning: Calculation finished, NoNewSNP-aboveSigThreshold
rs4344682 5.321466431675e-08
iter 11 finished
--------------------------------
Results saved into [/users/visscher-wray/agg287/R_to_Cplusplus/results_1015_macojo_gcta/LDL/chr15.jma.cojo]

MDISA for Cohort 1
11 184116 0
Warning: Calculation finished, NoNewSNP-aboveSigThreshold
rs2053594 5.236336171661e-08
iter 0 finished
--------------------------------
Results saved into [/users/visscher-wray/agg287/R_to_Cplusplus/results_1015_macojo_gcta/LDL/chr15.MDISA.cohort1.jma.cojo]

MDISA for Cohort 2
11 184116 0
Warning: Calculation finished, NoNewSNP-aboveSigThreshold
rs142996847 1.404853118524e-05
iter 0 finished
--------------------------------
Results saved into [/users/visscher-wray/agg287/R_to_Cplusplus/results_1015_macojo_gcta/LDL/chr15.MDISA.cohort2.jma.cojo]

All calculations finished!
Total running time: 123.84 seconds

=========== MACOJO CONFIGURATION ===========
Threshold: 5e-8
Colinearity threshold: 0.9
R2 incremental threshold: -1
R2 incremental threshold backwards: -1
SNP position window (+/-): 10Mb
SNP frequency threshold: 0.01
SNP frequency mode: OR
Use GCTA-COJO model selection criteria
===========================================

6514129 SNPs in file [/well/visscher-wray/shared/UKBiobank_info_from_UQ/QCed_GWAS_trans-ancestry/logTG_EUR_MAF01_QCed_withoutUKB.commonSNP.sumstat]
184526 SNPs in file [/well/visscher-wray/shared/UKBiobank_info_from_UQ/UKB_LD_ref_by_CHR/For_real_data_analysis/UKB_69K_EUR_LD/UKB_69K_EUR_LD_chr15.bim]
69010 individuals in FAM file [/well/visscher-wray/shared/UKBiobank_info_from_UQ/UKB_LD_ref_by_CHR/For_real_data_analysis/UKB_69K_EUR_LD/UKB_69K_EUR_LD_chr15.fam]
184237 common SNPs after including Cohort 1
Time taken: 5.070126 seconds

6514129 SNPs in file [/well/visscher-wray/shared/UKBiobank_info_from_UQ/QCed_GWAS_trans-ancestry/logTG_AFR_MAF01_QCed_withoutUKB.commonSNP.sumstat]
184526 SNPs in file [/well/visscher-wray/shared/UKBiobank_info_from_UQ/UKB_LD_ref_by_CHR/For_real_data_analysis/UKB_6.9K_AFR_LD/UKB_6.9K_AFR_LD_chr15.bim]
6901 individuals in FAM file [/well/visscher-wray/shared/UKBiobank_info_from_UQ/UKB_LD_ref_by_CHR/For_real_data_analysis/UKB_6.9K_AFR_LD/UKB_6.9K_AFR_LD_chr15.fam]
184237 common SNPs after including Cohort 2
Time taken: 5.031798 seconds

Setting reference based on BIM file of Cohort 1 ...
Reading Cohort 1 GWAS summary-level statistics from [/well/visscher-wray/shared/UKBiobank_info_from_UQ/QCed_GWAS_trans-ancestry/logTG_EUR_MAF01_QCed_withoutUKB.commonSNP.sumstat] ...
Reading Cohort 2 GWAS summary-level statistics from [/well/visscher-wray/shared/UKBiobank_info_from_UQ/QCed_GWAS_trans-ancestry/logTG_AFR_MAF01_QCed_withoutUKB.commonSNP.sumstat] ...
184237 common SNPs after removing rare SNPs
Time taken: 19.652789 seconds

Reading PLINK BIM file from [/well/visscher-wray/shared/UKBiobank_info_from_UQ/UKB_LD_ref_by_CHR/For_real_data_analysis/UKB_69K_EUR_LD/UKB_69K_EUR_LD_chr15.bim]...
Reading PLINK BED file from [/well/visscher-wray/shared/UKBiobank_info_from_UQ/UKB_LD_ref_by_CHR/For_real_data_analysis/UKB_69K_EUR_LD/UKB_69K_EUR_LD_chr15.bed] in SNP-major format ...
Finished reading PLINK file
  3 SNPs removed due to allele frequency too different between sumstat and bedfile
Time taken: 67.353199 seconds

Reading PLINK BIM file from [/well/visscher-wray/shared/UKBiobank_info_from_UQ/UKB_LD_ref_by_CHR/For_real_data_analysis/UKB_6.9K_AFR_LD/UKB_6.9K_AFR_LD_chr15.bim]...
Reading PLINK BED file from [/well/visscher-wray/shared/UKBiobank_info_from_UQ/UKB_LD_ref_by_CHR/For_real_data_analysis/UKB_6.9K_AFR_LD/UKB_6.9K_AFR_LD_chr15.bed] in SNP-major format ...
Finished reading PLINK file
  27 SNPs removed due to allele frequency too different between sumstat and bedfile
Time taken: 7.664676 seconds

184207 common SNPs at last for iterative selection
Vp Cohort 1: 1.13087849294
Vp Cohort 2: 1.07955603997
--------------------------------

Calculation started!
0 184207 0
No candidate SNPs, using the most significant SNP as the first candidate
rs1077835 First SNP
p-value: 7.200180793142e-113
--------------------------------
1 184206 0
rs261291 Screened SNP with the most significant conditional pC
Conditional min pC: 9.807292884710e-69
Joint b, se, max pJ: 0.027885519938 0.001594647720 9.007694529768e-69
rs261291 New candidate SNP accepted
iter 1 finished
--------------------------------
2 184205 0
rs2412847 Screened SNP with the most significant conditional pC
Conditional min pC: 9.613213855078e-58
Joint b, se, max pJ: 0.060232427751 0.003770526336 9.613213855077e-58
rs2412847 New candidate SNP accepted
iter 2 finished
--------------------------------
3 184204 0
rs11635675 Screened SNP with the most significant conditional pC
Conditional min pC: 9.685507577727e-44
Joint b, se, max pJ: 0.022806074241 0.001650135863 9.556732613156e-44
rs11635675 New candidate SNP accepted
iter 3 finished
--------------------------------
4 184203 0
rs62019362 Screened SNP with the most significant conditional pC
Conditional min pC: 7.594119162420e-22
Joint b, se, max pJ: 0.025002995655 0.002575416087 1.389226364109e-22
rs62019362 New candidate SNP accepted
iter 4 finished
--------------------------------
5 184202 0
rs8038648 Screened SNP with the most significant conditional pC
Conditional min pC: 3.006461222736e-19
Joint b, se, max pJ: 0.016579609828 0.001854811202 1.968790543858e-19
rs8038648 New candidate SNP accepted
iter 5 finished
--------------------------------
6 184201 0
rs4776793 Screened SNP with the most significant conditional pC
Conditional min pC: 1.971060991633e-17
Joint b, se, max pJ: 0.013377176189 0.001589682106 1.964461222836e-17
rs4776793 New candidate SNP accepted
iter 6 finished
--------------------------------
7 184200 0
rs72733928 Screened SNP with the most significant conditional pC
Conditional min pC: 2.793868871805e-17
Joint b, se, max pJ: 0.013296142016 0.001589716517 3.035341705908e-17
rs72733928 New candidate SNP accepted
iter 7 finished
--------------------------------
8 184199 0
rs8029570 Screened SNP with the most significant conditional pC
Conditional min pC: 2.304193993376e-15
Joint b, se, max pJ: 0.012770486718 0.001629478209 2.304193993376e-15
rs8029570 New candidate SNP accepted
iter 8 finished
--------------------------------
9 184198 0
rs2706484 Screened SNP with the most significant conditional pC
Conditional min pC: 7.223894520524e-14
Joint b, se, max pJ: 0.020449505756 0.002612858393 2.508428983943e-15
rs2706484 New candidate SNP accepted
iter 9 finished
--------------------------------
10 184197 0
rs713048 Screened SNP with the most significant conditional pC
Conditional min pC: 2.894733021951e-13
Joint b, se, max pJ: -0.013708284180 0.001902475898 2.891628078867e-13
rs713048 New candidate SNP accepted
iter 10 finished
--------------------------------
11 184196 0
rs8025212 Screened SNP with the most significant conditional pC
Conditional min pC: 1.104798139082e-12
Joint b, se, max pJ: -0.011804887774 0.001680185784 1.063134323082e-12
rs8025212 New candidate SNP accepted
iter 11 finished
--------------------------------
12 184195 0
rs1037118 Screened SNP with the most significant conditional pC
Conditional min pC: 4.037978674292e-12
Joint b, se, max pJ: -0.011632452621 0.001701196360 4.020727505831e-12
rs1037118 New candidate SNP accepted
iter 12 finished
--------------------------------
13 184194 0
rs275179 Screened SNP with the most significant conditional pC
Conditional min pC: 1.232995578571e-11
Joint b, se, max pJ: -0.013761681305 0.002059371911 1.174778168752e-11
rs275179 New candidate SNP accepted
iter 13 finished
--------------------------------
14 184193 0
rs2431023 Screened SNP with the most significant conditional pC
Conditional min pC: 1.900072322897e-11
Joint b, se, max pJ: -0.013761681305 0.002059371911 1.174778168752e-11
rs2431023 New candidate SNP accepted
iter 14 finished
--------------------------------
15 184192 0
rs2899624 Screened SNP with the most significant conditional pC
Conditional min pC: 2.799114572394e-11
Joint b, se, max pJ: -0.014980174167 0.002271686035 2.136366828094e-11
rs2899624 New candidate SNP accepted
iter 15 finished
--------------------------------
16 184191 0
rs2289326 Screened SNP with the most significant conditional pC
Conditional min pC: 4.309912920175e-11
Joint b, se, max pJ: 0.010156545617 0.001563043805 4.071696326079e-11
rs2289326 New candidate SNP accepted
iter 16 finished
--------------------------------
17 184190 0
rs12900025 Screened SNP with the most significant conditional pC
Conditional min pC: 7.261743838061e-11
Joint b, se, max pJ: 0.010119016218 0.001578286282 7.209719589041e-11
rs12900025 New candidate SNP accepted
iter 17 finished
--------------------------------
18 184189 0
rs34245505 Screened SNP with the most significant conditional pC
Conditional min pC: 9.213203693237e-10
Joint b, se, max pJ: 0.012961556748 0.002154541375 8.943184633435e-10
rs34245505 New candidate SNP accepted
iter 18 finished
--------------------------------
19 184188 0
rs112149167 Screened SNP with the most significant conditional pC
Conditional min pC: 2.072412404468e-09
Joint b, se, max pJ: 0.012971106775 0.002154781214 8.737775279117e-10
rs112149167 New candidate SNP accepted
iter 19 finished
--------------------------------
20 184187 0
rs72757002 Screened SNP with the most significant conditional pC
Conditional min pC: 2.259274431089e-09
Joint b, se, max pJ: -0.018156282819 0.003079275603 1.858896758503e-09
rs72757002 New candidate SNP accepted
iter 20 finished
--------------------------------
21 184186 0
rs80076887 Screened SNP with the most significant conditional pC
Conditional min pC: 3.576696334577e-09
Joint b, se, max pJ: 0.032385242129 0.005594229494 3.539402307664e-09
rs80076887 New candidate SNP accepted
iter 21 finished
--------------------------------
22 184185 0
rs28624578 Screened SNP with the most significant conditional pC
Conditional min pC: 7.694403311942e-09
Joint b, se, max pJ: 0.012466002241 0.002203462718 7.681479210905e-09
rs28624578 New candidate SNP accepted
iter 22 finished
--------------------------------
23 184184 0
rs2663994 Screened SNP with the most significant conditional pC
Conditional min pC: 8.096292053575e-09
Joint b, se, max pJ: 0.012465423641 0.002203462824 7.693248649706e-09
rs2663994 New candidate SNP accepted
iter 23 finished
--------------------------------
24 184183 0
rs6078 Screened SNP with the most significant conditional pC
Conditional min pC: 8.243987457455e-09
Joint b, se, max pJ: 0.025093616158 0.004440512690 7.972939953602e-09
rs6078 New candidate SNP accepted
iter 24 finished
--------------------------------
25 184182 0
rs12595672 Screened SNP with the most significant conditional pC
Conditional min pC: 1.377547371071e-08
Joint b, se, max pJ: -0.009453743885 0.001701075105 1.368242431883e-08
rs12595672 New candidate SNP accepted
iter 25 finished
--------------------------------
26 184181 0
rs2415142 Screened SNP with the most significant conditional pC
Conditional min pC: 3.020959949117e-08
Joint b, se, max pJ: -0.009087927216 0.001636121531 1.391598454642e-08
rs2415142 New candidate SNP accepted
iter 26 finished
--------------------------------
27 184180 0
rs3751542 Screened SNP with the most significant conditional pC
Conditional min pC: 3.083672724728e-08
Joint b, se, max pJ: -0.009087296786 0.001636121602 1.394673187884e-08
rs3751542 New candidate SNP accepted
iter 27 finished
--------------------------------
28 184179 0
rs13329676 Screened SNP with the most significant conditional pC
Conditional min pC: 1.782372581829e-08
Joint b, se, max pJ: -0.009087793242 0.001636121614 1.392253169908e-08
rs13329676 New candidate SNP accepted
iter 28 finished
--------------------------------
29 184178 0
rs7176647 Screened SNP with the most significant conditional pC
Conditional min pC: 3.663457357751e-08
Joint b, se, max pJ: -0.008764910546 0.001628177550 3.657344721782e-08
rs7176647 New candidate SNP accepted
iter 29 finished
--------------------------------
30 184177 0
Warning: Calculation finished, NoNewSNP-aboveSigThreshold
rs35000814 8.236951546196e-08
iter 30 finished
--------------------------------
Results saved into [/users/visscher-wray/agg287/R_to_Cplusplus/results_1015_macojo_gcta/logTG/chr15.jma.cojo]

MDISA for Cohort 1
30 184177 0
Warning: Calculation finished, NoNewSNP-aboveSigThreshold
rs3784254 1.084439339006e-07
iter 0 finished
--------------------------------
Results saved into [/users/visscher-wray/agg287/R_to_Cplusplus/results_1015_macojo_gcta/logTG/chr15.MDISA.cohort1.jma.cojo]

MDISA for Cohort 2
30 184177 0
Warning: Calculation finished, NoNewSNP-aboveSigThreshold
rs2218536 1.442617217335e-05
iter 0 finished
--------------------------------
Results saved into [/users/visscher-wray/agg287/R_to_Cplusplus/results_1015_macojo_gcta/logTG/chr15.MDISA.cohort2.jma.cojo]

All calculations finished!
Total running time: 151.57 seconds

=========== MACOJO CONFIGURATION ===========
Threshold: 5e-8
Colinearity threshold: 0.9
R2 incremental threshold: -1
R2 incremental threshold backwards: -1
SNP position window (+/-): 10Mb
SNP frequency threshold: 0.01
SNP frequency mode: OR
Use GCTA-COJO model selection criteria
===========================================

6514274 SNPs in file [/well/visscher-wray/shared/UKBiobank_info_from_UQ/QCed_GWAS_trans-ancestry/TC_EUR_MAF01_QCed_withoutUKB.commonSNP.sumstat]
184526 SNPs in file [/well/visscher-wray/shared/UKBiobank_info_from_UQ/UKB_LD_ref_by_CHR/For_real_data_analysis/UKB_69K_EUR_LD/UKB_69K_EUR_LD_chr15.bim]
69010 individuals in FAM file [/well/visscher-wray/shared/UKBiobank_info_from_UQ/UKB_LD_ref_by_CHR/For_real_data_analysis/UKB_69K_EUR_LD/UKB_69K_EUR_LD_chr15.fam]
184240 common SNPs after including Cohort 1
Time taken: 5.070764 seconds

6514274 SNPs in file [/well/visscher-wray/shared/UKBiobank_info_from_UQ/QCed_GWAS_trans-ancestry/TC_AFR_MAF01_QCed_withoutUKB.commonSNP.sumstat]
184526 SNPs in file [/well/visscher-wray/shared/UKBiobank_info_from_UQ/UKB_LD_ref_by_CHR/For_real_data_analysis/UKB_6.9K_AFR_LD/UKB_6.9K_AFR_LD_chr15.bim]
6901 individuals in FAM file [/well/visscher-wray/shared/UKBiobank_info_from_UQ/UKB_LD_ref_by_CHR/For_real_data_analysis/UKB_6.9K_AFR_LD/UKB_6.9K_AFR_LD_chr15.fam]
184240 common SNPs after including Cohort 2
Time taken: 5.037454 seconds

Setting reference based on BIM file of Cohort 1 ...
Reading Cohort 1 GWAS summary-level statistics from [/well/visscher-wray/shared/UKBiobank_info_from_UQ/QCed_GWAS_trans-ancestry/TC_EUR_MAF01_QCed_withoutUKB.commonSNP.sumstat] ...
Reading Cohort 2 GWAS summary-level statistics from [/well/visscher-wray/shared/UKBiobank_info_from_UQ/QCed_GWAS_trans-ancestry/TC_AFR_MAF01_QCed_withoutUKB.commonSNP.sumstat] ...
184240 common SNPs after removing rare SNPs
Time taken: 19.607006 seconds

Reading PLINK BIM file from [/well/visscher-wray/shared/UKBiobank_info_from_UQ/UKB_LD_ref_by_CHR/For_real_data_analysis/UKB_69K_EUR_LD/UKB_69K_EUR_LD_chr15.bim]...
Reading PLINK BED file from [/well/visscher-wray/shared/UKBiobank_info_from_UQ/UKB_LD_ref_by_CHR/For_real_data_analysis/UKB_69K_EUR_LD/UKB_69K_EUR_LD_chr15.bed] in SNP-major format ...
Finished reading PLINK file
  3 SNPs removed due to allele frequency too different between sumstat and bedfile
Time taken: 67.347529 seconds

Reading PLINK BIM file from [/well/visscher-wray/shared/UKBiobank_info_from_UQ/UKB_LD_ref_by_CHR/For_real_data_analysis/UKB_6.9K_AFR_LD/UKB_6.9K_AFR_LD_chr15.bim]...
Reading PLINK BED file from [/well/visscher-wray/shared/UKBiobank_info_from_UQ/UKB_LD_ref_by_CHR/For_real_data_analysis/UKB_6.9K_AFR_LD/UKB_6.9K_AFR_LD_chr15.bed] in SNP-major format ...
Finished reading PLINK file
  25 SNPs removed due to allele frequency too different between sumstat and bedfile
Time taken: 7.657928 seconds

184212 common SNPs at last for iterative selection
Vp Cohort 1: 1.14781583876
Vp Cohort 2: 1.08076448034
--------------------------------

Calculation started!
0 184212 0
No candidate SNPs, using the most significant SNP as the first candidate
rs2070895 First SNP
p-value: 1.705380450211e-240
--------------------------------
1 184211 0
rs261291 Screened SNP with the most significant conditional pC
Conditional min pC: 1.137383362530e-221
Joint b, se, max pJ: 0.049299151264 0.001551766589 8.488312418400e-222
rs261291 New candidate SNP accepted
iter 1 finished
--------------------------------
2 184210 0
rs1973688 Screened SNP with the most significant conditional pC
Conditional min pC: 2.280374025757e-39
Joint b, se, max pJ: -0.021741954235 0.001662032855 2.099152682786e-39
rs1973688 New candidate SNP accepted
iter 2 finished
--------------------------------
3 184209 0
rs62011285 Screened SNP with the most significant conditional pC
Conditional min pC: 1.125231441533e-23
Joint b, se, max pJ: 0.016020541575 0.001608094561 1.112692443383e-23
rs62011285 New candidate SNP accepted
iter 3 finished
--------------------------------
4 184208 0
rs72733928 Screened SNP with the most significant conditional pC
Conditional min pC: 2.371478667168e-19
Joint b, se, max pJ: 0.030439399672 0.003413034779 2.361674717355e-19
rs72733928 New candidate SNP accepted
iter 4 finished
--------------------------------
5 184207 0
rs11072516 Screened SNP with the most significant conditional pC
Conditional min pC: 4.577930090139e-15
Joint b, se, max pJ: 0.012654686261 0.001632765347 4.577930090139e-15
rs11072516 New candidate SNP accepted
iter 5 finished
--------------------------------
6 184206 0
rs2413926 Screened SNP with the most significant conditional pC
Conditional min pC: 5.466427583140e-15
Joint b, se, max pJ: -0.012261574254 0.001586600151 5.453597990809e-15
rs2413926 New candidate SNP accepted
iter 6 finished
--------------------------------
7 184205 0
rs8028147 Screened SNP with the most significant conditional pC
Conditional min pC: 2.503901779937e-12
Joint b, se, max pJ: 0.012262846493 0.001775394106 2.473091693159e-12
rs8028147 New candidate SNP accepted
iter 7 finished
--------------------------------
8 184204 0
rs7402553 Screened SNP with the most significant conditional pC
Conditional min pC: 3.379421608249e-12
Joint b, se, max pJ: -0.010836609740 0.001579067682 3.379421608249e-12
rs7402553 New candidate SNP accepted
iter 8 finished
--------------------------------
9 184203 0
rs13329676 Screened SNP with the most significant conditional pC
Conditional min pC: 3.736026707739e-12
Joint b, se, max pJ: -0.010836609740 0.001579067682 3.379421608249e-12
rs13329676 New candidate SNP accepted
iter 9 finished
--------------------------------
10 184202 0
rs73424597 Screened SNP with the most significant conditional pC
Conditional min pC: 1.959577693405e-09
Joint b, se, max pJ: 0.027263276312 0.004629547608 1.943026169970e-09
rs73424597 New candidate SNP accepted
iter 10 finished
--------------------------------
11 184201 0
rs2053594 Screened SNP with the most significant conditional pC
Conditional min pC: 2.227309203816e-09
Joint b, se, max pJ: 0.027202378522 0.004629569848 2.104162347658e-09
rs2053594 New candidate SNP accepted
iter 11 finished
--------------------------------
12 184200 0
rs2469202 Screened SNP with the most significant conditional pC
Conditional min pC: 7.143896758367e-09
Joint b, se, max pJ: -0.010609347422 0.001864833130 6.383022403106e-09
rs2469202 New candidate SNP accepted
iter 12 finished
--------------------------------
13 184199 0
rs6496592 Screened SNP with the most significant conditional pC
Conditional min pC: 1.496257562117e-08
Joint b, se, max pJ: 0.009072095936 0.001636942748 1.494350985047e-08
rs6496592 New candidate SNP accepted
iter 13 finished
--------------------------------
14 184198 0
rs61735385 Screened SNP with the most significant conditional pC
Conditional min pC: 1.995218849912e-08
Joint b, se, max pJ: -0.013818140085 0.002516126990 1.988958195944e-08
rs61735385 New candidate SNP accepted
iter 14 finished
--------------------------------
15 184197 0
rs55966152 Screened SNP with the most significant conditional pC
Conditional min pC: 2.415422908965e-08
Joint b, se, max pJ: -0.013807937869 0.002516138435 2.035432011471e-08
rs55966152 New candidate SNP accepted
iter 15 finished
--------------------------------
16 184196 0
Warning: Calculation finished, NoNewSNP-aboveSigThreshold
rs28521367 1.254843902570e-07
iter 16 finished
--------------------------------
Results saved into [/users/visscher-wray/agg287/R_to_Cplusplus/results_1015_macojo_gcta/TC/chr15.jma.cojo]

MDISA for Cohort 1
16 184196 0
Warning: Calculation finished, NoNewSNP-aboveSigThreshold
rs7164747 2.044061664334e-07
iter 0 finished
--------------------------------
Results saved into [/users/visscher-wray/agg287/R_to_Cplusplus/results_1015_macojo_gcta/TC/chr15.MDISA.cohort1.jma.cojo]

MDISA for Cohort 2
16 184196 0
Warning: Calculation finished, NoNewSNP-aboveSigThreshold
rs588136 7.992194017672e-08
iter 0 finished
--------------------------------
Results saved into [/users/visscher-wray/agg287/R_to_Cplusplus/results_1015_macojo_gcta/TC/chr15.MDISA.cohort2.jma.cojo]

All calculations finished!
Total running time: 130.88 seconds

=========== MACOJO CONFIGURATION ===========
Threshold: 5e-8
Colinearity threshold: 0.9
R2 incremental threshold: -1
R2 incremental threshold backwards: -1
SNP position window (+/-): 10Mb
SNP frequency threshold: 0.01
SNP frequency mode: OR
Use GCTA-COJO model selection criteria
===========================================

1112055 SNPs in file [/well/visscher-wray/shared/UKBiobank_info_from_UQ/QCed_GWAS_trans-ancestry/Height_EUR_MAF01_QCed_withoutUKB.commonSNP.sumstat]
184526 SNPs in file [/well/visscher-wray/shared/UKBiobank_info_from_UQ/UKB_LD_ref_by_CHR/For_real_data_analysis/UKB_69K_EUR_LD/UKB_69K_EUR_LD_chr15.bim]
69010 individuals in FAM file [/well/visscher-wray/shared/UKBiobank_info_from_UQ/UKB_LD_ref_by_CHR/For_real_data_analysis/UKB_69K_EUR_LD/UKB_69K_EUR_LD_chr15.fam]
33699 common SNPs after including Cohort 1
Time taken: 0.983043 seconds

1112055 SNPs in file [/well/visscher-wray/shared/UKBiobank_info_from_UQ/QCed_GWAS_trans-ancestry/Height_AFR_MAF01_QCed_withoutUKB.commonSNP.sumstat]
184526 SNPs in file [/well/visscher-wray/shared/UKBiobank_info_from_UQ/UKB_LD_ref_by_CHR/For_real_data_analysis/UKB_6.9K_AFR_LD/UKB_6.9K_AFR_LD_chr15.bim]
6901 individuals in FAM file [/well/visscher-wray/shared/UKBiobank_info_from_UQ/UKB_LD_ref_by_CHR/For_real_data_analysis/UKB_6.9K_AFR_LD/UKB_6.9K_AFR_LD_chr15.fam]
33699 common SNPs after including Cohort 2
Time taken: 0.946959 seconds

Setting reference based on BIM file of Cohort 1 ...
Reading Cohort 1 GWAS summary-level statistics from [/well/visscher-wray/shared/UKBiobank_info_from_UQ/QCed_GWAS_trans-ancestry/Height_EUR_MAF01_QCed_withoutUKB.commonSNP.sumstat] ...
Reading Cohort 2 GWAS summary-level statistics from [/well/visscher-wray/shared/UKBiobank_info_from_UQ/QCed_GWAS_trans-ancestry/Height_AFR_MAF01_QCed_withoutUKB.commonSNP.sumstat] ...
33699 common SNPs after removing rare SNPs
Time taken: 3.124186 seconds

Reading PLINK BIM file from [/well/visscher-wray/shared/UKBiobank_info_from_UQ/UKB_LD_ref_by_CHR/For_real_data_analysis/UKB_69K_EUR_LD/UKB_69K_EUR_LD_chr15.bim]...
Reading PLINK BED file from [/well/visscher-wray/shared/UKBiobank_info_from_UQ/UKB_LD_ref_by_CHR/For_real_data_analysis/UKB_69K_EUR_LD/UKB_69K_EUR_LD_chr15.bed] in SNP-major format ...
Finished reading PLINK file
  3 SNPs removed due to allele frequency too different between sumstat and bedfile
Time taken: 13.009196 seconds

Reading PLINK BIM file from [/well/visscher-wray/shared/UKBiobank_info_from_UQ/UKB_LD_ref_by_CHR/For_real_data_analysis/UKB_6.9K_AFR_LD/UKB_6.9K_AFR_LD_chr15.bim]...
Reading PLINK BED file from [/well/visscher-wray/shared/UKBiobank_info_from_UQ/UKB_LD_ref_by_CHR/For_real_data_analysis/UKB_6.9K_AFR_LD/UKB_6.9K_AFR_LD_chr15.bed] in SNP-major format ...
Finished reading PLINK file
  4 SNPs removed due to allele frequency too different between sumstat and bedfile
Time taken: 1.572065 seconds

33692 common SNPs at last for iterative selection
Vp Cohort 1: 1.07682580034
Vp Cohort 2: 1.11583619558
--------------------------------

Calculation started!
0 33692 0
No candidate SNPs, using the most significant SNP as the first candidate
rs2401173 First SNP
p-value: 1.782430306296e-291
--------------------------------
1 33691 0
rs16942341 Screened SNP with the most significant conditional pC
Conditional min pC: 1.125589892979e-189
Joint b, se, max pJ: -0.104053165835 0.003544932846 1.105318126533e-189
rs16942341 New candidate SNP accepted
iter 1 finished
--------------------------------
2 33690 0
rs938608 Screened SNP with the most significant conditional pC
Conditional min pC: 9.248891709077e-141
Joint b, se, max pJ: 0.036487801808 0.001401289596 9.025321619355e-150
rs938608 New candidate SNP accepted
iter 2 finished
--------------------------------
3 33689 0
rs4886782 Screened SNP with the most significant conditional pC
Conditional min pC: 4.400744849325e-121
Joint b, se, max pJ: -0.033524340309 0.001434554722 4.400744849324e-121
rs4886782 New candidate SNP accepted
iter 3 finished
--------------------------------
4 33688 0
rs5742915 Screened SNP with the most significant conditional pC
Conditional min pC: 1.865512420519e-120
Joint b, se, max pJ: 0.031844078696 0.001361108458 2.363654363100e-121
rs5742915 New candidate SNP accepted
iter 4 finished
--------------------------------
5 33687 0
rs4533267 Screened SNP with the most significant conditional pC
Conditional min pC: 5.356268640345e-110
Joint b, se, max pJ: 0.031864565513 0.001431966496 5.356268640345e-110
rs4533267 New candidate SNP accepted
iter 5 finished
--------------------------------
6 33686 0
rs11247362 Screened SNP with the most significant conditional pC
Conditional min pC: 1.190262689262e-105
Joint b, se, max pJ: -0.044955172971 0.002061017868 8.901268217860e-106
rs11247362 New candidate SNP accepted
iter 6 finished
--------------------------------
7 33685 0
rs4932430 Screened SNP with the most significant conditional pC
Conditional min pC: 1.721008522743e-85
Joint b, se, max pJ: 0.027255026935 0.001391740378 1.070883158495e-85
rs4932430 New candidate SNP accepted
iter 7 finished
--------------------------------
8 33684 0
rs2573650 Screened SNP with the most significant conditional pC
Conditional min pC: 9.480830243217e-85
Joint b, se, max pJ: -0.027530694657 0.001412563394 6.689387048243e-85
rs2573650 New candidate SNP accepted
iter 8 finished
--------------------------------
9 33683 0
rs12912487 Screened SNP with the most significant conditional pC
Conditional min pC: 8.176251274964e-82
Joint b, se, max pJ: -0.044371271745 0.002320123173 7.889034914849e-82
rs12912487 New candidate SNP accepted
iter 9 finished
--------------------------------
10 33682 0
rs8039718 Screened SNP with the most significant conditional pC
Conditional min pC: 2.333454285856e-78
Joint b, se, max pJ: 0.033477560338 0.001789770290 2.255860410315e-78
rs8039718 New candidate SNP accepted
iter 10 finished
--------------------------------
11 33681 0
rs17647719 Screened SNP with the most significant conditional pC
Conditional min pC: 6.119000837935e-75
Joint b, se, max pJ: -0.049220115015 0.002692762783 6.119000837935e-75
rs17647719 New candidate SNP accepted
iter 11 finished
--------------------------------
12 33680 0
rs2035344 Screened SNP with the most significant conditional pC
Conditional min pC: 6.493178955656e-58
Joint b, se, max pJ: 0.023724674767 0.001482435484 6.005627681934e-58
rs2035344 New candidate SNP accepted
iter 12 finished
--------------------------------
13 33679 0
rs2304418 Screened SNP with the most significant conditional pC
Conditional min pC: 1.551795858863e-47
Joint b, se, max pJ: 0.021812644076 0.001508299460 1.056832058479e-47
rs2304418 New candidate SNP accepted
iter 13 finished
--------------------------------
14 33678 0
rs7178424 Screened SNP with the most significant conditional pC
Conditional min pC: 5.225850615320e-47
Joint b, se, max pJ: -0.019462473642 0.001356077086 5.172386144094e-47
rs7178424 New candidate SNP accepted
iter 14 finished
--------------------------------
15 33677 0
rs363820 Screened SNP with the most significant conditional pC
Conditional min pC: 3.407559495524e-46
Joint b, se, max pJ: -0.031631033235 0.002224283986 3.404924694821e-46
rs363820 New candidate SNP accepted
iter 15 finished
--------------------------------
16 33676 0
rs8042740 Screened SNP with the most significant conditional pC
Conditional min pC: 7.903154326620e-50
Joint b, se, max pJ: -0.019462473642 0.001356077086 5.172386144094e-47
rs8042740 New candidate SNP accepted
iter 16 finished
--------------------------------
17 33675 0
rs3809569 Screened SNP with the most significant conditional pC
Conditional min pC: 7.499923057014e-45
Joint b, se, max pJ: 0.021397142875 0.001527909408 7.346652287945e-45
rs3809569 New candidate SNP accepted
iter 17 finished
--------------------------------
18 33674 0
rs17228212 Screened SNP with the most significant conditional pC
Conditional min pC: 1.275335826391e-48
Joint b, se, max pJ: -0.019369045687 0.001356149670 1.409039476391e-46
rs17228212 New candidate SNP accepted
iter 18 finished
--------------------------------
19 33673 0
rs8042424 Screened SNP with the most significant conditional pC
Conditional min pC: 1.055129368865e-43
Joint b, se, max pJ: -0.020833586751 0.001507683616 9.887605596570e-44
rs8042424 New candidate SNP accepted
iter 19 finished
--------------------------------
20 33672 0
rs1351438 Screened SNP with the most significant conditional pC
Conditional min pC: 1.197819646992e-43
Joint b, se, max pJ: 0.022786862512 0.001634131362 1.703224108164e-44
rs1351438 New candidate SNP accepted
iter 20 finished
--------------------------------
21 33671 0
rs7181724 Screened SNP with the most significant conditional pC
Conditional min pC: 2.871909363123e-43
Joint b, se, max pJ: 0.018963510918 0.001379887141 2.812922214782e-43
rs7181724 New candidate SNP accepted
iter 21 finished
--------------------------------
22 33670 0
rs11857976 Screened SNP with the most significant conditional pC
Conditional min pC: 1.311982539358e-40
Joint b, se, max pJ: -0.019491642373 0.001465757555 1.188731692583e-40
rs11857976 New candidate SNP accepted
iter 22 finished
--------------------------------
23 33669 0
rs2291277 Screened SNP with the most significant conditional pC
Conditional min pC: 1.229938761773e-36
Joint b, se, max pJ: 0.052144431462 0.004139952807 1.118872654155e-36
rs2291277 New candidate SNP accepted
iter 23 finished
--------------------------------
24 33668 0
rs708683 Screened SNP with the most significant conditional pC
Conditional min pC: 2.625293489931e-36
Joint b, se, max pJ: -0.016974733850 0.001354683257 2.545009009921e-36
rs708683 New candidate SNP accepted
iter 24 finished
--------------------------------
25 33667 0
rs2585043 Screened SNP with the most significant conditional pC
Conditional min pC: 2.162451026814e-34
Joint b, se, max pJ: -0.019515860604 0.001564711134 5.273184531339e-36
rs2585043 New candidate SNP accepted
iter 25 finished
--------------------------------
26 33666 0
rs7168331 Screened SNP with the most significant conditional pC
Conditional min pC: 5.056475682220e-33
Joint b, se, max pJ: -0.016333748832 0.001367765644 3.577579645150e-33
rs7168331 New candidate SNP accepted
iter 26 finished
--------------------------------
27 33665 0
rs1319868 Screened SNP with the most significant conditional pC
Conditional min pC: 8.376371919921e-33
Joint b, se, max pJ: -0.016333748833 0.001367765644 3.577579619887e-33
rs1319868 New candidate SNP accepted
iter 27 finished
--------------------------------
28 33664 0
rs13379905 Screened SNP with the most significant conditional pC
Conditional min pC: 5.756493969531e-43
Joint b, se, max pJ: -0.017258565879 0.002464574276 1.255774761611e-12
rs13379905 New candidate SNP accepted
iter 28 finished
--------------------------------
29 33663 0
rs8037574 Screened SNP with the most significant conditional pC
Conditional min pC: 6.440029562651e-32
Joint b, se, max pJ: -0.017258565879 0.002464574276 1.255774761959e-12
rs8037574 New candidate SNP accepted
iter 29 finished
--------------------------------
30 33662 0
rs2137309 Screened SNP with the most significant conditional pC
Conditional min pC: 1.986097501822e-31
Joint b, se, max pJ: -0.017258631280 0.002464574276 1.255536851368e-12
rs2137309 New candidate SNP accepted
iter 30 finished
--------------------------------
31 33661 0
rs8030680 Screened SNP with the most significant conditional pC
Conditional min pC: 2.915082670568e-31
Joint b, se, max pJ: -0.017258631280 0.002464574276 1.255536849020e-12
rs8030680 New candidate SNP accepted
iter 31 finished
--------------------------------
32 33660 0
rs7169895 Screened SNP with the most significant conditional pC
Conditional min pC: 1.723865387317e-30
Joint b, se, max pJ: -0.017337317252 0.002464620784 1.000051759454e-12
rs7169895 New candidate SNP accepted
iter 32 finished
--------------------------------
33 33659 0
rs8028238 Screened SNP with the most significant conditional pC
Conditional min pC: 7.417598245332e-30
Joint b, se, max pJ: -0.017337324403 0.002464620784 1.000030951991e-12
rs8028238 New candidate SNP accepted
iter 33 finished
--------------------------------
34 33658 0
rs10520597 Screened SNP with the most significant conditional pC
Conditional min pC: 1.741441543946e-28
Joint b, se, max pJ: -0.017338762615 0.002464620857 9.958560727678e-13
rs10520597 New candidate SNP accepted
iter 34 finished
--------------------------------
35 33657 0
rs2684777 Screened SNP with the most significant conditional pC
Conditional min pC: 4.909763523040e-27
Joint b, se, max pJ: -0.016790180391 0.002465200029 4.850192292426e-12
rs2684777 New candidate SNP accepted
iter 35 finished
--------------------------------
36 33656 0
rs733710 Screened SNP with the most significant conditional pC
Conditional min pC: 2.108870012006e-29
Joint b, se, max pJ: -0.017073100809 0.002465331122 2.175616983666e-12
rs733710 New candidate SNP accepted
iter 36 finished
--------------------------------
37 33655 0
rs8038670 Screened SNP with the most significant conditional pC
Conditional min pC: 2.047610369048e-26
Joint b, se, max pJ: -0.017075399686 0.002465331132 2.161332256454e-12
rs8038670 New candidate SNP accepted
iter 37 finished
--------------------------------
38 33654 0
rs7163907 Screened SNP with the most significant conditional pC
Conditional min pC: 4.538125624059e-26
Joint b, se, max pJ: -0.017075941731 0.002465331134 2.157977535313e-12
rs7163907 New candidate SNP accepted
iter 38 finished
--------------------------------
39 33653 0
rs17561907 Screened SNP with the most significant conditional pC
Conditional min pC: 1.896624746699e-24
Joint b, se, max pJ: -0.017075941731 0.002465331134 2.157977535299e-12
rs17561907 New candidate SNP accepted
iter 39 finished
--------------------------------
40 33652 0
rs3817428 Screened SNP with the most significant conditional pC
Conditional min pC: 3.488433022438e-24
Joint b, se, max pJ: -0.017035554373 0.002465459144 2.428597558372e-12
rs3817428 New candidate SNP accepted
iter 40 finished
--------------------------------
41 33651 0
rs2939847 Screened SNP with the most significant conditional pC
Conditional min pC: 1.247691302047e-23
Joint b, se, max pJ: -0.016972537653 0.002465467259 2.907580654768e-12
rs2939847 New candidate SNP accepted
iter 41 finished
--------------------------------
42 33650 0
rs7496668 Screened SNP with the most significant conditional pC
Conditional min pC: 2.349244984097e-23
Joint b, se, max pJ: -0.016923797527 0.002465473584 3.340455977744e-12
rs7496668 New candidate SNP accepted
iter 42 finished
--------------------------------
43 33649 0
rs8024690 Screened SNP with the most significant conditional pC
Conditional min pC: 8.812734308888e-25
Joint b, se, max pJ: -0.016724186668 0.002465589477 5.883740837560e-12
rs8024690 New candidate SNP accepted
iter 43 finished
--------------------------------
44 33648 0
rs1078168 Screened SNP with the most significant conditional pC
Conditional min pC: 8.017246491959e-25
Joint b, se, max pJ: -0.016736866353 0.002465840695 5.705101593538e-12
rs1078168 New candidate SNP accepted
iter 44 finished
--------------------------------
45 33647 0
rs1574213 Screened SNP with the most significant conditional pC
Conditional min pC: 1.177012958671e-22
Joint b, se, max pJ: -0.018376690289 0.002477048600 5.909992929873e-14
rs1574213 New candidate SNP accepted
iter 45 finished
--------------------------------
46 33646 0
rs6598537 Screened SNP with the most significant conditional pC
Conditional min pC: 1.477129232388e-32
Joint b, se, max pJ: -0.018008954083 0.002484341913 2.099551760506e-13
rs6598537 New candidate SNP accepted
iter 46 finished
--------------------------------
47 33645 0
rs7180993 Screened SNP with the most significant conditional pC
Conditional min pC: 1.566574024227e-26
Joint b, se, max pJ: -0.017115480164 0.002527690573 6.386247118181e-12
rs7180993 New candidate SNP accepted
iter 47 finished
--------------------------------
48 33644 0
rs6494623 Screened SNP with the most significant conditional pC
Conditional min pC: 1.580882881136e-22
Joint b, se, max pJ: -0.017115495529 0.002527690573 6.385978760623e-12
rs6494623 New candidate SNP accepted
iter 48 finished
--------------------------------
49 33643 0
rs3743267 Screened SNP with the most significant conditional pC
Conditional min pC: 1.492605284177e-21
Joint b, se, max pJ: -0.017115495102 0.002527690573 6.385986233644e-12
rs3743267 New candidate SNP accepted
iter 49 finished
--------------------------------
50 33642 0
rs7162845 Screened SNP with the most significant conditional pC
Conditional min pC: 2.756483133159e-21
Joint b, se, max pJ: -0.017115327797 0.002527690577 6.388909378237e-12
rs7162845 New candidate SNP accepted
iter 50 finished
--------------------------------
51 33641 0
rs17258267 Screened SNP with the most significant conditional pC
Conditional min pC: 1.770995775488e-21
Joint b, se, max pJ: -0.017116822912 0.002527690603 6.362840444103e-12
rs17258267 New candidate SNP accepted
iter 51 finished
--------------------------------
52 33640 0
rs7166556 Screened SNP with the most significant conditional pC
Conditional min pC: 6.243604655688e-21
Joint b, se, max pJ: -0.017116822912 0.002527690603 6.362840444578e-12
rs7166556 New candidate SNP accepted
iter 52 finished
--------------------------------
53 33639 0
rs1971140 Screened SNP with the most significant conditional pC
Conditional min pC: 2.577892001822e-20
Joint b, se, max pJ: -0.017116818598 0.002527690603 6.362915525232e-12
rs1971140 New candidate SNP accepted
iter 53 finished
--------------------------------
54 33638 0
rs16942893 Screened SNP with the most significant conditional pC
Conditional min pC: 6.673098471334e-20
Joint b, se, max pJ: -0.017115456439 0.002527736100 6.392048197940e-12
rs16942893 New candidate SNP accepted
iter 54 finished
--------------------------------
55 33637 0
rs1803275 Screened SNP with the most significant conditional pC
Conditional min pC: 1.256157622853e-19
Joint b, se, max pJ: -0.017113172155 0.002527736153 6.432108882737e-12
rs1803275 New candidate SNP accepted
iter 55 finished
--------------------------------
56 33636 0
rs1317320 Screened SNP with the most significant conditional pC
Conditional min pC: 2.728264396395e-19
Joint b, se, max pJ: -0.017113192494 0.002527736155 6.431751298656e-12
rs1317320 New candidate SNP accepted
iter 56 finished
--------------------------------
57 33635 0
rs7170637 Screened SNP with the most significant conditional pC
Conditional min pC: 3.231401108428e-19
Joint b, se, max pJ: -0.017113192494 0.002527736155 6.431751298656e-12
rs7170637 New candidate SNP accepted
iter 57 finished
--------------------------------
58 33634 0
rs12148487 Screened SNP with the most significant conditional pC
Conditional min pC: 3.441870296397e-19
Joint b, se, max pJ: -0.017094575000 0.002527812577 6.777044429361e-12
rs12148487 New candidate SNP accepted
iter 58 finished
--------------------------------
59 33633 0
rs12148239 Screened SNP with the most significant conditional pC
Conditional min pC: 6.238474803736e-19
Joint b, se, max pJ: -0.017093124323 0.002527812657 6.803960471377e-12
rs12148239 New candidate SNP accepted
iter 59 finished
--------------------------------
60 33632 0
rs936111 Screened SNP with the most significant conditional pC
Conditional min pC: 8.670233052686e-19
Joint b, se, max pJ: -0.017087286942 0.002527812838 6.913312244576e-12
rs936111 New candidate SNP accepted
iter 60 finished
--------------------------------
61 33631 0
rs4550403 Screened SNP with the most significant conditional pC
Conditional min pC: 1.682264192773e-18
Joint b, se, max pJ: -0.017087327709 0.002527812839 6.912542813670e-12
rs4550403 New candidate SNP accepted
iter 61 finished
--------------------------------
62 33630 0
rs16976351 Screened SNP with the most significant conditional pC
Conditional min pC: 2.614267234345e-18
Joint b, se, max pJ: -0.017087328032 0.002527812839 6.912536718832e-12
rs16976351 New candidate SNP accepted
iter 62 finished
--------------------------------
63 33629 0
rs16942383 Screened SNP with the most significant conditional pC
Conditional min pC: 2.725439418477e-18
Joint b, se, max pJ: -0.017038960364 0.002527820667 7.888147300682e-12
rs16942383 New candidate SNP accepted
iter 63 finished
--------------------------------
64 33628 0
rs7175522 Screened SNP with the most significant conditional pC
Conditional min pC: 3.127189816296e-18
Joint b, se, max pJ: -0.017044739483 0.002528008405 7.791788071027e-12
rs7175522 New candidate SNP accepted
iter 64 finished
--------------------------------
65 33627 0
rs2470174 Screened SNP with the most significant conditional pC
Conditional min pC: 7.084751836224e-18
Joint b, se, max pJ: -0.017044739526 0.002528008405 7.791787157700e-12
rs2470174 New candidate SNP accepted
iter 65 finished
--------------------------------
66 33626 0
rs1080492 Screened SNP with the most significant conditional pC
Conditional min pC: 1.196583401312e-17
Joint b, se, max pJ: -0.017035332211 0.002528033069 7.997553743874e-12
rs1080492 New candidate SNP accepted
iter 66 finished
--------------------------------
67 33625 0
rs8034033 Screened SNP with the most significant conditional pC
Conditional min pC: 4.049912962619e-17
Joint b, se, max pJ: -0.017035332211 0.002528033069 7.997553743910e-12
rs8034033 New candidate SNP accepted
iter 67 finished
--------------------------------
68 33624 0
rs1598492 Screened SNP with the most significant conditional pC
Conditional min pC: 5.413523300357e-17
Joint b, se, max pJ: -0.017110731172 0.002528058055 6.513867186900e-12
rs1598492 New candidate SNP accepted
iter 68 finished
--------------------------------
69 33623 0
rs4924248 Screened SNP with the most significant conditional pC
Conditional min pC: 9.264326621526e-17
Joint b, se, max pJ: -0.017110731172 0.002528058055 6.513867188178e-12
rs4924248 New candidate SNP accepted
iter 69 finished
--------------------------------
70 33622 0
rs8033595 Screened SNP with the most significant conditional pC
Conditional min pC: 2.255719441198e-16
Joint b, se, max pJ: -0.017128969655 0.002528149183 6.207410378420e-12
rs8033595 New candidate SNP accepted
iter 70 finished
--------------------------------
71 33621 0
rs11629695 Screened SNP with the most significant conditional pC
Conditional min pC: 7.693096127324e-16
Joint b, se, max pJ: -0.017128987927 0.002528149183 6.207100051058e-12
rs11629695 New candidate SNP accepted
iter 71 finished
--------------------------------
72 33620 0
rs4238431 Screened SNP with the most significant conditional pC
Conditional min pC: 3.388640970128e-16
Joint b, se, max pJ: -0.017128977062 0.002528149183 6.207284581873e-12
rs4238431 New candidate SNP accepted
iter 72 finished
--------------------------------
73 33619 0
rs4777828 Screened SNP with the most significant conditional pC
Conditional min pC: 1.139502294600e-15
Joint b, se, max pJ: -0.017196555607 0.002528332738 5.175341669802e-12
rs4777828 New candidate SNP accepted
iter 73 finished
--------------------------------
74 33618 0
rs11072489 Screened SNP with the most significant conditional pC
Conditional min pC: 1.161136940138e-15
Joint b, se, max pJ: -0.017196215503 0.002528332741 5.180177533912e-12
rs11072489 New candidate SNP accepted
iter 74 finished
--------------------------------
75 33617 0
rs11631944 Screened SNP with the most significant conditional pC
Conditional min pC: 5.133146644297e-16
Joint b, se, max pJ: -0.017196200351 0.002528332741 5.180393067085e-12
rs11631944 New candidate SNP accepted
iter 75 finished
--------------------------------
76 33616 0
rs4886417 Screened SNP with the most significant conditional pC
Conditional min pC: 2.142425095931e-16
Joint b, se, max pJ: -0.017195229311 0.002528332762 5.194226317735e-12
rs4886417 New candidate SNP accepted
iter 76 finished
--------------------------------
77 33615 0
rs9920875 Screened SNP with the most significant conditional pC
Conditional min pC: 1.671099832634e-15
Joint b, se, max pJ: -0.017224214937 0.002528340886 4.797268895722e-12
rs9920875 New candidate SNP accepted
iter 77 finished
--------------------------------
78 33614 0
rs12438118 Screened SNP with the most significant conditional pC
Conditional min pC: 2.112370540199e-15
Joint b, se, max pJ: -0.017224226608 0.002528340886 4.797114923721e-12
rs12438118 New candidate SNP accepted
iter 78 finished
--------------------------------
79 33613 0
rs7181556 Screened SNP with the most significant conditional pC
Conditional min pC: 4.135537126593e-23
Joint b, se, max pJ: -0.017224203201 0.002528340886 4.797423751945e-12
rs7181556 New candidate SNP accepted
iter 79 finished
--------------------------------
80 33612 0
rs8029053 Screened SNP with the most significant conditional pC
Conditional min pC: 3.098658949999e-15
Joint b, se, max pJ: -0.017305988951 0.002528425817 3.835280750678e-12
rs8029053 New candidate SNP accepted
iter 80 finished
--------------------------------
81 33611 0
rs4702 Screened SNP with the most significant conditional pC
Conditional min pC: 3.594548426576e-15
Joint b, se, max pJ: -0.017215887615 0.002528471554 4.920396672683e-12
rs4702 New candidate SNP accepted
iter 81 finished
--------------------------------
82 33610 0
rs8023845 Screened SNP with the most significant conditional pC
Conditional min pC: 3.623685018555e-15
Joint b, se, max pJ: -0.017215887615 0.002528471554 4.920396669656e-12
rs8023845 New candidate SNP accepted
iter 82 finished
--------------------------------
83 33609 0
rs8025913 Screened SNP with the most significant conditional pC
Conditional min pC: 5.420867252786e-15
Joint b, se, max pJ: -0.017370753208 0.002528737989 3.225050480026e-12
rs8025913 New candidate SNP accepted
iter 83 finished
--------------------------------
84 33608 0
rs11854750 Screened SNP with the most significant conditional pC
Conditional min pC: 6.528784379649e-15
Joint b, se, max pJ: -0.017344421824 0.002528761143 3.470580584589e-12
rs11854750 New candidate SNP accepted
iter 84 finished
--------------------------------
85 33607 0
rs11630309 Screened SNP with the most significant conditional pC
Conditional min pC: 7.800222196078e-15
Joint b, se, max pJ: -0.017344422405 0.002528761143 3.470575001442e-12
rs11630309 New candidate SNP accepted
iter 85 finished
--------------------------------
86 33606 0
rs11636667 Screened SNP with the most significant conditional pC
Conditional min pC: 2.087712709691e-16
Joint b, se, max pJ: -0.017344423221 0.002528761143 3.470567166281e-12
rs11636667 New candidate SNP accepted
iter 86 finished
--------------------------------
87 33605 0
rs12901436 Screened SNP with the most significant conditional pC
Conditional min pC: 8.497892386119e-15
Joint b, se, max pJ: -0.017344423221 0.002528761143 3.470567163093e-12
rs12901436 New candidate SNP accepted
iter 87 finished
--------------------------------
88 33604 0
rs12898202 Screened SNP with the most significant conditional pC
Conditional min pC: 2.588001254798e-16
Joint b, se, max pJ: -0.017344423166 0.002528761143 3.470567695259e-12
rs12898202 New candidate SNP accepted
iter 88 finished
--------------------------------
89 33603 0
rs2304722 Screened SNP with the most significant conditional pC
Conditional min pC: 1.417090835656e-14
Joint b, se, max pJ: -0.017344436407 0.002528761143 3.470440503025e-12
rs2304722 New candidate SNP accepted
iter 89 finished
--------------------------------
90 33602 0
rs11635675 Screened SNP with the most significant conditional pC
Conditional min pC: 1.449030205518e-14
Joint b, se, max pJ: -0.017344448108 0.002528761143 3.470328125942e-12
rs11635675 New candidate SNP accepted
iter 90 finished
--------------------------------
91 33601 0
rs88505 Screened SNP with the most significant conditional pC
Conditional min pC: 3.142647593969e-14
Joint b, se, max pJ: -0.017344504312 0.002528761143 3.469788323451e-12
rs88505 New candidate SNP accepted
iter 91 finished
--------------------------------
92 33600 0
rs11072297 Screened SNP with the most significant conditional pC
Conditional min pC: 9.354981593687e-14
Joint b, se, max pJ: -0.017344578632 0.002528761143 3.469074677475e-12
rs11072297 New candidate SNP accepted
iter 92 finished
--------------------------------
93 33599 0
rs17767264 Screened SNP with the most significant conditional pC
Conditional min pC: 9.890064260677e-14
Joint b, se, max pJ: -0.017344578641 0.002528761143 3.469074594914e-12
rs17767264 New candidate SNP accepted
iter 93 finished
--------------------------------
94 33598 0
rs12906483 Screened SNP with the most significant conditional pC
Conditional min pC: 4.699683206740e-13
Joint b, se, max pJ: -0.017500360000 0.002529090381 2.264185031017e-12
rs12906483 New candidate SNP accepted
iter 94 finished
--------------------------------
95 33597 0
rs16976295 Screened SNP with the most significant conditional pC
Conditional min pC: 3.603384129034e-13
Joint b, se, max pJ: -0.017713422071 0.002529337525 1.251028237952e-12
rs16976295 New candidate SNP accepted
iter 95 finished
--------------------------------
96 33596 0
rs8034917 Screened SNP with the most significant conditional pC
Conditional min pC: 7.823540185423e-13
Joint b, se, max pJ: -0.017713420435 0.002529337525 1.251034017420e-12
rs8034917 New candidate SNP accepted
iter 96 finished
--------------------------------
97 33595 0
rs11070264 Screened SNP with the most significant conditional pC
Conditional min pC: 9.808709733444e-13
Joint b, se, max pJ: -0.017713420438 0.002529337525 1.251034006359e-12
rs11070264 New candidate SNP accepted
iter 97 finished
--------------------------------
98 33594 0
rs12912439 Screened SNP with the most significant conditional pC
Conditional min pC: 1.330019944912e-12
Joint b, se, max pJ: -0.017652217833 0.002529438678 1.489518258966e-12
rs12912439 New candidate SNP accepted
iter 98 finished
--------------------------------
99 33593 0
rs4412959 Screened SNP with the most significant conditional pC
Conditional min pC: 1.343840127689e-12
Joint b, se, max pJ: -0.017759494387 0.002529607193 1.104168243500e-12
rs4412959 New candidate SNP accepted
iter 99 finished
--------------------------------
100 33592 0
rs4246316 Screened SNP with the most significant conditional pC
Conditional min pC: 6.239880178502e-13
Joint b, se, max pJ: -0.017680508940 0.002529637751 1.380870576487e-12
rs4246316 New candidate SNP accepted
iter 100 finished
--------------------------------
101 33591 0
rs1424740 Screened SNP with the most significant conditional pC
Conditional min pC: 1.221210847213e-12
Joint b, se, max pJ: -0.011731689795 0.001679646962 1.428176242732e-12
rs1424740 New candidate SNP accepted
iter 101 finished
--------------------------------
102 33590 0
rs17191442 Screened SNP with the most significant conditional pC
Conditional min pC: 1.384162959045e-12
Joint b, se, max pJ: -0.011731690802 0.001679646962 1.428170143266e-12
rs17191442 New candidate SNP accepted
iter 102 finished
--------------------------------
103 33589 0
rs401549 Screened SNP with the most significant conditional pC
Conditional min pC: 1.646399902434e-12
Joint b, se, max pJ: -0.011707756359 0.001679663978 1.581365792717e-12
rs401549 New candidate SNP accepted
iter 103 finished
--------------------------------
104 33588 0
rs2001217 Screened SNP with the most significant conditional pC
Conditional min pC: 9.763109718534e-13
Joint b, se, max pJ: -0.011659635338 0.001679694442 1.939493830346e-12
rs2001217 New candidate SNP accepted
iter 104 finished
--------------------------------
105 33587 0
rs11631785 Screened SNP with the most significant conditional pC
Conditional min pC: 1.925620062129e-12
Joint b, se, max pJ: -0.011659624943 0.001679694442 1.939578814835e-12
rs11631785 New candidate SNP accepted
iter 105 finished
--------------------------------
106 33586 0
rs10520107 Screened SNP with the most significant conditional pC
Conditional min pC: 3.377136861387e-12
Joint b, se, max pJ: -0.009427430854 0.001370328978 2.999265871720e-12
rs10520107 New candidate SNP accepted
iter 106 finished
--------------------------------
107 33585 0
rs2730096 Screened SNP with the most significant conditional pC
Conditional min pC: 4.190303325574e-12
Joint b, se, max pJ: -0.009427430560 0.001370328978 2.999270390978e-12
rs2730096 New candidate SNP accepted
iter 107 finished
--------------------------------
108 33584 0
rs10851543 Screened SNP with the most significant conditional pC
Conditional min pC: 4.328102375743e-12
Joint b, se, max pJ: 0.009422303297 0.001378404626 4.081459460325e-12
rs10851543 New candidate SNP accepted
iter 108 finished
--------------------------------
109 33583 0
rs41487846 Screened SNP with the most significant conditional pC
Conditional min pC: 9.558450515425e-12
Joint b, se, max pJ: 0.009764006661 0.001452804220 9.036473468403e-12
rs41487846 New candidate SNP accepted
iter 109 finished
--------------------------------
110 33582 0
rs4776474 Screened SNP with the most significant conditional pC
Conditional min pC: 1.261346877270e-11
Joint b, se, max pJ: 0.009764006396 0.001452804220 9.036484756960e-12
rs4776474 New candidate SNP accepted
iter 110 finished
--------------------------------
111 33581 0
rs8030277 Screened SNP with the most significant conditional pC
Conditional min pC: 1.348766570933e-11
Joint b, se, max pJ: -0.009435451533 0.001414743893 1.284512609487e-11
rs8030277 New candidate SNP accepted
iter 111 finished
--------------------------------
112 33580 0
rs4534816 Screened SNP with the most significant conditional pC
Conditional min pC: 1.365615582880e-11
Joint b, se, max pJ: -0.009445582116 0.001414750708 1.223586161547e-11
rs4534816 New candidate SNP accepted
iter 112 finished
--------------------------------
113 33579 0
rs1439620 Screened SNP with the most significant conditional pC
Conditional min pC: 1.487926023113e-11
Joint b, se, max pJ: 0.009302773715 0.001398304552 1.436913674063e-11
rs1439620 New candidate SNP accepted
iter 113 finished
--------------------------------
114 33578 0
rs748432 Screened SNP with the most significant conditional pC
Conditional min pC: 2.605923868067e-11
Joint b, se, max pJ: 0.009294313469 0.001398304996 1.497232925897e-11
rs748432 New candidate SNP accepted
iter 114 finished
--------------------------------
115 33577 0
rs2652822 Screened SNP with the most significant conditional pC
Conditional min pC: 2.750103323247e-11
Joint b, se, max pJ: -0.008903468698 0.001350456399 2.156104555557e-11
rs2652822 New candidate SNP accepted
iter 115 finished
--------------------------------
116 33576 0
rs1563565 Screened SNP with the most significant conditional pC
Conditional min pC: 2.163981166429e-11
Joint b, se, max pJ: -0.008858645873 0.001339710803 1.891244442758e-11
rs1563565 New candidate SNP accepted
iter 116 finished
--------------------------------
117 33575 0
rs3816661 Screened SNP with the most significant conditional pC
Conditional min pC: 3.119072725034e-11
Joint b, se, max pJ: -0.009047868791 0.001373625241 2.246219556290e-11
rs3816661 New candidate SNP accepted
iter 117 finished
--------------------------------
118 33574 0
rs2723343 Screened SNP with the most significant conditional pC
Conditional min pC: 1.423177210067e-11
Joint b, se, max pJ: -0.008859251115 0.001339710816 1.885480370198e-11
rs2723343 New candidate SNP accepted
iter 118 finished
--------------------------------
119 33573 0
rs1370433 Screened SNP with the most significant conditional pC
Conditional min pC: 3.854542347372e-11
Joint b, se, max pJ: 0.016645424136 0.002547812846 3.218504622236e-11
rs1370433 New candidate SNP accepted
iter 119 finished
--------------------------------
120 33572 0
rs8038028 Screened SNP with the most significant conditional pC
Conditional min pC: 4.928882938668e-11
Joint b, se, max pJ: -0.016387087722 0.002526051201 4.371296553142e-11
rs8038028 New candidate SNP accepted
iter 120 finished
--------------------------------
121 33571 0
rs7174028 Screened SNP with the most significant conditional pC
Conditional min pC: 5.223783778902e-11
Joint b, se, max pJ: 0.013297317845 0.002056568018 5.038856391224e-11
rs7174028 New candidate SNP accepted
iter 121 finished
--------------------------------
122 33570 0
rs2439364 Screened SNP with the most significant conditional pC
Conditional min pC: 5.818309743421e-11
Joint b, se, max pJ: 0.013297308598 0.002056568019 5.039006241887e-11
rs2439364 New candidate SNP accepted
iter 122 finished
--------------------------------
123 33569 0
rs7173022 Screened SNP with the most significant conditional pC
Conditional min pC: 6.913914288695e-11
Joint b, se, max pJ: 0.013297309108 0.002056568019 5.038997977173e-11
rs7173022 New candidate SNP accepted
iter 123 finished
--------------------------------
124 33568 0
rs4491457 Screened SNP with the most significant conditional pC
Conditional min pC: 6.441719848177e-11
Joint b, se, max pJ: 0.009505484525 0.001476341453 6.031380976962e-11
rs4491457 New candidate SNP accepted
iter 124 finished
--------------------------------
125 33567 0
rs16947475 Screened SNP with the most significant conditional pC
Conditional min pC: 8.741173353929e-11
Joint b, se, max pJ: -0.016811671701 0.002630818611 8.279028257699e-11
rs16947475 New candidate SNP accepted
iter 125 finished
--------------------------------
126 33566 0
rs6598308 Screened SNP with the most significant conditional pC
Conditional min pC: 1.038014279823e-10
Joint b, se, max pJ: -0.016837772246 0.002630823469 7.759143711382e-11
rs6598308 New candidate SNP accepted
iter 126 finished
--------------------------------
127 33565 0
rs11636483 Screened SNP with the most significant conditional pC
Conditional min pC: 1.709613950471e-10
Joint b, se, max pJ: -0.016819712732 0.002630831998 8.116871875009e-11
rs11636483 New candidate SNP accepted
iter 127 finished
--------------------------------
128 33564 0
rs2030040 Screened SNP with the most significant conditional pC
Conditional min pC: 2.120638082625e-10
Joint b, se, max pJ: -0.008941137964 0.001429112442 1.969484150611e-10
rs2030040 New candidate SNP accepted
iter 128 finished
--------------------------------
129 33563 0
rs10519056 Screened SNP with the most significant conditional pC
Conditional min pC: 2.939465824980e-10
Joint b, se, max pJ: 0.011434887629 0.001840779852 2.616054330280e-10
rs10519056 New candidate SNP accepted
iter 129 finished
--------------------------------
130 33562 0
rs6496127 Screened SNP with the most significant conditional pC
Conditional min pC: 2.951062414200e-10
Joint b, se, max pJ: 0.011434887544 0.001840779852 2.616055105465e-10
rs6496127 New candidate SNP accepted
iter 130 finished
--------------------------------
131 33561 0
rs11639460 Screened SNP with the most significant conditional pC
Conditional min pC: 3.843247040295e-10
Joint b, se, max pJ: -0.013100811205 0.002127827070 3.709212960422e-10
rs11639460 New candidate SNP accepted
iter 131 finished
--------------------------------
132 33560 0
rs7170601 Screened SNP with the most significant conditional pC
Conditional min pC: 6.335248873290e-10
Joint b, se, max pJ: 0.013634951724 0.002242065053 5.955933275186e-10
rs7170601 New candidate SNP accepted
iter 132 finished
--------------------------------
133 33559 0
rs17158807 Screened SNP with the most significant conditional pC
Conditional min pC: 5.350870391407e-10
Joint b, se, max pJ: 0.013712483675 0.002242092382 4.799724444521e-10
rs17158807 New candidate SNP accepted
iter 133 finished
--------------------------------
134 33558 0
rs11854917 Screened SNP with the most significant conditional pC
Conditional min pC: 6.833483639531e-10
Joint b, se, max pJ: -0.010255937448 0.001688866509 6.289843889953e-10
rs11854917 New candidate SNP accepted
iter 134 finished
--------------------------------
135 33557 0
rs765825 Screened SNP with the most significant conditional pC
Conditional min pC: 6.967357568293e-10
Joint b, se, max pJ: -0.011049434698 0.001822302623 6.661750321390e-10
rs765825 New candidate SNP accepted
iter 135 finished
--------------------------------
136 33556 0
rs12440824 Screened SNP with the most significant conditional pC
Conditional min pC: 9.108220264942e-10
Joint b, se, max pJ: -0.012315153522 0.002044380464 8.512920825279e-10
rs12440824 New candidate SNP accepted
iter 136 finished
--------------------------------
137 33555 0
rs4500694 Screened SNP with the most significant conditional pC
Conditional min pC: 1.039790814340e-09
Joint b, se, max pJ: -0.012315167461 0.002044380464 8.512562023619e-10
rs4500694 New candidate SNP accepted
iter 137 finished
--------------------------------
138 33554 0
rs12908591 Screened SNP with the most significant conditional pC
Conditional min pC: 1.504719525610e-09
Joint b, se, max pJ: 0.010468839946 0.001740881532 9.076424437885e-10
rs12908591 New candidate SNP accepted
iter 138 finished
--------------------------------
139 33553 0
rs7164736 Screened SNP with the most significant conditional pC
Conditional min pC: 1.109315711231e-09
Joint b, se, max pJ: -0.012290514196 0.002044552063 9.199341839873e-10
rs7164736 New candidate SNP accepted
iter 139 finished
--------------------------------
140 33552 0
rs12592162 Screened SNP with the most significant conditional pC
Conditional min pC: 1.507853651963e-09
Joint b, se, max pJ: -0.011672693085 0.001968167548 1.507847766520e-09
rs12592162 New candidate SNP accepted
iter 140 finished
--------------------------------
141 33551 0
rs3751591 Screened SNP with the most significant conditional pC
Conditional min pC: 1.754835441477e-09
Joint b, se, max pJ: -0.011672693085 0.001968167548 1.507847766520e-09
rs3751591 New candidate SNP accepted
iter 141 finished
--------------------------------
142 33550 0
rs7182786 Screened SNP with the most significant conditional pC
Conditional min pC: 3.120059215386e-09
Joint b, se, max pJ: -0.011533022777 0.001973967556 2.570241773327e-09
rs7182786 New candidate SNP accepted
iter 142 finished
--------------------------------
143 33549 0
rs1440374 Screened SNP with the most significant conditional pC
Conditional min pC: 4.716766298343e-09
Joint b, se, max pJ: -0.011528736313 0.001973968709 2.604023618568e-09
rs1440374 New candidate SNP accepted
iter 143 finished
--------------------------------
144 33548 0
rs3784618 Screened SNP with the most significant conditional pC
Conditional min pC: 1.116942512023e-08
Joint b, se, max pJ: -0.011908874297 0.002046291276 2.947038525318e-09
rs3784618 New candidate SNP accepted
iter 144 finished
--------------------------------
145 33547 0
rs3816752 Screened SNP with the most significant conditional pC
Conditional min pC: 9.252692084044e-09
Joint b, se, max pJ: -0.008086598877 0.001435673951 8.874861558807e-09
rs3816752 New candidate SNP accepted
iter 145 finished
--------------------------------
146 33546 0
rs11630058 Screened SNP with the most significant conditional pC
Conditional min pC: 1.176264520437e-08
Joint b, se, max pJ: 0.007670164751 0.001372529906 1.146247626906e-08
rs11630058 New candidate SNP accepted
iter 146 finished
--------------------------------
147 33545 0
rs1667394 Screened SNP with the most significant conditional pC
Conditional min pC: 1.196589754357e-08
Joint b, se, max pJ: -0.011444439731 0.002048544315 1.157654365251e-08
rs1667394 New candidate SNP accepted
iter 147 finished
--------------------------------
148 33544 0
rs4776900 Screened SNP with the most significant conditional pC
Conditional min pC: 1.272487023691e-08
Joint b, se, max pJ: -0.011444438381 0.002048544315 1.157658755180e-08
rs4776900 New candidate SNP accepted
iter 148 finished
--------------------------------
149 33543 0
rs12439714 Screened SNP with the most significant conditional pC
Conditional min pC: 1.684680777493e-08
Joint b, se, max pJ: -0.011444438381 0.002048544315 1.157658755328e-08
rs12439714 New candidate SNP accepted
iter 149 finished
--------------------------------
150 33542 0
rs12148769 Screened SNP with the most significant conditional pC
Conditional min pC: 1.820992008417e-08
Joint b, se, max pJ: -0.012347754117 0.002238801608 1.740522492051e-08
rs12148769 New candidate SNP accepted
iter 150 finished
--------------------------------
151 33541 0
rs7175451 Screened SNP with the most significant conditional pC
Conditional min pC: 2.190821872117e-08
Joint b, se, max pJ: -0.013168007694 0.002393688088 1.886742140334e-08
rs7175451 New candidate SNP accepted
iter 151 finished
--------------------------------
152 33540 0
rs4350523 Screened SNP with the most significant conditional pC
Conditional min pC: 2.762025510093e-08
Joint b, se, max pJ: 0.012658834237 0.002324507978 2.578474150919e-08
rs4350523 New candidate SNP accepted
iter 152 finished
--------------------------------
153 33539 0
rs17750932 Screened SNP with the most significant conditional pC
Conditional min pC: 3.451547944419e-08
Joint b, se, max pJ: 0.007038288289 0.001304638268 3.429618838651e-08
rs17750932 New candidate SNP accepted
iter 153 finished
--------------------------------
154 33538 0
rs4641724 Screened SNP with the most significant conditional pC
Conditional min pC: 3.788142775788e-08
Joint b, se, max pJ: 0.007038288289 0.001304638268 3.429618836949e-08
rs4641724 New candidate SNP accepted
iter 154 finished
--------------------------------
155 33537 0
rs281219 Screened SNP with the most significant conditional pC
Conditional min pC: 4.048570437415e-08
Joint b, se, max pJ: 0.007040067504 0.001304640249 3.403821642251e-08
rs281219 New candidate SNP accepted
iter 155 finished
--------------------------------
156 33536 0
rs2019492 Screened SNP with the most significant conditional pC
Conditional min pC: 4.493833116366e-08
Joint b, se, max pJ: 0.007402344218 0.001383362507 4.373975118614e-08
rs2019492 New candidate SNP accepted
iter 156 finished
--------------------------------
157 33535 0
rs3784605 Screened SNP with the most significant conditional pC
Conditional min pC: 4.737402203610e-08
Joint b, se, max pJ: 0.007402344212 0.001383362507 4.373975238989e-08
rs3784605 New candidate SNP accepted
iter 157 finished
--------------------------------
158 33534 0
Warning: Calculation finished, NoNewSNP-aboveSigThreshold
rs11629742 5.851923913001e-08
iter 158 finished
--------------------------------
Results saved into [/users/visscher-wray/agg287/R_to_Cplusplus/results_1015_macojo_gcta/Height/chr15.jma.cojo]

MDISA for Cohort 1
158 33534 0
rs4646660 Screened SNP with the most significant conditional pC
Conditional min pC: 4.049751748293e-11
Joint b, se, max pJ: -0.013263122264 0.005605001839 8.983411677438e-03
rs4646660 skipped, fixed candidate SNP exceeds p-value threshold
rs6495940 Screened SNP with the most significant conditional pC
Conditional min pC: 2.565805286338e-08
Joint b, se, max pJ: -0.013261300988 0.005605001832 8.991299969076e-03
rs6495940 skipped, fixed candidate SNP exceeds p-value threshold
rs3784301 Screened SNP with the most significant conditional pC
Conditional min pC: 3.152648896517e-08
Joint b, se, max pJ: -0.013261300987 0.005605001832 8.991299974253e-03
rs3784301 skipped, fixed candidate SNP exceeds p-value threshold
rs894160 Screened SNP with the most significant conditional pC
Conditional min pC: 4.916490336699e-08
Joint b, se, max pJ: -0.012921868488 0.005605358716 1.057571232248e-02
rs894160 skipped, fixed candidate SNP exceeds p-value threshold
Warning: Calculation finished, NoNewSNP-aboveSigThreshold
rs1003180 5.020514983297e-08
iter 0 finished
--------------------------------
Results saved into [/users/visscher-wray/agg287/R_to_Cplusplus/results_1015_macojo_gcta/Height/chr15.MDISA.cohort1.jma.cojo]

MDISA for Cohort 2
158 33534 0
rs12901266 Screened SNP with the most significant conditional pC
Conditional min pC: 4.235231787594e-12
Joint b, se, max pJ: -0.000217317531 0.005240805827 4.834620256825e-01
rs12901266 skipped, fixed candidate SNP exceeds p-value threshold
rs11629990 Screened SNP with the most significant conditional pC
Conditional min pC: 6.187613281079e-12
Joint b, se, max pJ: -0.000217291856 0.005240805827 4.834639783775e-01
rs11629990 skipped, fixed candidate SNP exceeds p-value threshold
rs11630178 Screened SNP with the most significant conditional pC
Conditional min pC: 6.422149509005e-12
Joint b, se, max pJ: -0.000217291859 0.005240805827 4.834639782049e-01
rs11630178 skipped, fixed candidate SNP exceeds p-value threshold
rs2272023 Screened SNP with the most significant conditional pC
Conditional min pC: 9.178251539389e-12
Joint b, se, max pJ: -0.000217314328 0.005240805827 4.834622692611e-01
rs2272023 skipped, fixed candidate SNP exceeds p-value threshold
rs16942277 Screened SNP with the most significant conditional pC
Conditional min pC: 2.596630261547e-11
Joint b, se, max pJ: -0.000217292224 0.005240805827 4.834639504371e-01
rs16942277 skipped, fixed candidate SNP exceeds p-value threshold
rs2351491 Screened SNP with the most significant conditional pC
Conditional min pC: 5.830129228138e-11
Joint b, se, max pJ: -0.000217323251 0.005240805827 4.834615905966e-01
rs2351491 skipped, fixed candidate SNP exceeds p-value threshold
rs1042630 Screened SNP with the most significant conditional pC
Conditional min pC: 9.980613864812e-11
Joint b, se, max pJ: -0.000217310520 0.005240805827 4.834625589029e-01
rs1042630 skipped, fixed candidate SNP exceeds p-value threshold
rs12908947 Screened SNP with the most significant conditional pC
Conditional min pC: 1.440815401703e-10
Joint b, se, max pJ: -0.000217326521 0.005240805827 4.834613419028e-01
rs12908947 skipped, fixed candidate SNP exceeds p-value threshold
rs12908753 Screened SNP with the most significant conditional pC
Conditional min pC: 1.760668734740e-10
Joint b, se, max pJ: -0.000217328025 0.005240805827 4.834612274805e-01
rs12908753 skipped, fixed candidate SNP exceeds p-value threshold
rs4932432 Screened SNP with the most significant conditional pC
Conditional min pC: 4.255606465419e-10
Joint b, se, max pJ: -0.000217290777 0.005240805827 4.834640604718e-01
rs4932432 skipped, fixed candidate SNP exceeds p-value threshold
rs4932433 Screened SNP with the most significant conditional pC
Conditional min pC: 1.130190571939e-09
Joint b, se, max pJ: -0.000217289420 0.005240805827 4.834641637033e-01
rs4932433 skipped, fixed candidate SNP exceeds p-value threshold
rs2280468 Screened SNP with the most significant conditional pC
Conditional min pC: 2.671574487694e-09
Joint b, se, max pJ: -0.000217300014 0.005240805827 4.834633579037e-01
rs2280468 skipped, fixed candidate SNP exceeds p-value threshold
rs3825994 Screened SNP with the most significant conditional pC
Conditional min pC: 3.073389788772e-09
Joint b, se, max pJ: -0.000217314627 0.005240805827 4.834622464918e-01
rs3825994 skipped, fixed candidate SNP exceeds p-value threshold
rs8042108 Screened SNP with the most significant conditional pC
Conditional min pC: 2.973987425996e-08
Joint b, se, max pJ: -0.000161952560 0.005120943575 4.873853413450e-01
rs8042108 skipped, fixed candidate SNP exceeds p-value threshold
Warning: Calculation finished, NoNewSNP-aboveSigThreshold
rs882299 1.546092661340e-07
iter 0 finished
--------------------------------
Results saved into [/users/visscher-wray/agg287/R_to_Cplusplus/results_1015_macojo_gcta/Height/chr15.MDISA.cohort2.jma.cojo]

All calculations finished!
Total running time: 75.52 seconds
