
=========== MACOJO CONFIGURATION ===========
Threshold: 5e-8
Colinearity threshold: 0.9
R2 incremental threshold: -1
R2 incremental threshold backwards: -1
SNP position window (+/-): 10Mb
SNP frequency threshold: 0.01
SNP frequency mode: OR
Use GCTA-COJO model selection criteria
===========================================

6514392 SNPs in file [/well/visscher-wray/shared/UKBiobank_info_from_UQ/QCed_GWAS_trans-ancestry/HDL_EUR_MAF01_QCed_withoutUKB.commonSNP.sumstat]
211034 SNPs in file [/well/visscher-wray/shared/UKBiobank_info_from_UQ/UKB_LD_ref_by_CHR/For_real_data_analysis/UKB_69K_EUR_LD/UKB_69K_EUR_LD_chr14.bim]
69010 individuals in FAM file [/well/visscher-wray/shared/UKBiobank_info_from_UQ/UKB_LD_ref_by_CHR/For_real_data_analysis/UKB_69K_EUR_LD/UKB_69K_EUR_LD_chr14.fam]
210784 common SNPs after including Cohort 1
Time taken: 5.096674 seconds

6514392 SNPs in file [/well/visscher-wray/shared/UKBiobank_info_from_UQ/QCed_GWAS_trans-ancestry/HDL_AFR_MAF01_QCed_withoutUKB.commonSNP.sumstat]
211034 SNPs in file [/well/visscher-wray/shared/UKBiobank_info_from_UQ/UKB_LD_ref_by_CHR/For_real_data_analysis/UKB_6.9K_AFR_LD/UKB_6.9K_AFR_LD_chr14.bim]
6901 individuals in FAM file [/well/visscher-wray/shared/UKBiobank_info_from_UQ/UKB_LD_ref_by_CHR/For_real_data_analysis/UKB_6.9K_AFR_LD/UKB_6.9K_AFR_LD_chr14.fam]
210784 common SNPs after including Cohort 2
Time taken: 5.076022 seconds

Setting reference based on BIM file of Cohort 1 ...
Reading Cohort 1 GWAS summary-level statistics from [/well/visscher-wray/shared/UKBiobank_info_from_UQ/QCed_GWAS_trans-ancestry/HDL_EUR_MAF01_QCed_withoutUKB.commonSNP.sumstat] ...
Reading Cohort 2 GWAS summary-level statistics from [/well/visscher-wray/shared/UKBiobank_info_from_UQ/QCed_GWAS_trans-ancestry/HDL_AFR_MAF01_QCed_withoutUKB.commonSNP.sumstat] ...
210784 common SNPs after removing rare SNPs
Time taken: 19.723692 seconds

Reading PLINK BIM file from [/well/visscher-wray/shared/UKBiobank_info_from_UQ/UKB_LD_ref_by_CHR/For_real_data_analysis/UKB_69K_EUR_LD/UKB_69K_EUR_LD_chr14.bim]...
Reading PLINK BED file from [/well/visscher-wray/shared/UKBiobank_info_from_UQ/UKB_LD_ref_by_CHR/For_real_data_analysis/UKB_69K_EUR_LD/UKB_69K_EUR_LD_chr14.bed] in SNP-major format ...
Finished reading PLINK file
  3 SNPs removed due to allele frequency too different between sumstat and bedfile
Time taken: 77.069779 seconds

Reading PLINK BIM file from [/well/visscher-wray/shared/UKBiobank_info_from_UQ/UKB_LD_ref_by_CHR/For_real_data_analysis/UKB_6.9K_AFR_LD/UKB_6.9K_AFR_LD_chr14.bim]...
Reading PLINK BED file from [/well/visscher-wray/shared/UKBiobank_info_from_UQ/UKB_LD_ref_by_CHR/For_real_data_analysis/UKB_6.9K_AFR_LD/UKB_6.9K_AFR_LD_chr14.bed] in SNP-major format ...
Finished reading PLINK file
  30 SNPs removed due to allele frequency too different between sumstat and bedfile
Time taken: 8.774778 seconds

210751 common SNPs at last for iterative selection
Vp Cohort 1: 1.14373754302
Vp Cohort 2: 1.08085296771
--------------------------------

Calculation started!
0 210751 0
No candidate SNPs, using the most significant SNP as the first candidate
rs2494747 First SNP
p-value: 3.573748902374e-58
--------------------------------
1 210750 0
rs13379042 Screened SNP with the most significant conditional pC
Conditional min pC: 2.323808144944e-27
Joint b, se, max pJ: 0.018628953075 0.001729323560 2.323808144944e-27
rs13379042 New candidate SNP accepted
iter 1 finished
--------------------------------
2 210749 0
rs1044527 Screened SNP with the most significant conditional pC
Conditional min pC: 3.316286245076e-15
Joint b, se, max pJ: -0.012121331652 0.001555581923 3.293856293758e-15
rs1044527 New candidate SNP accepted
iter 2 finished
--------------------------------
3 210748 0
rs10131519 Screened SNP with the most significant conditional pC
Conditional min pC: 1.118654136917e-13
Joint b, se, max pJ: -0.014163139745 0.001931216276 1.118645738179e-13
rs10131519 New candidate SNP accepted
iter 3 finished
--------------------------------
4 210747 0
rs7141800 Screened SNP with the most significant conditional pC
Conditional min pC: 2.813799826070e-13
Joint b, se, max pJ: -0.013595817271 0.001885894682 2.813799826070e-13
rs7141800 New candidate SNP accepted
iter 4 finished
--------------------------------
5 210746 0
rs72714482 Screened SNP with the most significant conditional pC
Conditional min pC: 5.144547784475e-13
Joint b, se, max pJ: -0.014821982353 0.002079392836 5.090640087477e-13
rs72714482 New candidate SNP accepted
iter 5 finished
--------------------------------
6 210745 0
rs72704741 Screened SNP with the most significant conditional pC
Conditional min pC: 1.679784972289e-12
Joint b, se, max pJ: -0.013642210240 0.001959474470 1.675257722512e-12
rs72704741 New candidate SNP accepted
iter 6 finished
--------------------------------
7 210744 0
rs7155375 Screened SNP with the most significant conditional pC
Conditional min pC: 3.919409933921e-11
Joint b, se, max pJ: 0.010658351491 0.001638344670 3.870193517261e-11
rs7155375 New candidate SNP accepted
iter 7 finished
--------------------------------
8 210743 0
rs72729582 Screened SNP with the most significant conditional pC
Conditional min pC: 4.611404086013e-11
Joint b, se, max pJ: 0.019157544333 0.002956553918 4.595650803220e-11
rs72729582 New candidate SNP accepted
iter 8 finished
--------------------------------
9 210742 0
rs17109256 Screened SNP with the most significant conditional pC
Conditional min pC: 1.036245816616e-10
Joint b, se, max pJ: -0.011761413823 0.001850452022 1.035590772890e-10
rs17109256 New candidate SNP accepted
iter 9 finished
--------------------------------
10 210741 0
rs1955512 Screened SNP with the most significant conditional pC
Conditional min pC: 4.769463033637e-10
Joint b, se, max pJ: -0.009748097849 0.001593623258 4.769463033636e-10
rs1955512 New candidate SNP accepted
iter 10 finished
--------------------------------
11 210740 0
rs79009839 Screened SNP with the most significant conditional pC
Conditional min pC: 1.387790838722e-09
Joint b, se, max pJ: -0.012022920701 0.002020340362 1.333048485778e-09
rs79009839 New candidate SNP accepted
iter 11 finished
--------------------------------
12 210739 0
rs4983387 Screened SNP with the most significant conditional pC
Conditional min pC: 4.238242828861e-11
Joint b, se, max pJ: -0.009748097849 0.001593623258 4.769463033636e-10
rs4983387 New candidate SNP accepted
iter 12 finished
--------------------------------
13 210738 0
rs2144919 Screened SNP with the most significant conditional pC
Conditional min pC: 2.798735479552e-09
Joint b, se, max pJ: 0.009414012237 0.001615100431 2.792250043773e-09
rs2144919 New candidate SNP accepted
iter 13 finished
--------------------------------
14 210737 0
rs7150254 Screened SNP with the most significant conditional pC
Conditional min pC: 2.845385688451e-09
Joint b, se, max pJ: 0.009414012237 0.001615100431 2.792250043773e-09
rs7150254 New candidate SNP accepted
iter 14 finished
--------------------------------
15 210736 0
rs3825586 Screened SNP with the most significant conditional pC
Conditional min pC: 4.618214430956e-09
Joint b, se, max pJ: -0.008854872404 0.001541502227 4.614726575641e-09
rs3825586 New candidate SNP accepted
iter 15 finished
--------------------------------
16 210735 0
rs1885602 Screened SNP with the most significant conditional pC
Conditional min pC: 5.776717689471e-09
Joint b, se, max pJ: 0.009960329410 0.001745403436 5.762563246142e-09
rs1885602 New candidate SNP accepted
iter 16 finished
--------------------------------
17 210734 0
rs73364507 Screened SNP with the most significant conditional pC
Conditional min pC: 1.126869735546e-08
Joint b, se, max pJ: -0.030094193943 0.005301245402 6.861252808432e-09
rs73364507 New candidate SNP accepted
iter 17 finished
--------------------------------
18 210733 0
rs12883788 Screened SNP with the most significant conditional pC
Conditional min pC: 1.200162716298e-08
Joint b, se, max pJ: -0.008711401551 0.001558750638 1.143828830781e-08
rs12883788 New candidate SNP accepted
iter 18 finished
--------------------------------
19 210732 0
rs3736951 Screened SNP with the most significant conditional pC
Conditional min pC: 1.335577684120e-08
Joint b, se, max pJ: 0.009510450512 0.001703477140 1.182272655268e-08
rs3736951 New candidate SNP accepted
iter 19 finished
--------------------------------
20 210731 0
rs4021419 Screened SNP with the most significant conditional pC
Conditional min pC: 1.504076975793e-08
Joint b, se, max pJ: 0.008551941903 0.001543220029 1.498414241637e-08
rs4021419 New candidate SNP accepted
iter 20 finished
--------------------------------
21 210730 0
rs11625746 Screened SNP with the most significant conditional pC
Conditional min pC: 3.673508809235e-08
Joint b, se, max pJ: -0.008781565821 0.001616550800 2.781837273651e-08
rs11625746 New candidate SNP accepted
iter 21 finished
--------------------------------
22 210729 0
rs942064 Screened SNP with the most significant conditional pC
Conditional min pC: 4.183363998665e-08
Joint b, se, max pJ: 0.009166308089 0.001710158842 4.163028141299e-08
rs942064 New candidate SNP accepted
iter 22 finished
--------------------------------
23 210728 0
Warning: Calculation finished, NoNewSNP-aboveSigThreshold
rs36121353 5.162316779314e-08
iter 23 finished
--------------------------------
Results saved into [/users/visscher-wray/agg287/R_to_Cplusplus/results_1015_macojo_gcta/HDL/chr14.jma.cojo]

MDISA for Cohort 1
23 210728 0
rs12100751 Screened SNP with the most significant conditional pC
Conditional min pC: 2.501006788666e-08
Joint b, se, max pJ: -0.017721721726 0.007570631426 9.619916521032e-03
rs12100751 skipped, fixed candidate SNP exceeds p-value threshold
rs72673522 Screened SNP with the most significant conditional pC
Conditional min pC: 3.697739804603e-08
Joint b, se, max pJ: -0.017721721726 0.007570631426 9.619916521032e-03
rs72673522 skipped, fixed candidate SNP exceeds p-value threshold
Warning: Calculation finished, NoNewSNP-aboveSigThreshold
rs12435659 7.299295059974e-08
iter 0 finished
--------------------------------
Results saved into [/users/visscher-wray/agg287/R_to_Cplusplus/results_1015_macojo_gcta/HDL/chr14.MDISA.cohort1.jma.cojo]

MDISA for Cohort 2
23 210728 0
Warning: Calculation finished, NoNewSNP-aboveSigThreshold
rs1279326 3.593757628315e-06
iter 0 finished
--------------------------------
Results saved into [/users/visscher-wray/agg287/R_to_Cplusplus/results_1015_macojo_gcta/HDL/chr14.MDISA.cohort2.jma.cojo]

All calculations finished!
Total running time: 148.71 seconds

=========== MACOJO CONFIGURATION ===========
Threshold: 5e-8
Colinearity threshold: 0.9
R2 incremental threshold: -1
R2 incremental threshold backwards: -1
SNP position window (+/-): 10Mb
SNP frequency threshold: 0.01
SNP frequency mode: OR
Use GCTA-COJO model selection criteria
===========================================

6511658 SNPs in file [/well/visscher-wray/shared/UKBiobank_info_from_UQ/QCed_GWAS_trans-ancestry/LDL_EUR_MAF01_QCed_withoutUKB.commonSNP.sumstat]
211034 SNPs in file [/well/visscher-wray/shared/UKBiobank_info_from_UQ/UKB_LD_ref_by_CHR/For_real_data_analysis/UKB_69K_EUR_LD/UKB_69K_EUR_LD_chr14.bim]
69010 individuals in FAM file [/well/visscher-wray/shared/UKBiobank_info_from_UQ/UKB_LD_ref_by_CHR/For_real_data_analysis/UKB_69K_EUR_LD/UKB_69K_EUR_LD_chr14.fam]
210734 common SNPs after including Cohort 1
Time taken: 5.089663 seconds

6511658 SNPs in file [/well/visscher-wray/shared/UKBiobank_info_from_UQ/QCed_GWAS_trans-ancestry/LDL_AFR_MAF01_QCed_withoutUKB.commonSNP.sumstat]
211034 SNPs in file [/well/visscher-wray/shared/UKBiobank_info_from_UQ/UKB_LD_ref_by_CHR/For_real_data_analysis/UKB_6.9K_AFR_LD/UKB_6.9K_AFR_LD_chr14.bim]
6901 individuals in FAM file [/well/visscher-wray/shared/UKBiobank_info_from_UQ/UKB_LD_ref_by_CHR/For_real_data_analysis/UKB_6.9K_AFR_LD/UKB_6.9K_AFR_LD_chr14.fam]
210734 common SNPs after including Cohort 2
Time taken: 5.052313 seconds

Setting reference based on BIM file of Cohort 1 ...
Reading Cohort 1 GWAS summary-level statistics from [/well/visscher-wray/shared/UKBiobank_info_from_UQ/QCed_GWAS_trans-ancestry/LDL_EUR_MAF01_QCed_withoutUKB.commonSNP.sumstat] ...
Reading Cohort 2 GWAS summary-level statistics from [/well/visscher-wray/shared/UKBiobank_info_from_UQ/QCed_GWAS_trans-ancestry/LDL_AFR_MAF01_QCed_withoutUKB.commonSNP.sumstat] ...
210734 common SNPs after removing rare SNPs
Time taken: 19.669104 seconds

Reading PLINK BIM file from [/well/visscher-wray/shared/UKBiobank_info_from_UQ/UKB_LD_ref_by_CHR/For_real_data_analysis/UKB_69K_EUR_LD/UKB_69K_EUR_LD_chr14.bim]...
Reading PLINK BED file from [/well/visscher-wray/shared/UKBiobank_info_from_UQ/UKB_LD_ref_by_CHR/For_real_data_analysis/UKB_69K_EUR_LD/UKB_69K_EUR_LD_chr14.bed] in SNP-major format ...
Finished reading PLINK file
  4 SNPs removed due to allele frequency too different between sumstat and bedfile
Time taken: 76.902131 seconds

Reading PLINK BIM file from [/well/visscher-wray/shared/UKBiobank_info_from_UQ/UKB_LD_ref_by_CHR/For_real_data_analysis/UKB_6.9K_AFR_LD/UKB_6.9K_AFR_LD_chr14.bim]...
Reading PLINK BED file from [/well/visscher-wray/shared/UKBiobank_info_from_UQ/UKB_LD_ref_by_CHR/For_real_data_analysis/UKB_6.9K_AFR_LD/UKB_6.9K_AFR_LD_chr14.bed] in SNP-major format ...
Finished reading PLINK file
  30 SNPs removed due to allele frequency too different between sumstat and bedfile
Time taken: 8.681199 seconds

210700 common SNPs at last for iterative selection
Vp Cohort 1: 1.14118342679
Vp Cohort 2: 1.08437940481
--------------------------------

Calculation started!
0 210700 0
No candidate SNPs, using the most significant SNP as the first candidate
rs11621792 First SNP
p-value: 5.336461112642e-35
--------------------------------
1 210699 0
rs6420899 Screened SNP with the most significant conditional pC
Conditional min pC: 1.301552429954e-27
Joint b, se, max pJ: -0.024211213304 0.002236473532 1.301552429954e-27
rs6420899 New candidate SNP accepted
iter 1 finished
--------------------------------
2 210698 0
rs61980636 Screened SNP with the most significant conditional pC
Conditional min pC: 1.258941975015e-20
Joint b, se, max pJ: 0.019086210886 0.002066115440 1.258941975015e-20
rs61980636 New candidate SNP accepted
iter 2 finished
--------------------------------
3 210697 0
rs13379043 Screened SNP with the most significant conditional pC
Conditional min pC: 2.483308526391e-18
Joint b, se, max pJ: -0.015310277160 0.001769122287 2.482654537203e-18
rs13379043 New candidate SNP accepted
iter 3 finished
--------------------------------
4 210696 0
rs12897637 Screened SNP with the most significant conditional pC
Conditional min pC: 1.226334250727e-12
Joint b, se, max pJ: 0.014570297660 0.002079694858 1.226327064083e-12
rs12897637 New candidate SNP accepted
iter 4 finished
--------------------------------
5 210695 0
rs2293873 Screened SNP with the most significant conditional pC
Conditional min pC: 4.353843600795e-11
Joint b, se, max pJ: -0.012081615405 0.001819740780 1.576995637463e-11
rs2293873 New candidate SNP accepted
iter 5 finished
--------------------------------
6 210694 0
rs17776811 Screened SNP with the most significant conditional pC
Conditional min pC: 1.655825151755e-10
Joint b, se, max pJ: 0.010119021125 0.001610248985 1.648426454039e-10
rs17776811 New candidate SNP accepted
iter 6 finished
--------------------------------
7 210693 0
rs11846704 Screened SNP with the most significant conditional pC
Conditional min pC: 6.825051159832e-10
Joint b, se, max pJ: -0.010466485042 0.001727270381 6.825051159832e-10
rs11846704 New candidate SNP accepted
iter 7 finished
--------------------------------
8 210692 0
rs11625026 Screened SNP with the most significant conditional pC
Conditional min pC: 1.397887654321e-09
Joint b, se, max pJ: -0.010466485042 0.001727270381 6.825051159832e-10
rs11625026 New candidate SNP accepted
iter 8 finished
--------------------------------
9 210691 0
rs11159099 Screened SNP with the most significant conditional pC
Conditional min pC: 1.364353429097e-08
Joint b, se, max pJ: -0.009114462973 0.001637783085 1.309843959519e-08
rs11159099 New candidate SNP accepted
iter 9 finished
--------------------------------
10 210690 0
rs12878367 Screened SNP with the most significant conditional pC
Conditional min pC: 2.503841673667e-08
Joint b, se, max pJ: -0.009114462973 0.001637783085 1.309843959519e-08
rs12878367 New candidate SNP accepted
iter 10 finished
--------------------------------
11 210689 0
rs1190569 Screened SNP with the most significant conditional pC
Conditional min pC: 3.879361933986e-08
Joint b, se, max pJ: -0.010827871194 0.002015053432 3.861336138511e-08
rs1190569 New candidate SNP accepted
iter 11 finished
--------------------------------
12 210688 0
Warning: Calculation finished, NoNewSNP-aboveSigThreshold
rs7148488 1.002397365051e-07
iter 12 finished
--------------------------------
Results saved into [/users/visscher-wray/agg287/R_to_Cplusplus/results_1015_macojo_gcta/LDL/chr14.jma.cojo]

MDISA for Cohort 1
12 210688 0
rs139262716 Screened SNP with the most significant conditional pC
Conditional min pC: 3.286984050810e-08
Joint b, se, max pJ: -0.009744726979 0.002182457353 4.002967273010e-06
rs139262716 skipped, fixed candidate SNP exceeds p-value threshold
Warning: Calculation finished, NoNewSNP-aboveSigThreshold
rs114491880 7.319240857778e-08
iter 0 finished
--------------------------------
Results saved into [/users/visscher-wray/agg287/R_to_Cplusplus/results_1015_macojo_gcta/LDL/chr14.MDISA.cohort1.jma.cojo]

MDISA for Cohort 2
12 210688 0
Warning: Calculation finished, NoNewSNP-aboveSigThreshold
rs201057247 1.389764126744e-06
iter 0 finished
--------------------------------
Results saved into [/users/visscher-wray/agg287/R_to_Cplusplus/results_1015_macojo_gcta/LDL/chr14.MDISA.cohort2.jma.cojo]

All calculations finished!
Total running time: 132.70 seconds

=========== MACOJO CONFIGURATION ===========
Threshold: 5e-8
Colinearity threshold: 0.9
R2 incremental threshold: -1
R2 incremental threshold backwards: -1
SNP position window (+/-): 10Mb
SNP frequency threshold: 0.01
SNP frequency mode: OR
Use GCTA-COJO model selection criteria
===========================================

6514129 SNPs in file [/well/visscher-wray/shared/UKBiobank_info_from_UQ/QCed_GWAS_trans-ancestry/logTG_EUR_MAF01_QCed_withoutUKB.commonSNP.sumstat]
211034 SNPs in file [/well/visscher-wray/shared/UKBiobank_info_from_UQ/UKB_LD_ref_by_CHR/For_real_data_analysis/UKB_69K_EUR_LD/UKB_69K_EUR_LD_chr14.bim]
69010 individuals in FAM file [/well/visscher-wray/shared/UKBiobank_info_from_UQ/UKB_LD_ref_by_CHR/For_real_data_analysis/UKB_69K_EUR_LD/UKB_69K_EUR_LD_chr14.fam]
210772 common SNPs after including Cohort 1
Time taken: 5.08612 seconds

6514129 SNPs in file [/well/visscher-wray/shared/UKBiobank_info_from_UQ/QCed_GWAS_trans-ancestry/logTG_AFR_MAF01_QCed_withoutUKB.commonSNP.sumstat]
211034 SNPs in file [/well/visscher-wray/shared/UKBiobank_info_from_UQ/UKB_LD_ref_by_CHR/For_real_data_analysis/UKB_6.9K_AFR_LD/UKB_6.9K_AFR_LD_chr14.bim]
6901 individuals in FAM file [/well/visscher-wray/shared/UKBiobank_info_from_UQ/UKB_LD_ref_by_CHR/For_real_data_analysis/UKB_6.9K_AFR_LD/UKB_6.9K_AFR_LD_chr14.fam]
210772 common SNPs after including Cohort 2
Time taken: 5.046771 seconds

Setting reference based on BIM file of Cohort 1 ...
Reading Cohort 1 GWAS summary-level statistics from [/well/visscher-wray/shared/UKBiobank_info_from_UQ/QCed_GWAS_trans-ancestry/logTG_EUR_MAF01_QCed_withoutUKB.commonSNP.sumstat] ...
Reading Cohort 2 GWAS summary-level statistics from [/well/visscher-wray/shared/UKBiobank_info_from_UQ/QCed_GWAS_trans-ancestry/logTG_AFR_MAF01_QCed_withoutUKB.commonSNP.sumstat] ...
210772 common SNPs after removing rare SNPs
Time taken: 20.048705 seconds

Reading PLINK BIM file from [/well/visscher-wray/shared/UKBiobank_info_from_UQ/UKB_LD_ref_by_CHR/For_real_data_analysis/UKB_69K_EUR_LD/UKB_69K_EUR_LD_chr14.bim]...
Reading PLINK BED file from [/well/visscher-wray/shared/UKBiobank_info_from_UQ/UKB_LD_ref_by_CHR/For_real_data_analysis/UKB_69K_EUR_LD/UKB_69K_EUR_LD_chr14.bed] in SNP-major format ...
Finished reading PLINK file
  4 SNPs removed due to allele frequency too different between sumstat and bedfile
Time taken: 76.713454 seconds

Reading PLINK BIM file from [/well/visscher-wray/shared/UKBiobank_info_from_UQ/UKB_LD_ref_by_CHR/For_real_data_analysis/UKB_6.9K_AFR_LD/UKB_6.9K_AFR_LD_chr14.bim]...
Reading PLINK BED file from [/well/visscher-wray/shared/UKBiobank_info_from_UQ/UKB_LD_ref_by_CHR/For_real_data_analysis/UKB_6.9K_AFR_LD/UKB_6.9K_AFR_LD_chr14.bed] in SNP-major format ...
Finished reading PLINK file
  29 SNPs removed due to allele frequency too different between sumstat and bedfile
Time taken: 8.652766 seconds

210739 common SNPs at last for iterative selection
Vp Cohort 1: 1.13087849294
Vp Cohort 2: 1.07955603997
--------------------------------

Calculation started!
0 210739 0
No candidate SNPs, using the most significant SNP as the first candidate
rs12878001 First SNP
p-value: 3.334263744421e-22
--------------------------------
1 210738 0
rs12890822 Screened SNP with the most significant conditional pC
Conditional min pC: 5.249388811516e-13
Joint b, se, max pJ: 0.011683863718 0.001640115668 5.249388811516e-13
rs12890822 New candidate SNP accepted
iter 1 finished
--------------------------------
2 210737 0
rs8008910 Screened SNP with the most significant conditional pC
Conditional min pC: 5.586435535693e-10
Joint b, se, max pJ: 0.011117311467 0.001824997905 5.586435535693e-10
rs8008910 New candidate SNP accepted
iter 2 finished
--------------------------------
3 210736 0
rs7141800 Screened SNP with the most significant conditional pC
Conditional min pC: 9.403119404341e-10
Joint b, se, max pJ: 0.011415408449 0.001900062333 9.396354187725e-10
rs7141800 New candidate SNP accepted
iter 3 finished
--------------------------------
4 210735 0
rs7159513 Screened SNP with the most significant conditional pC
Conditional min pC: 1.106907414024e-08
Joint b, se, max pJ: 0.012293534608 0.002197470111 1.106907414024e-08
rs7159513 New candidate SNP accepted
iter 4 finished
--------------------------------
5 210734 0
rs1884546 Screened SNP with the most significant conditional pC
Conditional min pC: 1.184270553531e-08
Joint b, se, max pJ: -0.013995189042 0.002506778832 1.182450109301e-08
rs1884546 New candidate SNP accepted
iter 5 finished
--------------------------------
6 210733 0
rs62017272 Screened SNP with the most significant conditional pC
Conditional min pC: 2.744228021590e-08
Joint b, se, max pJ: 0.010667040077 0.001962760350 2.744228021590e-08
rs62017272 New candidate SNP accepted
iter 6 finished
--------------------------------
7 210732 0
rs12589571 Screened SNP with the most significant conditional pC
Conditional min pC: 4.294505350415e-09
Joint b, se, max pJ: -0.013995189042 0.002506778832 1.182450109301e-08
rs12589571 New candidate SNP accepted
iter 7 finished
--------------------------------
8 210731 0
rs12435494 Screened SNP with the most significant conditional pC
Conditional min pC: 3.034426294649e-08
Joint b, se, max pJ: 0.021745082081 0.004014407107 3.034426294649e-08
rs12435494 New candidate SNP accepted
iter 8 finished
--------------------------------
9 210730 0
rs10133849 Screened SNP with the most significant conditional pC
Conditional min pC: 3.345300517024e-08
Joint b, se, max pJ: 0.008364371381 0.001549142770 3.344050289831e-08
rs10133849 New candidate SNP accepted
iter 9 finished
--------------------------------
10 210729 0
Warning: Calculation finished, NoNewSNP-aboveSigThreshold
rs2233754 7.051178604064e-08
iter 10 finished
--------------------------------
Results saved into [/users/visscher-wray/agg287/R_to_Cplusplus/results_1015_macojo_gcta/logTG/chr14.jma.cojo]

MDISA for Cohort 1
10 210729 0
Warning: Calculation finished, NoNewSNP-aboveSigThreshold
rs12431803 7.352801788393e-08
iter 0 finished
--------------------------------
Results saved into [/users/visscher-wray/agg287/R_to_Cplusplus/results_1015_macojo_gcta/logTG/chr14.MDISA.cohort1.jma.cojo]

MDISA for Cohort 2
10 210729 0
Warning: Calculation finished, NoNewSNP-aboveSigThreshold
rs6572757 6.845939804494e-08
iter 0 finished
--------------------------------
Results saved into [/users/visscher-wray/agg287/R_to_Cplusplus/results_1015_macojo_gcta/logTG/chr14.MDISA.cohort2.jma.cojo]

All calculations finished!
Total running time: 131.36 seconds

=========== MACOJO CONFIGURATION ===========
Threshold: 5e-8
Colinearity threshold: 0.9
R2 incremental threshold: -1
R2 incremental threshold backwards: -1
SNP position window (+/-): 10Mb
SNP frequency threshold: 0.01
SNP frequency mode: OR
Use GCTA-COJO model selection criteria
===========================================

6514274 SNPs in file [/well/visscher-wray/shared/UKBiobank_info_from_UQ/QCed_GWAS_trans-ancestry/TC_EUR_MAF01_QCed_withoutUKB.commonSNP.sumstat]
211034 SNPs in file [/well/visscher-wray/shared/UKBiobank_info_from_UQ/UKB_LD_ref_by_CHR/For_real_data_analysis/UKB_69K_EUR_LD/UKB_69K_EUR_LD_chr14.bim]
69010 individuals in FAM file [/well/visscher-wray/shared/UKBiobank_info_from_UQ/UKB_LD_ref_by_CHR/For_real_data_analysis/UKB_69K_EUR_LD/UKB_69K_EUR_LD_chr14.fam]
210779 common SNPs after including Cohort 1
Time taken: 5.103729 seconds

6514274 SNPs in file [/well/visscher-wray/shared/UKBiobank_info_from_UQ/QCed_GWAS_trans-ancestry/TC_AFR_MAF01_QCed_withoutUKB.commonSNP.sumstat]
211034 SNPs in file [/well/visscher-wray/shared/UKBiobank_info_from_UQ/UKB_LD_ref_by_CHR/For_real_data_analysis/UKB_6.9K_AFR_LD/UKB_6.9K_AFR_LD_chr14.bim]
6901 individuals in FAM file [/well/visscher-wray/shared/UKBiobank_info_from_UQ/UKB_LD_ref_by_CHR/For_real_data_analysis/UKB_6.9K_AFR_LD/UKB_6.9K_AFR_LD_chr14.fam]
210779 common SNPs after including Cohort 2
Time taken: 5.060176 seconds

Setting reference based on BIM file of Cohort 1 ...
Reading Cohort 1 GWAS summary-level statistics from [/well/visscher-wray/shared/UKBiobank_info_from_UQ/QCed_GWAS_trans-ancestry/TC_EUR_MAF01_QCed_withoutUKB.commonSNP.sumstat] ...
Reading Cohort 2 GWAS summary-level statistics from [/well/visscher-wray/shared/UKBiobank_info_from_UQ/QCed_GWAS_trans-ancestry/TC_AFR_MAF01_QCed_withoutUKB.commonSNP.sumstat] ...
210779 common SNPs after removing rare SNPs
Time taken: 19.718111 seconds

Reading PLINK BIM file from [/well/visscher-wray/shared/UKBiobank_info_from_UQ/UKB_LD_ref_by_CHR/For_real_data_analysis/UKB_69K_EUR_LD/UKB_69K_EUR_LD_chr14.bim]...
Reading PLINK BED file from [/well/visscher-wray/shared/UKBiobank_info_from_UQ/UKB_LD_ref_by_CHR/For_real_data_analysis/UKB_69K_EUR_LD/UKB_69K_EUR_LD_chr14.bed] in SNP-major format ...
Finished reading PLINK file
  3 SNPs removed due to allele frequency too different between sumstat and bedfile
Time taken: 76.774976 seconds

Reading PLINK BIM file from [/well/visscher-wray/shared/UKBiobank_info_from_UQ/UKB_LD_ref_by_CHR/For_real_data_analysis/UKB_6.9K_AFR_LD/UKB_6.9K_AFR_LD_chr14.bim]...
Reading PLINK BED file from [/well/visscher-wray/shared/UKBiobank_info_from_UQ/UKB_LD_ref_by_CHR/For_real_data_analysis/UKB_6.9K_AFR_LD/UKB_6.9K_AFR_LD_chr14.bed] in SNP-major format ...
Finished reading PLINK file
  30 SNPs removed due to allele frequency too different between sumstat and bedfile
Time taken: 8.655367 seconds

210746 common SNPs at last for iterative selection
Vp Cohort 1: 1.14781583876
Vp Cohort 2: 1.08076448034
--------------------------------

Calculation started!
0 210746 0
No candidate SNPs, using the most significant SNP as the first candidate
rs11621792 First SNP
p-value: 2.386413424857e-35
--------------------------------
1 210745 0
rs4905179 Screened SNP with the most significant conditional pC
Conditional min pC: 1.192872747759e-21
Joint b, se, max pJ: 0.018520336165 0.001952252161 1.192872747759e-21
rs4905179 New candidate SNP accepted
iter 1 finished
--------------------------------
2 210744 0
rs12878001 Screened SNP with the most significant conditional pC
Conditional min pC: 2.083338701441e-20
Joint b, se, max pJ: 0.017980663511 0.001957896519 2.083338701441e-20
rs12878001 New candidate SNP accepted
iter 2 finished
--------------------------------
3 210743 0
rs6420899 Screened SNP with the most significant conditional pC
Conditional min pC: 2.599403303954e-18
Joint b, se, max pJ: -0.018449281224 0.002133124430 2.598828052066e-18
rs6420899 New candidate SNP accepted
iter 3 finished
--------------------------------
4 210742 0
rs7150254 Screened SNP with the most significant conditional pC
Conditional min pC: 2.293182648237e-13
Joint b, se, max pJ: -0.011230038480 0.001551707189 2.289959794957e-13
rs7150254 New candidate SNP accepted
iter 4 finished
--------------------------------
5 210741 0
rs17776811 Screened SNP with the most significant conditional pC
Conditional min pC: 1.269772701075e-11
Joint b, se, max pJ: 0.010268346652 0.001539056368 1.263030194768e-11
rs17776811 New candidate SNP accepted
iter 5 finished
--------------------------------
6 210740 0
rs11626768 Screened SNP with the most significant conditional pC
Conditional min pC: 1.975021967376e-11
Joint b, se, max pJ: 0.011349941520 0.001718141931 1.975021967376e-11
rs11626768 New candidate SNP accepted
iter 6 finished
--------------------------------
7 210739 0
rs6575900 Screened SNP with the most significant conditional pC
Conditional min pC: 5.081632370288e-11
Joint b, se, max pJ: -0.011587732577 0.001792353279 5.061790198625e-11
rs6575900 New candidate SNP accepted
iter 7 finished
--------------------------------
8 210738 0
rs4378534 Screened SNP with the most significant conditional pC
Conditional min pC: 1.174444389629e-10
Joint b, se, max pJ: -0.030806870816 0.004861645522 1.173564232707e-10
rs4378534 New candidate SNP accepted
iter 8 finished
--------------------------------
9 210737 0
rs2273911 Screened SNP with the most significant conditional pC
Conditional min pC: 9.108631054534e-10
Joint b, se, max pJ: -0.009336574750 0.001551401765 8.820865617648e-10
rs2273911 New candidate SNP accepted
iter 9 finished
--------------------------------
10 210736 0
rs112665506 Screened SNP with the most significant conditional pC
Conditional min pC: 1.001711515802e-08
Joint b, se, max pJ: -0.010548655219 0.001879713009 1.000912253627e-08
rs112665506 New candidate SNP accepted
iter 10 finished
--------------------------------
11 210735 0
rs12878367 Screened SNP with the most significant conditional pC
Conditional min pC: 1.997770467860e-08
Joint b, se, max pJ: -0.010640165632 0.001879781299 7.554503940829e-09
rs12878367 New candidate SNP accepted
iter 11 finished
--------------------------------
12 210734 0
rs8005490 Screened SNP with the most significant conditional pC
Conditional min pC: 4.225459545919e-08
Joint b, se, max pJ: -0.008141860702 0.001519768040 4.223626194013e-08
rs8005490 New candidate SNP accepted
iter 12 finished
--------------------------------
13 210733 0
Warning: Calculation finished, NoNewSNP-aboveSigThreshold
rs6107 1.234717689684e-07
iter 13 finished
--------------------------------
Results saved into [/users/visscher-wray/agg287/R_to_Cplusplus/results_1015_macojo_gcta/TC/chr14.jma.cojo]

MDISA for Cohort 1
13 210733 0
Warning: Calculation finished, NoNewSNP-aboveSigThreshold
rs74036552 2.895499798703e-07
iter 0 finished
--------------------------------
Results saved into [/users/visscher-wray/agg287/R_to_Cplusplus/results_1015_macojo_gcta/TC/chr14.MDISA.cohort1.jma.cojo]

MDISA for Cohort 2
13 210733 0
Warning: Calculation finished, NoNewSNP-aboveSigThreshold
rs2357866 6.191145560603e-06
iter 0 finished
--------------------------------
Results saved into [/users/visscher-wray/agg287/R_to_Cplusplus/results_1015_macojo_gcta/TC/chr14.MDISA.cohort2.jma.cojo]

All calculations finished!
Total running time: 134.17 seconds

=========== MACOJO CONFIGURATION ===========
Threshold: 5e-8
Colinearity threshold: 0.9
R2 incremental threshold: -1
R2 incremental threshold backwards: -1
SNP position window (+/-): 10Mb
SNP frequency threshold: 0.01
SNP frequency mode: OR
Use GCTA-COJO model selection criteria
===========================================

1112055 SNPs in file [/well/visscher-wray/shared/UKBiobank_info_from_UQ/QCed_GWAS_trans-ancestry/Height_EUR_MAF01_QCed_withoutUKB.commonSNP.sumstat]
211034 SNPs in file [/well/visscher-wray/shared/UKBiobank_info_from_UQ/UKB_LD_ref_by_CHR/For_real_data_analysis/UKB_69K_EUR_LD/UKB_69K_EUR_LD_chr14.bim]
69010 individuals in FAM file [/well/visscher-wray/shared/UKBiobank_info_from_UQ/UKB_LD_ref_by_CHR/For_real_data_analysis/UKB_69K_EUR_LD/UKB_69K_EUR_LD_chr14.fam]
36531 common SNPs after including Cohort 1
Time taken: 0.997892 seconds

1112055 SNPs in file [/well/visscher-wray/shared/UKBiobank_info_from_UQ/QCed_GWAS_trans-ancestry/Height_AFR_MAF01_QCed_withoutUKB.commonSNP.sumstat]
211034 SNPs in file [/well/visscher-wray/shared/UKBiobank_info_from_UQ/UKB_LD_ref_by_CHR/For_real_data_analysis/UKB_6.9K_AFR_LD/UKB_6.9K_AFR_LD_chr14.bim]
6901 individuals in FAM file [/well/visscher-wray/shared/UKBiobank_info_from_UQ/UKB_LD_ref_by_CHR/For_real_data_analysis/UKB_6.9K_AFR_LD/UKB_6.9K_AFR_LD_chr14.fam]
36531 common SNPs after including Cohort 2
Time taken: 0.961833 seconds

Setting reference based on BIM file of Cohort 1 ...
Reading Cohort 1 GWAS summary-level statistics from [/well/visscher-wray/shared/UKBiobank_info_from_UQ/QCed_GWAS_trans-ancestry/Height_EUR_MAF01_QCed_withoutUKB.commonSNP.sumstat] ...
Reading Cohort 2 GWAS summary-level statistics from [/well/visscher-wray/shared/UKBiobank_info_from_UQ/QCed_GWAS_trans-ancestry/Height_AFR_MAF01_QCed_withoutUKB.commonSNP.sumstat] ...
36531 common SNPs after removing rare SNPs
Time taken: 3.151537 seconds

Reading PLINK BIM file from [/well/visscher-wray/shared/UKBiobank_info_from_UQ/UKB_LD_ref_by_CHR/For_real_data_analysis/UKB_69K_EUR_LD/UKB_69K_EUR_LD_chr14.bim]...
Reading PLINK BED file from [/well/visscher-wray/shared/UKBiobank_info_from_UQ/UKB_LD_ref_by_CHR/For_real_data_analysis/UKB_69K_EUR_LD/UKB_69K_EUR_LD_chr14.bed] in SNP-major format ...
Finished reading PLINK file
Time taken: 13.973361 seconds

Reading PLINK BIM file from [/well/visscher-wray/shared/UKBiobank_info_from_UQ/UKB_LD_ref_by_CHR/For_real_data_analysis/UKB_6.9K_AFR_LD/UKB_6.9K_AFR_LD_chr14.bim]...
Reading PLINK BED file from [/well/visscher-wray/shared/UKBiobank_info_from_UQ/UKB_LD_ref_by_CHR/For_real_data_analysis/UKB_6.9K_AFR_LD/UKB_6.9K_AFR_LD_chr14.bed] in SNP-major format ...
Finished reading PLINK file
  3 SNPs removed due to allele frequency too different between sumstat and bedfile
Time taken: 1.698849 seconds

36528 common SNPs at last for iterative selection
Vp Cohort 1: 1.07682580034
Vp Cohort 2: 1.11583619558
--------------------------------

Calculation started!
0 36528 0
No candidate SNPs, using the most significant SNP as the first candidate
rs10483727 First SNP
p-value: 3.915127094463e-135
--------------------------------
1 36527 0
rs2160077 Screened SNP with the most significant conditional pC
Conditional min pC: 9.963918592571e-126
Joint b, se, max pJ: -0.031481602726 0.001321554342 9.963918592571e-126
rs2160077 New candidate SNP accepted
iter 1 finished
--------------------------------
2 36526 0
rs862057 Screened SNP with the most significant conditional pC
Conditional min pC: 6.556612670441e-115
Joint b, se, max pJ: -0.031054399218 0.001364791332 6.556612670441e-115
rs862057 New candidate SNP accepted
iter 2 finished
--------------------------------
3 36525 0
rs1950500 Screened SNP with the most significant conditional pC
Conditional min pC: 1.674697511751e-94
Joint b, se, max pJ: 0.029046507696 0.001410685464 1.674697511751e-94
rs1950500 New candidate SNP accepted
iter 3 finished
--------------------------------
4 36524 0
rs12885234 Screened SNP with the most significant conditional pC
Conditional min pC: 6.993883340832e-84
Joint b, se, max pJ: -0.027257312048 0.001407235735 6.993883340833e-84
rs12885234 New candidate SNP accepted
iter 4 finished
--------------------------------
5 36523 0
rs11431 Screened SNP with the most significant conditional pC
Conditional min pC: 8.569672103589e-53
Joint b, se, max pJ: -0.020374870862 0.001336213165 8.459270963175e-53
rs11431 New candidate SNP accepted
iter 5 finished
--------------------------------
6 36522 0
rs11158577 Screened SNP with the most significant conditional pC
Conditional min pC: 3.430214984887e-51
Joint b, se, max pJ: -0.020279105968 0.001351505723 3.413572284498e-51
rs11158577 New candidate SNP accepted
iter 6 finished
--------------------------------
7 36521 0
rs11627650 Screened SNP with the most significant conditional pC
Conditional min pC: 6.743108888415e-45
Joint b, se, max pJ: 0.018923089957 0.001345183993 3.016987468632e-45
rs11627650 New candidate SNP accepted
iter 7 finished
--------------------------------
8 36520 0
rs8017130 Screened SNP with the most significant conditional pC
Conditional min pC: 5.755161227212e-44
Joint b, se, max pJ: -0.019918370004 0.001437322217 5.692331388423e-44
rs8017130 New candidate SNP accepted
iter 8 finished
--------------------------------
9 36519 0
rs942024 Screened SNP with the most significant conditional pC
Conditional min pC: 6.916118587270e-44
Joint b, se, max pJ: -0.020290477620 0.001465333740 6.631763760064e-44
rs942024 New candidate SNP accepted
iter 9 finished
--------------------------------
10 36518 0
rs1043542 Screened SNP with the most significant conditional pC
Conditional min pC: 1.652797333935e-42
Joint b, se, max pJ: 0.019343752280 0.001420857856 1.650124762883e-42
rs1043542 New candidate SNP accepted
iter 10 finished
--------------------------------
11 36517 0
rs10131337 Screened SNP with the most significant conditional pC
Conditional min pC: 3.959514568602e-42
Joint b, se, max pJ: 0.021451824545 0.001583156168 3.959514568602e-42
rs10131337 New candidate SNP accepted
iter 11 finished
--------------------------------
12 36516 0
rs1274643 Screened SNP with the most significant conditional pC
Conditional min pC: 3.355529413424e-41
Joint b, se, max pJ: -0.024699800304 0.001844125683 3.287697673433e-41
rs1274643 New candidate SNP accepted
iter 12 finished
--------------------------------
13 36515 0
rs17617994 Screened SNP with the most significant conditional pC
Conditional min pC: 2.597686038921e-38
Joint b, se, max pJ: -0.024699800304 0.001844125683 3.287697673433e-41
rs17617994 New candidate SNP accepted
iter 13 finished
--------------------------------
14 36514 0
rs1547088 Screened SNP with the most significant conditional pC
Conditional min pC: 3.126697927504e-36
Joint b, se, max pJ: 0.017480903627 0.001396668236 3.046107884543e-36
rs1547088 New candidate SNP accepted
iter 14 finished
--------------------------------
15 36513 0
rs2359362 Screened SNP with the most significant conditional pC
Conditional min pC: 3.342355798382e-36
Joint b, se, max pJ: 0.017479525574 0.001396668391 3.084250986050e-36
rs2359362 New candidate SNP accepted
iter 15 finished
--------------------------------
16 36512 0
rs4903350 Screened SNP with the most significant conditional pC
Conditional min pC: 1.066866699135e-35
Joint b, se, max pJ: 0.024517970547 0.001974517219 1.054087068199e-35
rs4903350 New candidate SNP accepted
iter 16 finished
--------------------------------
17 36511 0
rs1169032 Screened SNP with the most significant conditional pC
Conditional min pC: 1.453461850795e-33
Joint b, se, max pJ: 0.017534371792 0.001459068076 1.437446821100e-33
rs1169032 New candidate SNP accepted
iter 17 finished
--------------------------------
18 36510 0
rs17197114 Screened SNP with the most significant conditional pC
Conditional min pC: 6.919938776229e-32
Joint b, se, max pJ: 0.022220847547 0.001900304033 6.895111964014e-32
rs17197114 New candidate SNP accepted
iter 18 finished
--------------------------------
19 36509 0
rs2402076 Screened SNP with the most significant conditional pC
Conditional min pC: 2.209176508560e-29
Joint b, se, max pJ: 0.014866898928 0.001327421751 2.042566315696e-29
rs2402076 New candidate SNP accepted
iter 19 finished
--------------------------------
20 36508 0
rs2759409 Screened SNP with the most significant conditional pC
Conditional min pC: 3.237085100648e-26
Joint b, se, max pJ: -0.017009259901 0.001610759135 2.288699873698e-26
rs2759409 New candidate SNP accepted
iter 20 finished
--------------------------------
21 36507 0
rs811133 Screened SNP with the most significant conditional pC
Conditional min pC: 1.153064244998e-23
Joint b, se, max pJ: -0.016106749692 0.001616541809 1.098565273875e-23
rs811133 New candidate SNP accepted
iter 21 finished
--------------------------------
22 36506 0
rs1958644 Screened SNP with the most significant conditional pC
Conditional min pC: 1.813215803660e-23
Joint b, se, max pJ: -0.014202191931 0.001429859574 1.501933135363e-23
rs1958644 New candidate SNP accepted
iter 22 finished
--------------------------------
23 36505 0
rs7156625 Screened SNP with the most significant conditional pC
Conditional min pC: 4.473817490224e-23
Joint b, se, max pJ: 0.015500961605 0.001577812670 4.422756677168e-23
rs7156625 New candidate SNP accepted
iter 23 finished
--------------------------------
24 36504 0
rs10136055 Screened SNP with the most significant conditional pC
Conditional min pC: 8.957593261897e-23
Joint b, se, max pJ: 0.019105808836 0.001958621801 8.804225508658e-23
rs10136055 New candidate SNP accepted
iter 24 finished
--------------------------------
25 36503 0
rs1952151 Screened SNP with the most significant conditional pC
Conditional min pC: 1.262735728477e-22
Joint b, se, max pJ: -0.012851504545 0.001322267702 1.247564025125e-22
rs1952151 New candidate SNP accepted
iter 25 finished
--------------------------------
26 36502 0
rs3742652 Screened SNP with the most significant conditional pC
Conditional min pC: 2.678905527339e-22
Joint b, se, max pJ: -0.021342099005 0.002203072557 1.705098186940e-22
rs3742652 New candidate SNP accepted
iter 26 finished
--------------------------------
27 36501 0
rs17751837 Screened SNP with the most significant conditional pC
Conditional min pC: 1.189993487297e-21
Joint b, se, max pJ: 0.021998868698 0.002318474846 1.171815244581e-21
rs17751837 New candidate SNP accepted
iter 27 finished
--------------------------------
28 36500 0
rs7147840 Screened SNP with the most significant conditional pC
Conditional min pC: 1.611061231744e-21
Joint b, se, max pJ: 0.021998868698 0.002318474846 1.171815244581e-21
rs7147840 New candidate SNP accepted
iter 28 finished
--------------------------------
29 36499 0
rs10131378 Screened SNP with the most significant conditional pC
Conditional min pC: 1.890214614590e-21
Joint b, se, max pJ: -0.016252650852 0.001721161145 1.814033544257e-21
rs10131378 New candidate SNP accepted
iter 29 finished
--------------------------------
30 36498 0
rs223116 Screened SNP with the most significant conditional pC
Conditional min pC: 2.248930224531e-20
Joint b, se, max pJ: -0.013774760227 0.001500000423 2.092901525144e-20
rs223116 New candidate SNP accepted
iter 30 finished
--------------------------------
31 36497 0
rs893516 Screened SNP with the most significant conditional pC
Conditional min pC: 6.971763484135e-20
Joint b, se, max pJ: -0.012955602194 0.001429305552 6.272441431079e-20
rs893516 New candidate SNP accepted
iter 31 finished
--------------------------------
32 36496 0
rs1299015 Screened SNP with the most significant conditional pC
Conditional min pC: 7.579488844152e-20
Joint b, se, max pJ: 0.012844704007 0.001420121061 7.497306283252e-20
rs1299015 New candidate SNP accepted
iter 32 finished
--------------------------------
33 36495 0
rs1152594 Screened SNP with the most significant conditional pC
Conditional min pC: 3.936384225037e-19
Joint b, se, max pJ: -0.012244431564 0.001377790267 3.138856572080e-19
rs1152594 New candidate SNP accepted
iter 33 finished
--------------------------------
34 36494 0
rs7155649 Screened SNP with the most significant conditional pC
Conditional min pC: 9.661155691029e-19
Joint b, se, max pJ: 0.016024852857 0.001828737768 9.523453175004e-19
rs7155649 New candidate SNP accepted
iter 34 finished
--------------------------------
35 36493 0
rs910507 Screened SNP with the most significant conditional pC
Conditional min pC: 1.272370662477e-18
Joint b, se, max pJ: 0.011716374322 0.001341347309 1.220648633719e-18
rs910507 New candidate SNP accepted
iter 35 finished
--------------------------------
36 36492 0
rs7202 Screened SNP with the most significant conditional pC
Conditional min pC: 1.257271977778e-17
Joint b, se, max pJ: -0.012523802895 0.001478136863 1.198898456060e-17
rs7202 New candidate SNP accepted
iter 36 finished
--------------------------------
37 36491 0
rs7155616 Screened SNP with the most significant conditional pC
Conditional min pC: 6.138745386115e-17
Joint b, se, max pJ: -0.012523802895 0.001478136863 1.198898456060e-17
rs7155616 New candidate SNP accepted
iter 37 finished
--------------------------------
38 36490 0
rs7144204 Screened SNP with the most significant conditional pC
Conditional min pC: 6.347096310741e-17
Joint b, se, max pJ: 0.011816122715 0.001426799432 6.078688055860e-17
rs7144204 New candidate SNP accepted
iter 38 finished
--------------------------------
39 36489 0
rs1057035 Screened SNP with the most significant conditional pC
Conditional min pC: 1.612555049513e-15
Joint b, se, max pJ: 0.012009012387 0.001523367250 1.595477657057e-15
rs1057035 New candidate SNP accepted
iter 39 finished
--------------------------------
40 36488 0
rs7140546 Screened SNP with the most significant conditional pC
Conditional min pC: 4.746280712465e-15
Joint b, se, max pJ: -0.012147931222 0.001567082044 4.524838478305e-15
rs7140546 New candidate SNP accepted
iter 40 finished
--------------------------------
41 36487 0
rs696 Screened SNP with the most significant conditional pC
Conditional min pC: 7.413008231501e-15
Joint b, se, max pJ: -0.012147931222 0.001567082044 4.524838478305e-15
rs696 New candidate SNP accepted
iter 41 finished
--------------------------------
42 36486 0
rs10467770 Screened SNP with the most significant conditional pC
Conditional min pC: 9.137662099510e-15
Joint b, se, max pJ: -0.011557443296 0.001497169829 5.838097633260e-15
rs10467770 New candidate SNP accepted
iter 42 finished
--------------------------------
43 36485 0
rs2064695 Screened SNP with the most significant conditional pC
Conditional min pC: 2.013284339884e-14
Joint b, se, max pJ: -0.010205382552 0.001345147709 1.639363461492e-14
rs2064695 New candidate SNP accepted
iter 43 finished
--------------------------------
44 36484 0
rs10133272 Screened SNP with the most significant conditional pC
Conditional min pC: 2.785189272010e-14
Joint b, se, max pJ: -0.010205825429 0.001345147741 1.635207099545e-14
rs10133272 New candidate SNP accepted
iter 44 finished
--------------------------------
45 36483 0
rs1951887 Screened SNP with the most significant conditional pC
Conditional min pC: 2.820078047254e-14
Joint b, se, max pJ: -0.010172274626 0.001345160938 1.982691169146e-14
rs1951887 New candidate SNP accepted
iter 45 finished
--------------------------------
46 36482 0
rs11622835 Screened SNP with the most significant conditional pC
Conditional min pC: 5.892339646636e-14
Joint b, se, max pJ: -0.010172274626 0.001345160938 1.982691169146e-14
rs11622835 New candidate SNP accepted
iter 46 finished
--------------------------------
47 36481 0
rs4905030 Screened SNP with the most significant conditional pC
Conditional min pC: 1.274773329724e-13
Joint b, se, max pJ: 0.010848356517 0.001479566647 1.132721588720e-13
rs4905030 New candidate SNP accepted
iter 47 finished
--------------------------------
48 36480 0
rs1956002 Screened SNP with the most significant conditional pC
Conditional min pC: 1.345354375983e-12
Joint b, se, max pJ: 0.011884295360 0.001699262874 1.337746762911e-12
rs1956002 New candidate SNP accepted
iter 48 finished
--------------------------------
49 36479 0
rs11844169 Screened SNP with the most significant conditional pC
Conditional min pC: 2.120926674024e-12
Joint b, se, max pJ: 0.009362159395 0.001350916135 2.100786204301e-12
rs11844169 New candidate SNP accepted
iter 49 finished
--------------------------------
50 36478 0
rs3825569 Screened SNP with the most significant conditional pC
Conditional min pC: 3.789861019205e-12
Joint b, se, max pJ: 0.009163125055 0.001337426909 3.658862076407e-12
rs3825569 New candidate SNP accepted
iter 50 finished
--------------------------------
51 36477 0
rs8005319 Screened SNP with the most significant conditional pC
Conditional min pC: 3.937999353793e-12
Joint b, se, max pJ: 0.009163125055 0.001337426909 3.658862076407e-12
rs8005319 New candidate SNP accepted
iter 51 finished
--------------------------------
52 36476 0
rs6573522 Screened SNP with the most significant conditional pC
Conditional min pC: 3.344897233652e-14
Joint b, se, max pJ: 0.009163125055 0.001337426909 3.658862076407e-12
rs6573522 New candidate SNP accepted
iter 52 finished
--------------------------------
53 36475 0
rs13379337 Screened SNP with the most significant conditional pC
Conditional min pC: 8.315334980946e-12
Joint b, se, max pJ: 0.009035921673 0.001340927619 7.998181402035e-12
rs13379337 New candidate SNP accepted
iter 53 finished
--------------------------------
54 36474 0
rs12878084 Screened SNP with the most significant conditional pC
Conditional min pC: 1.297916232148e-11
Joint b, se, max pJ: 0.009035902248 0.001340927619 7.998978745424e-12
rs12878084 New candidate SNP accepted
iter 54 finished
--------------------------------
55 36473 0
rs856211 Screened SNP with the most significant conditional pC
Conditional min pC: 1.360107225775e-11
Joint b, se, max pJ: 0.015404220404 0.002295247681 9.641313360615e-12
rs856211 New candidate SNP accepted
iter 55 finished
--------------------------------
56 36472 0
rs2348075 Screened SNP with the most significant conditional pC
Conditional min pC: 4.737048969872e-12
Joint b, se, max pJ: 0.009035902248 0.001340927619 7.998978745424e-12
rs2348075 New candidate SNP accepted
iter 56 finished
--------------------------------
57 36471 0
rs999737 Screened SNP with the most significant conditional pC
Conditional min pC: 1.773224898328e-11
Joint b, se, max pJ: 0.010769606421 0.001611766111 1.179587296255e-11
rs999737 New candidate SNP accepted
iter 57 finished
--------------------------------
58 36470 0
rs12892577 Screened SNP with the most significant conditional pC
Conditional min pC: 1.981276104032e-11
Joint b, se, max pJ: 0.018534989233 0.002805254181 1.957747498321e-11
rs12892577 New candidate SNP accepted
iter 58 finished
--------------------------------
59 36469 0
rs10134660 Screened SNP with the most significant conditional pC
Conditional min pC: 2.989124148851e-11
Joint b, se, max pJ: -0.010475013283 0.001600365710 2.967071127630e-11
rs10134660 New candidate SNP accepted
iter 59 finished
--------------------------------
60 36468 0
rs12147363 Screened SNP with the most significant conditional pC
Conditional min pC: 4.363258754971e-11
Joint b, se, max pJ: 0.022752587212 0.003495115588 3.761946178945e-11
rs12147363 New candidate SNP accepted
iter 60 finished
--------------------------------
61 36467 0
rs8018657 Screened SNP with the most significant conditional pC
Conditional min pC: 4.707151819775e-11
Joint b, se, max pJ: 0.022752587212 0.003495115588 3.761946178945e-11
rs8018657 New candidate SNP accepted
iter 61 finished
--------------------------------
62 36466 0
rs12717559 Screened SNP with the most significant conditional pC
Conditional min pC: 9.463990053303e-11
Joint b, se, max pJ: -0.009837509776 0.001527649925 5.988009821928e-11
rs12717559 New candidate SNP accepted
iter 62 finished
--------------------------------
63 36465 0
rs12891613 Screened SNP with the most significant conditional pC
Conditional min pC: 1.851763205992e-10
Joint b, se, max pJ: 0.012774794855 0.002035526956 1.737916392242e-10
rs12891613 New candidate SNP accepted
iter 63 finished
--------------------------------
64 36464 0
rs12895416 Screened SNP with the most significant conditional pC
Conditional min pC: 2.700689308019e-10
Joint b, se, max pJ: -0.008778982272 0.001404680582 2.054803456017e-10
rs12895416 New candidate SNP accepted
iter 64 finished
--------------------------------
65 36463 0
rs4322591 Screened SNP with the most significant conditional pC
Conditional min pC: 8.993961409848e-11
Joint b, se, max pJ: 0.012774794855 0.002035526956 1.737916392242e-10
rs4322591 New candidate SNP accepted
iter 65 finished
--------------------------------
66 36462 0
rs4981508 Screened SNP with the most significant conditional pC
Conditional min pC: 3.341427676130e-10
Joint b, se, max pJ: 0.012813366677 0.002035558139 1.539297599055e-10
rs4981508 New candidate SNP accepted
iter 66 finished
--------------------------------
67 36461 0
rs2144490 Screened SNP with the most significant conditional pC
Conditional min pC: 5.221029696146e-10
Joint b, se, max pJ: 0.012713722149 0.002036793856 2.159682460508e-10
rs2144490 New candidate SNP accepted
iter 67 finished
--------------------------------
68 36460 0
rs1713420 Screened SNP with the most significant conditional pC
Conditional min pC: 5.574657420545e-10
Joint b, se, max pJ: -0.009785065443 0.001605849763 5.527289303823e-10
rs1713420 New candidate SNP accepted
iter 68 finished
--------------------------------
69 36459 0
rs11629105 Screened SNP with the most significant conditional pC
Conditional min pC: 6.074381994228e-10
Joint b, se, max pJ: -0.009814896622 0.001605873078 4.923343770159e-10
rs11629105 New candidate SNP accepted
iter 69 finished
--------------------------------
70 36458 0
rs8018966 Screened SNP with the most significant conditional pC
Conditional min pC: 6.319852814754e-10
Joint b, se, max pJ: 0.008174968867 0.001345418545 6.154999905513e-10
rs8018966 New candidate SNP accepted
iter 70 finished
--------------------------------
71 36457 0
rs926144 Screened SNP with the most significant conditional pC
Conditional min pC: 5.418698448752e-10
Joint b, se, max pJ: 0.008197723775 0.001345584170 5.564441301748e-10
rs926144 New candidate SNP accepted
iter 71 finished
--------------------------------
72 36456 0
rs2803937 Screened SNP with the most significant conditional pC
Conditional min pC: 7.720303724160e-10
Joint b, se, max pJ: 0.010739374900 0.001777611450 7.636122469505e-10
rs2803937 New candidate SNP accepted
iter 72 finished
--------------------------------
73 36455 0
rs2878172 Screened SNP with the most significant conditional pC
Conditional min pC: 7.884147909503e-10
Joint b, se, max pJ: 0.010739374900 0.001777611450 7.636122469505e-10
rs2878172 New candidate SNP accepted
iter 73 finished
--------------------------------
74 36454 0
rs2295174 Screened SNP with the most significant conditional pC
Conditional min pC: 8.890322118795e-10
Joint b, se, max pJ: 0.010739374900 0.001777611450 7.636122469505e-10
rs2295174 New candidate SNP accepted
iter 74 finished
--------------------------------
75 36453 0
rs4899329 Screened SNP with the most significant conditional pC
Conditional min pC: 9.184897693622e-10
Joint b, se, max pJ: 0.010739374900 0.001777611450 7.636122469505e-10
rs4899329 New candidate SNP accepted
iter 75 finished
--------------------------------
76 36452 0
rs8017072 Screened SNP with the most significant conditional pC
Conditional min pC: 9.836937126254e-10
Joint b, se, max pJ: 0.008191426180 0.001363224268 9.341516725084e-10
rs8017072 New candidate SNP accepted
iter 76 finished
--------------------------------
77 36451 0
rs17125944 Screened SNP with the most significant conditional pC
Conditional min pC: 1.008999363469e-09
Joint b, se, max pJ: 0.013959110269 0.002326248829 9.823722572453e-10
rs17125944 New candidate SNP accepted
iter 77 finished
--------------------------------
78 36450 0
rs7157734 Screened SNP with the most significant conditional pC
Conditional min pC: 2.354771784664e-09
Joint b, se, max pJ: -0.008549916042 0.001446804699 1.715567969650e-09
rs7157734 New candidate SNP accepted
iter 78 finished
--------------------------------
79 36449 0
rs932257 Screened SNP with the most significant conditional pC
Conditional min pC: 2.664975562422e-09
Joint b, se, max pJ: -0.009355810440 0.001590865856 2.039530861089e-09
rs932257 New candidate SNP accepted
iter 79 finished
--------------------------------
80 36448 0
rs11628716 Screened SNP with the most significant conditional pC
Conditional min pC: 2.677568992150e-09
Joint b, se, max pJ: -0.007922738343 0.001357086862 2.640795986002e-09
rs11628716 New candidate SNP accepted
iter 80 finished
--------------------------------
81 36447 0
rs12884607 Screened SNP with the most significant conditional pC
Conditional min pC: 3.448402476523e-09
Joint b, se, max pJ: -0.007922616950 0.001357086863 2.642213816665e-09
rs12884607 New candidate SNP accepted
iter 81 finished
--------------------------------
82 36446 0
rs11626451 Screened SNP with the most significant conditional pC
Conditional min pC: 3.735467587991e-09
Joint b, se, max pJ: -0.008990694778 0.001554232727 3.633139101469e-09
rs11626451 New candidate SNP accepted
iter 82 finished
--------------------------------
83 36445 0
rs7143565 Screened SNP with the most significant conditional pC
Conditional min pC: 3.985088235009e-09
Joint b, se, max pJ: 0.007786322598 0.001348818062 3.900553389985e-09
rs7143565 New candidate SNP accepted
iter 83 finished
--------------------------------
84 36444 0
rs17256902 Screened SNP with the most significant conditional pC
Conditional min pC: 4.089881000689e-09
Joint b, se, max pJ: 0.007786322598 0.001348818062 3.900553389985e-09
rs17256902 New candidate SNP accepted
iter 84 finished
--------------------------------
85 36443 0
rs1548243 Screened SNP with the most significant conditional pC
Conditional min pC: 6.448516679856e-09
Joint b, se, max pJ: 0.007634641657 0.001341335360 6.284554935919e-09
rs1548243 New candidate SNP accepted
iter 85 finished
--------------------------------
86 36442 0
rs4901511 Screened SNP with the most significant conditional pC
Conditional min pC: 6.536783769676e-09
Joint b, se, max pJ: 0.007634660896 0.001341335360 6.284026942618e-09
rs4901511 New candidate SNP accepted
iter 86 finished
--------------------------------
87 36441 0
rs10142069 Screened SNP with the most significant conditional pC
Conditional min pC: 7.137875375306e-09
Joint b, se, max pJ: 0.009019442421 0.001590454504 7.098973154432e-09
rs10142069 New candidate SNP accepted
iter 87 finished
--------------------------------
88 36440 0
rs8015845 Screened SNP with the most significant conditional pC
Conditional min pC: 7.552609161728e-09
Joint b, se, max pJ: -0.008398649719 0.001483575182 7.520811369276e-09
rs8015845 New candidate SNP accepted
iter 88 finished
--------------------------------
89 36439 0
rs1190815 Screened SNP with the most significant conditional pC
Conditional min pC: 8.116305705185e-09
Joint b, se, max pJ: 0.008996537837 0.001590464871 7.722476077461e-09
rs1190815 New candidate SNP accepted
iter 89 finished
--------------------------------
90 36438 0
rs935728 Screened SNP with the most significant conditional pC
Conditional min pC: 9.084728957162e-09
Joint b, se, max pJ: 0.008200324237 0.001454070570 8.524057330635e-09
rs935728 New candidate SNP accepted
iter 90 finished
--------------------------------
91 36437 0
rs8022455 Screened SNP with the most significant conditional pC
Conditional min pC: 9.654811821479e-09
Joint b, se, max pJ: -0.007496500605 0.001333742966 9.512090829775e-09
rs8022455 New candidate SNP accepted
iter 91 finished
--------------------------------
92 36436 0
rs10137188 Screened SNP with the most significant conditional pC
Conditional min pC: 1.175616169792e-08
Joint b, se, max pJ: -0.007496500297 0.001333742966 9.512103569090e-09
rs10137188 New candidate SNP accepted
iter 92 finished
--------------------------------
93 36435 0
rs1033845 Screened SNP with the most significant conditional pC
Conditional min pC: 1.264769976822e-08
Joint b, se, max pJ: 0.008955437074 0.001603350714 1.165471594488e-08
rs1033845 New candidate SNP accepted
iter 93 finished
--------------------------------
94 36434 0
rs17731311 Screened SNP with the most significant conditional pC
Conditional min pC: 1.860279126783e-08
Joint b, se, max pJ: -0.007341586219 0.001326393675 1.556160333938e-08
rs17731311 New candidate SNP accepted
iter 94 finished
--------------------------------
95 36433 0
rs715463 Screened SNP with the most significant conditional pC
Conditional min pC: 1.942284636141e-08
Joint b, se, max pJ: -0.007341531470 0.001326393675 1.556526861381e-08
rs715463 New candidate SNP accepted
iter 95 finished
--------------------------------
96 36432 0
rs12887495 Screened SNP with the most significant conditional pC
Conditional min pC: 2.875558559014e-08
Joint b, se, max pJ: -0.013912980646 0.002562057060 2.811480147904e-08
rs12887495 New candidate SNP accepted
iter 96 finished
--------------------------------
97 36431 0
rs35590487 Screened SNP with the most significant conditional pC
Conditional min pC: 3.146071524732e-08
Joint b, se, max pJ: 0.008797755418 0.001624462798 3.050870819689e-08
rs35590487 New candidate SNP accepted
iter 97 finished
--------------------------------
98 36430 0
rs2236316 Screened SNP with the most significant conditional pC
Conditional min pC: 4.125381620877e-08
Joint b, se, max pJ: -0.008250325989 0.001538133467 4.073199244710e-08
rs2236316 New candidate SNP accepted
iter 98 finished
--------------------------------
99 36429 0
rs3818279 Screened SNP with the most significant conditional pC
Conditional min pC: 4.136986310527e-08
Joint b, se, max pJ: -0.008250325987 0.001538133467 4.073199263181e-08
rs3818279 New candidate SNP accepted
iter 99 finished
--------------------------------
100 36428 0
rs11624049 Screened SNP with the most significant conditional pC
Conditional min pC: 3.680181601088e-08
Joint b, se, max pJ: -0.008250325988 0.001538133467 4.073199260589e-08
rs11624049 New candidate SNP accepted
iter 100 finished
--------------------------------
101 36427 0
Warning: Calculation finished, NoNewSNP-aboveSigThreshold
rs2300875 5.101165790651e-08
iter 101 finished
--------------------------------
Results saved into [/users/visscher-wray/agg287/R_to_Cplusplus/results_1015_macojo_gcta/Height/chr14.jma.cojo]

MDISA for Cohort 1
101 36427 0
rs3809393 Screened SNP with the most significant conditional pC
Conditional min pC: 2.107279634984e-09
Joint b, se, max pJ: -0.006849699529 0.001377390626 3.297024136599e-07
rs3809393 skipped, fixed candidate SNP exceeds p-value threshold
rs2300875 Screened SNP with the most significant conditional pC
Conditional min pC: 3.546287919906e-09
Joint b, se, max pJ: -0.006849699454 0.001377390626 3.297025062411e-07
rs2300875 skipped, fixed candidate SNP exceeds p-value threshold
rs1998056 Screened SNP with the most significant conditional pC
Conditional min pC: 9.807053393454e-09
Joint b, se, max pJ: -0.006843058056 0.001377391012 3.380076281054e-07
rs1998056 skipped, fixed candidate SNP exceeds p-value threshold
rs2761887 Screened SNP with the most significant conditional pC
Conditional min pC: 1.012814990088e-08
Joint b, se, max pJ: -0.006849700337 0.001377390626 3.297014159865e-07
rs2761887 skipped, fixed candidate SNP exceeds p-value threshold
Warning: Calculation finished, NoNewSNP-aboveSigThreshold
rs12586812 5.063369533834e-08
iter 0 finished
--------------------------------
Results saved into [/users/visscher-wray/agg287/R_to_Cplusplus/results_1015_macojo_gcta/Height/chr14.MDISA.cohort1.jma.cojo]

MDISA for Cohort 2
101 36427 0
Warning: Calculation finished, NoNewSNP-aboveSigThreshold
rs17103681 2.469670625237e-07
iter 0 finished
--------------------------------
Results saved into [/users/visscher-wray/agg287/R_to_Cplusplus/results_1015_macojo_gcta/Height/chr14.MDISA.cohort2.jma.cojo]

All calculations finished!
Total running time: 52.71 seconds
